/Users/alexmann/Library/Python/3.9/lib/python/site-packages/urllib3/__init__.py:35: NotOpenSSLWarning: urllib3 v2 only supports OpenSSL 1.1.1+, currently the 'ssl' module is compiled with 'LibreSSL 2.8.3'. See: https://github.com/urllib3/urllib3/issues/3020
  warnings.warn(
Processing New York Islanders at New York Rangers, ID: 4e02993a7f646b180cac388973533de5
Processing Tampa Bay Lightning at Winnipeg Jets, ID: 06c6d73790af669fd835d260b2a9c58d
Processing Seattle Kraken at Boston Bruins, ID: 7bd4c9727f57dfdd5a5b4a0abc76b23d
Processing Washington Capitals at Carolina Hurricanes, ID: 3ec5fc86216dc90261ab01649457f553
Processing Toronto Maple Leafs at Minnesota Wild, ID: 3d88d09b13b0fe74cf9992c9393008de
Processing Chicago Blackhawks at Anaheim Ducks, ID: 170c78ba0554e2705a26e2f7ece61921
Processing Edmonton Oilers at Calgary Flames, ID: 492aebc717ca9f614971c1d53897048b
Player: Blake Coleman
  Bookmaker: DraftKings, Over/Under: Over, Price: 2.3, Points: 2.5, Home Team: Calgary Flames, Away Team: Edmonton Oilers
  Bookmaker: DraftKings, Over/Under: Under, Price: 1.6, Points: 2.5, Home Team: Calgary Flames, Away Team: Edmonton Oilers
  Bookmaker: BetOnline.ag, Over/Under: Under, Price: 1.59, Points: 2.5, Home Team: Calgary Flames, Away Team: Edmonton Oilers
  Bookmaker: BetOnline.ag, Over/Under: Over, Price: 2.3, Points: 2.5, Home Team: Calgary Flames, Away Team: Edmonton Oilers
  Bookmaker: FanDuel, Over/Under: Over, Price: 2.2, Points: 2.5, Home Team: Calgary Flames, Away Team: Edmonton Oilers
  Bookmaker: FanDuel, Over/Under: Under, Price: 1.64, Points: 2.5, Home Team: Calgary Flames, Away Team: Edmonton Oilers
  Bookmaker: BetMGM, Over/Under: Over, Price: 2.25, Points: 2.5, Home Team: Calgary Flames, Away Team: Edmonton Oilers
  Bookmaker: BetMGM, Over/Under: Under, Price: 1.57, Points: 2.5, Home Team: Calgary Flames, Away Team: Edmonton Oilers
Player: Connor Zary
  Bookmaker: DraftKings, Over/Under: Over, Price: 1.71, Points: 1.5, Home Team: Calgary Flames, Away Team: Edmonton Oilers
  Bookmaker: DraftKings, Over/Under: Under, Price: 2.1, Points: 1.5, Home Team: Calgary Flames, Away Team: Edmonton Oilers
  Bookmaker: BetOnline.ag, Over/Under: Over, Price: 1.68, Points: 1.5, Home Team: Calgary Flames, Away Team: Edmonton Oilers
  Bookmaker: BetOnline.ag, Over/Under: Under, Price: 2.13, Points: 1.5, Home Team: Calgary Flames, Away Team: Edmonton Oilers
  Bookmaker: BetMGM, Over/Under: Over, Price: 1.69, Points: 1.5, Home Team: Calgary Flames, Away Team: Edmonton Oilers
  Bookmaker: BetMGM, Over/Under: Under, Price: 2.05, Points: 1.5, Home Team: Calgary Flames, Away Team: Edmonton Oilers
Player: Darnell Nurse
  Bookmaker: DraftKings, Over/Under: Over, Price: 2.3, Points: 2.5, Home Team: Calgary Flames, Away Team: Edmonton Oilers
  Bookmaker: DraftKings, Over/Under: Under, Price: 1.6, Points: 2.5, Home Team: Calgary Flames, Away Team: Edmonton Oilers
  Bookmaker: BetOnline.ag, Over/Under: Over, Price: 2.3, Points: 2.5, Home Team: Calgary Flames, Away Team: Edmonton Oilers
  Bookmaker: BetOnline.ag, Over/Under: Under, Price: 1.59, Points: 2.5, Home Team: Calgary Flames, Away Team: Edmonton Oilers
  Bookmaker: BetMGM, Over/Under: Over, Price: 2.25, Points: 2.5, Home Team: Calgary Flames, Away Team: Edmonton Oilers
  Bookmaker: BetMGM, Over/Under: Under, Price: 1.57, Points: 2.5, Home Team: Calgary Flames, Away Team: Edmonton Oilers
Player: Evan Bouchard
  Bookmaker: DraftKings, Over/Under: Over, Price: 1.69, Points: 2.5, Home Team: Calgary Flames, Away Team: Edmonton Oilers
  Bookmaker: DraftKings, Over/Under: Under, Price: 2.14, Points: 2.5, Home Team: Calgary Flames, Away Team: Edmonton Oilers
  Bookmaker: BetOnline.ag, Over/Under: Under, Price: 2.17, Points: 2.5, Home Team: Calgary Flames, Away Team: Edmonton Oilers
  Bookmaker: BetOnline.ag, Over/Under: Over, Price: 1.66, Points: 2.5, Home Team: Calgary Flames, Away Team: Edmonton Oilers
  Bookmaker: FanDuel, Over/Under: Over, Price: 1.68, Points: 2.5, Home Team: Calgary Flames, Away Team: Edmonton Oilers
  Bookmaker: FanDuel, Over/Under: Under, Price: 2.14, Points: 2.5, Home Team: Calgary Flames, Away Team: Edmonton Oilers
  Bookmaker: BetMGM, Over/Under: Over, Price: 1.65, Points: 2.5, Home Team: Calgary Flames, Away Team: Edmonton Oilers
  Bookmaker: BetMGM, Over/Under: Under, Price: 2.15, Points: 2.5, Home Team: Calgary Flames, Away Team: Edmonton Oilers
Player: Jeff Skinner
  Bookmaker: DraftKings, Over/Under: Over, Price: 1.8, Points: 2.5, Home Team: Calgary Flames, Away Team: Edmonton Oilers
  Bookmaker: DraftKings, Over/Under: Under, Price: 1.95, Points: 2.5, Home Team: Calgary Flames, Away Team: Edmonton Oilers
  Bookmaker: BetOnline.ag, Over/Under: Under, Price: 1.95, Points: 2.5, Home Team: Calgary Flames, Away Team: Edmonton Oilers
  Bookmaker: BetOnline.ag, Over/Under: Over, Price: 1.81, Points: 2.5, Home Team: Calgary Flames, Away Team: Edmonton Oilers
  Bookmaker: FanDuel, Over/Under: Over, Price: 1.8, Points: 2.5, Home Team: Calgary Flames, Away Team: Edmonton Oilers
  Bookmaker: FanDuel, Over/Under: Under, Price: 1.96, Points: 2.5, Home Team: Calgary Flames, Away Team: Edmonton Oilers
  Bookmaker: BetMGM, Over/Under: Over, Price: 1.8, Points: 2.5, Home Team: Calgary Flames, Away Team: Edmonton Oilers
  Bookmaker: BetMGM, Over/Under: Under, Price: 1.91, Points: 2.5, Home Team: Calgary Flames, Away Team: Edmonton Oilers
Player: Jonathan Huberdeau
  Bookmaker: DraftKings, Over/Under: Over, Price: 1.8, Points: 1.5, Home Team: Calgary Flames, Away Team: Edmonton Oilers
  Bookmaker: DraftKings, Over/Under: Under, Price: 1.95, Points: 1.5, Home Team: Calgary Flames, Away Team: Edmonton Oilers
  Bookmaker: BetOnline.ag, Over/Under: Over, Price: 1.81, Points: 1.5, Home Team: Calgary Flames, Away Team: Edmonton Oilers
  Bookmaker: BetOnline.ag, Over/Under: Under, Price: 1.95, Points: 1.5, Home Team: Calgary Flames, Away Team: Edmonton Oilers
  Bookmaker: BetMGM, Over/Under: Over, Price: 1.77, Points: 1.5, Home Team: Calgary Flames, Away Team: Edmonton Oilers
  Bookmaker: BetMGM, Over/Under: Under, Price: 1.95, Points: 1.5, Home Team: Calgary Flames, Away Team: Edmonton Oilers
Player: Leon Draisaitl
  Bookmaker: DraftKings, Over/Under: Over, Price: 1.69, Points: 2.5, Home Team: Calgary Flames, Away Team: Edmonton Oilers
  Bookmaker: DraftKings, Over/Under: Under, Price: 2.14, Points: 2.5, Home Team: Calgary Flames, Away Team: Edmonton Oilers
  Bookmaker: BetOnline.ag, Over/Under: Under, Price: 2.17, Points: 2.5, Home Team: Calgary Flames, Away Team: Edmonton Oilers
  Bookmaker: BetOnline.ag, Over/Under: Over, Price: 1.66, Points: 2.5, Home Team: Calgary Flames, Away Team: Edmonton Oilers
  Bookmaker: FanDuel, Over/Under: Over, Price: 1.64, Points: 2.5, Home Team: Calgary Flames, Away Team: Edmonton Oilers
  Bookmaker: FanDuel, Over/Under: Under, Price: 2.2, Points: 2.5, Home Team: Calgary Flames, Away Team: Edmonton Oilers
  Bookmaker: BetMGM, Over/Under: Over, Price: 1.67, Points: 2.5, Home Team: Calgary Flames, Away Team: Edmonton Oilers
  Bookmaker: BetMGM, Over/Under: Under, Price: 2.1, Points: 2.5, Home Team: Calgary Flames, Away Team: Edmonton Oilers
Player: MacKenzie Weegar
  Bookmaker: DraftKings, Over/Under: Over, Price: 2.05, Points: 2.5, Home Team: Calgary Flames, Away Team: Edmonton Oilers
  Bookmaker: DraftKings, Over/Under: Under, Price: 1.74, Points: 2.5, Home Team: Calgary Flames, Away Team: Edmonton Oilers
  Bookmaker: BetOnline.ag, Over/Under: Over, Price: 2.06, Points: 2.5, Home Team: Calgary Flames, Away Team: Edmonton Oilers
  Bookmaker: BetOnline.ag, Over/Under: Under, Price: 1.73, Points: 2.5, Home Team: Calgary Flames, Away Team: Edmonton Oilers
  Bookmaker: FanDuel, Over/Under: Over, Price: 2.08, Points: 2.5, Home Team: Calgary Flames, Away Team: Edmonton Oilers
  Bookmaker: FanDuel, Over/Under: Under, Price: 1.71, Points: 2.5, Home Team: Calgary Flames, Away Team: Edmonton Oilers
  Bookmaker: BetMGM, Over/Under: Over, Price: 2.0, Points: 2.5, Home Team: Calgary Flames, Away Team: Edmonton Oilers
  Bookmaker: BetMGM, Over/Under: Under, Price: 1.71, Points: 2.5, Home Team: Calgary Flames, Away Team: Edmonton Oilers
Player: Mattias Ekholm
  Bookmaker: DraftKings, Over/Under: Over, Price: 2.14, Points: 2.5, Home Team: Calgary Flames, Away Team: Edmonton Oilers
  Bookmaker: DraftKings, Over/Under: Under, Price: 1.69, Points: 2.5, Home Team: Calgary Flames, Away Team: Edmonton Oilers
  Bookmaker: BetOnline.ag, Over/Under: Under, Price: 1.68, Points: 2.5, Home Team: Calgary Flames, Away Team: Edmonton Oilers
  Bookmaker: BetOnline.ag, Over/Under: Over, Price: 2.13, Points: 2.5, Home Team: Calgary Flames, Away Team: Edmonton Oilers
  Bookmaker: FanDuel, Over/Under: Over, Price: 2.04, Points: 2.5, Home Team: Calgary Flames, Away Team: Edmonton Oilers
  Bookmaker: FanDuel, Over/Under: Under, Price: 1.74, Points: 2.5, Home Team: Calgary Flames, Away Team: Edmonton Oilers
  Bookmaker: BetMGM, Over/Under: Over, Price: 2.15, Points: 2.5, Home Team: Calgary Flames, Away Team: Edmonton Oilers
  Bookmaker: BetMGM, Over/Under: Under, Price: 1.65, Points: 2.5, Home Team: Calgary Flames, Away Team: Edmonton Oilers
Player: Mikael Backlund
  Bookmaker: DraftKings, Over/Under: Over, Price: 1.53, Points: 1.5, Home Team: Calgary Flames, Away Team: Edmonton Oilers
  Bookmaker: DraftKings, Over/Under: Under, Price: 2.45, Points: 1.5, Home Team: Calgary Flames, Away Team: Edmonton Oilers
  Bookmaker: BetOnline.ag, Over/Under: Over, Price: 1.52, Points: 1.5, Home Team: Calgary Flames, Away Team: Edmonton Oilers
  Bookmaker: BetOnline.ag, Over/Under: Under, Price: 2.45, Points: 1.5, Home Team: Calgary Flames, Away Team: Edmonton Oilers
  Bookmaker: FanDuel, Over/Under: Over, Price: 2.36, Points: 2.5, Home Team: Calgary Flames, Away Team: Edmonton Oilers
  Bookmaker: FanDuel, Over/Under: Under, Price: 1.56, Points: 2.5, Home Team: Calgary Flames, Away Team: Edmonton Oilers
  Bookmaker: BetMGM, Over/Under: Over, Price: 1.53, Points: 1.5, Home Team: Calgary Flames, Away Team: Edmonton Oilers
  Bookmaker: BetMGM, Over/Under: Under, Price: 2.4, Points: 1.5, Home Team: Calgary Flames, Away Team: Edmonton Oilers
Player: Nazem Kadri
  Bookmaker: DraftKings, Over/Under: Over, Price: 2.14, Points: 3.5, Home Team: Calgary Flames, Away Team: Edmonton Oilers
  Bookmaker: DraftKings, Over/Under: Under, Price: 1.69, Points: 3.5, Home Team: Calgary Flames, Away Team: Edmonton Oilers
  Bookmaker: BetOnline.ag, Over/Under: Under, Price: 1.65, Points: 3.5, Home Team: Calgary Flames, Away Team: Edmonton Oilers
  Bookmaker: BetOnline.ag, Over/Under: Over, Price: 2.18, Points: 3.5, Home Team: Calgary Flames, Away Team: Edmonton Oilers
  Bookmaker: FanDuel, Over/Under: Over, Price: 2.22, Points: 3.5, Home Team: Calgary Flames, Away Team: Edmonton Oilers
  Bookmaker: FanDuel, Over/Under: Under, Price: 1.62, Points: 3.5, Home Team: Calgary Flames, Away Team: Edmonton Oilers
  Bookmaker: BetMGM, Over/Under: Over, Price: 2.15, Points: 3.5, Home Team: Calgary Flames, Away Team: Edmonton Oilers
  Bookmaker: BetMGM, Over/Under: Under, Price: 1.65, Points: 3.5, Home Team: Calgary Flames, Away Team: Edmonton Oilers
Player: Rasmus Andersson
  Bookmaker: DraftKings, Over/Under: Over, Price: 1.65, Points: 1.5, Home Team: Calgary Flames, Away Team: Edmonton Oilers
  Bookmaker: DraftKings, Over/Under: Under, Price: 2.2, Points: 1.5, Home Team: Calgary Flames, Away Team: Edmonton Oilers
  Bookmaker: BetOnline.ag, Over/Under: Under, Price: 2.25, Points: 1.5, Home Team: Calgary Flames, Away Team: Edmonton Oilers
  Bookmaker: BetOnline.ag, Over/Under: Over, Price: 1.61, Points: 1.5, Home Team: Calgary Flames, Away Team: Edmonton Oilers
  Bookmaker: FanDuel, Over/Under: Over, Price: 1.59, Points: 1.5, Home Team: Calgary Flames, Away Team: Edmonton Oilers
  Bookmaker: FanDuel, Over/Under: Under, Price: 2.3, Points: 1.5, Home Team: Calgary Flames, Away Team: Edmonton Oilers
  Bookmaker: BetMGM, Over/Under: Over, Price: 1.62, Points: 1.5, Home Team: Calgary Flames, Away Team: Edmonton Oilers
  Bookmaker: BetMGM, Over/Under: Under, Price: 2.2, Points: 1.5, Home Team: Calgary Flames, Away Team: Edmonton Oilers
Player: Ryan Nugent-Hopkins
  Bookmaker: DraftKings, Over/Under: Over, Price: 1.51, Points: 1.5, Home Team: Calgary Flames, Away Team: Edmonton Oilers
  Bookmaker: DraftKings, Over/Under: Under, Price: 2.5, Points: 1.5, Home Team: Calgary Flames, Away Team: Edmonton Oilers
  Bookmaker: BetOnline.ag, Over/Under: Under, Price: 2.51, Points: 1.5, Home Team: Calgary Flames, Away Team: Edmonton Oilers
  Bookmaker: BetOnline.ag, Over/Under: Over, Price: 1.5, Points: 1.5, Home Team: Calgary Flames, Away Team: Edmonton Oilers
  Bookmaker: FanDuel, Over/Under: Over, Price: 2.54, Points: 2.5, Home Team: Calgary Flames, Away Team: Edmonton Oilers
  Bookmaker: FanDuel, Over/Under: Under, Price: 1.49, Points: 2.5, Home Team: Calgary Flames, Away Team: Edmonton Oilers
  Bookmaker: BetMGM, Over/Under: Over, Price: 1.5, Points: 1.5, Home Team: Calgary Flames, Away Team: Edmonton Oilers
  Bookmaker: BetMGM, Over/Under: Under, Price: 2.45, Points: 1.5, Home Team: Calgary Flames, Away Team: Edmonton Oilers
Player: Viktor Arvidsson
  Bookmaker: DraftKings, Over/Under: Over, Price: 1.69, Points: 2.5, Home Team: Calgary Flames, Away Team: Edmonton Oilers
  Bookmaker: DraftKings, Over/Under: Under, Price: 2.14, Points: 2.5, Home Team: Calgary Flames, Away Team: Edmonton Oilers
  Bookmaker: BetOnline.ag, Over/Under: Over, Price: 1.67, Points: 2.5, Home Team: Calgary Flames, Away Team: Edmonton Oilers
  Bookmaker: BetOnline.ag, Over/Under: Under, Price: 2.15, Points: 2.5, Home Team: Calgary Flames, Away Team: Edmonton Oilers
  Bookmaker: FanDuel, Over/Under: Over, Price: 1.68, Points: 2.5, Home Team: Calgary Flames, Away Team: Edmonton Oilers
  Bookmaker: FanDuel, Over/Under: Under, Price: 2.14, Points: 2.5, Home Team: Calgary Flames, Away Team: Edmonton Oilers
  Bookmaker: BetMGM, Over/Under: Over, Price: 1.67, Points: 2.5, Home Team: Calgary Flames, Away Team: Edmonton Oilers
  Bookmaker: BetMGM, Over/Under: Under, Price: 2.1, Points: 2.5, Home Team: Calgary Flames, Away Team: Edmonton Oilers
Player: Yegor Sharangovich
  Bookmaker: DraftKings, Over/Under: Over, Price: 2.5, Points: 2.5, Home Team: Calgary Flames, Away Team: Edmonton Oilers
  Bookmaker: DraftKings, Over/Under: Under, Price: 1.51, Points: 2.5, Home Team: Calgary Flames, Away Team: Edmonton Oilers
  Bookmaker: BetOnline.ag, Over/Under: Over, Price: 2.52, Points: 2.5, Home Team: Calgary Flames, Away Team: Edmonton Oilers
  Bookmaker: BetOnline.ag, Over/Under: Under, Price: 1.5, Points: 2.5, Home Team: Calgary Flames, Away Team: Edmonton Oilers
  Bookmaker: FanDuel, Over/Under: Over, Price: 2.42, Points: 2.5, Home Team: Calgary Flames, Away Team: Edmonton Oilers
  Bookmaker: FanDuel, Over/Under: Under, Price: 1.53, Points: 2.5, Home Team: Calgary Flames, Away Team: Edmonton Oilers
  Bookmaker: BetMGM, Over/Under: Over, Price: 2.45, Points: 2.5, Home Team: Calgary Flames, Away Team: Edmonton Oilers
  Bookmaker: BetMGM, Over/Under: Under, Price: 1.5, Points: 2.5, Home Team: Calgary Flames, Away Team: Edmonton Oilers
Player: Zach Hyman
  Bookmaker: DraftKings, Over/Under: Over, Price: 2.1, Points: 3.5, Home Team: Calgary Flames, Away Team: Edmonton Oilers
  Bookmaker: DraftKings, Over/Under: Under, Price: 1.71, Points: 3.5, Home Team: Calgary Flames, Away Team: Edmonton Oilers
  Bookmaker: BetOnline.ag, Over/Under: Under, Price: 1.69, Points: 3.5, Home Team: Calgary Flames, Away Team: Edmonton Oilers
  Bookmaker: BetOnline.ag, Over/Under: Over, Price: 2.12, Points: 3.5, Home Team: Calgary Flames, Away Team: Edmonton Oilers
  Bookmaker: FanDuel, Over/Under: Over, Price: 2.12, Points: 3.5, Home Team: Calgary Flames, Away Team: Edmonton Oilers
  Bookmaker: FanDuel, Over/Under: Under, Price: 1.68, Points: 3.5, Home Team: Calgary Flames, Away Team: Edmonton Oilers
  Bookmaker: BetMGM, Over/Under: Over, Price: 2.1, Points: 3.5, Home Team: Calgary Flames, Away Team: Edmonton Oilers
  Bookmaker: BetMGM, Over/Under: Under, Price: 1.69, Points: 3.5, Home Team: Calgary Flames, Away Team: Edmonton Oilers
Used requests: 24
Remaining requests: 476
/Users/alexmann/Library/Python/3.9/lib/python/site-packages/urllib3/__init__.py:35: NotOpenSSLWarning: urllib3 v2 only supports OpenSSL 1.1.1+, currently the 'ssl' module is compiled with 'LibreSSL 2.8.3'. See: https://github.com/urllib3/urllib3/issues/3020
  warnings.warn(
Fetching and storing player data with weights: x_10 = 5, x_2024 = 3, x_2023 = 2, x_2022 = 1
Using ledger: daily_ledger_scaled, model table: modelled_likelihoods
Found 228 players to model.
No valid game log data available for player ID: 8482702 before date 2024-11-02 for season 20222023.
Logan Stankoven has less than 60 GP.
No valid game log data available for player ID: 8482702 before date 2024-11-02 for season 20222023.
Logan Stankoven has less than 60 GP.
No valid game log data available for player ID: 8484387 before date 2024-11-02 for season 20232024.
No valid game log data available for player ID: 8484387 before date 2024-11-02 for season 20222023.
Matvei Michkov has less than 60 GP.
No valid game log data available for player ID: 8484387 before date 2024-11-02 for season 20232024.
No valid game log data available for player ID: 8484387 before date 2024-11-02 for season 20222023.
Matvei Michkov has less than 60 GP.
No valid game log data available for player ID: 8482511 before date 2024-11-02 for season 20222023.
Mason Lohrei has less than 60 GP.
No valid game log data available for player ID: 8482511 before date 2024-11-02 for season 20222023.
Mason Lohrei has less than 60 GP.
Brandt Clarke has less than 60 GP.
Brandt Clarke has less than 60 GP.
No valid game log data available for player ID: 8484166 before date 2024-11-02 for season 20222023.
Adam Fantilli has less than 60 GP.
No valid game log data available for player ID: 8484166 before date 2024-11-02 for season 20222023.
Adam Fantilli has less than 60 GP.
Jakub Vrana has less than 60 GP.
Jakub Vrana has less than 60 GP.
Player: Adam Fox, date: 2024-11-03, Under 1.5, Price: 2.3, Kelly Bet: 0.88%
Player: Alexis Lafrenière, date: 2024-11-03, Under 2.5, Price: 2.04, Kelly Bet: 3.39%
Player: Anders Lee, date: 2024-11-03, Under 2.5, Price: 2.24, Kelly Bet: 1.72%
Player: Artemi Panarin, date: 2024-11-03, Under 3.5, Price: 1.98, Kelly Bet: 1.76%
Player: Bo Horvat, date: 2024-11-03, Under 3.5, Price: 1.62, Kelly Bet: 1.31%
Player: Chris Kreider, date: 2024-11-03, Over 2.5, Price: 1.77, Kelly Bet: 0.01%
Player: Kyle Palmieri, date: 2024-11-03, Under 2.5, Price: 2.14, Kelly Bet: 2.80%
Player: Vincent Trocheck, date: 2024-11-03, Under 2.5, Price: 2.3, Kelly Bet: 3.28%
Player: Brayden Point, date: 2024-11-03, Under 2.5, Price: 2.02, Kelly Bet: 0.75%
Player: Cole Perfetti, date: 2024-11-03, Under 1.5, Price: 2.42, Kelly Bet: 0.41%
Player: Gabriel Vilardi, date: 2024-11-03, Under 2.5, Price: 1.68, Kelly Bet: 2.96%
Player: Jake Guentzel, date: 2024-11-03, Over 2.5, Price: 1.65, Kelly Bet: 2.74%
Player: Josh Morrissey, date: 2024-11-03, Under 2.5, Price: 1.76, Kelly Bet: 1.19%
Player: Neal Pionk, date: 2024-11-03, Under 1.5, Price: 2.32, Kelly Bet: 0.17%
Player: Nikolaj Ehlers, date: 2024-11-03, Under 2.5, Price: 2.36, Kelly Bet: 1.61%
Player: Victor Hedman, date: 2024-11-03, Under 2.5, Price: 1.79, Kelly Bet: 0.73%
Player: Brandon Montour, date: 2024-11-03, Over 2.5, Price: 1.88, Kelly Bet: 0.64%
Player: Charlie McAvoy, date: 2024-11-03, Under 1.5, Price: 2.12, Kelly Bet: 1.83%
Player: David Pastrnak, date: 2024-11-03, Over 3.5, Price: 1.62, Kelly Bet: 3.89%
Player: Jaden Schwartz, date: 2024-11-03, Over 1.5, Price: 1.83, Kelly Bet: 0.91%
Player: Jared McCann, date: 2024-11-03, Under 2.5, Price: 2.02, Kelly Bet: 1.03%
Player: Oliver Bjorkstrand, date: 2024-11-03, Over 1.5, Price: 1.61, Kelly Bet: 3.75%
Player: Pavel Zacha, date: 2024-11-03, Under 1.5, Price: 2.35, Kelly Bet: 0.21%
Player: Alex Ovechkin, date: 2024-11-03, Over 2.5, Price: 1.71, Kelly Bet: 5.60%
Player: Andrei Svechnikov, date: 2024-11-03, Under 3.5, Price: 1.69, Kelly Bet: 7.07%
Player: Connor McMichael, date: 2024-11-03, Under 1.5, Price: 2.22, Kelly Bet: 0.23%
Player: Dmitry Orlov, date: 2024-11-03, Under 1.5, Price: 2.05, Kelly Bet: 1.42%
Player: Dylan Strome, date: 2024-11-03, Over 1.5, Price: 1.71, Kelly Bet: 0.91%
Player: Jaccob Slavin, date: 2024-11-03, Under 1.5, Price: 2.14, Kelly Bet: 0.12%
Player: Martin Necas, date: 2024-11-03, Under 2.5, Price: 2.4, Kelly Bet: 1.09%
Player: Pierre-Luc Dubois, date: 2024-11-03, Over 1.5, Price: 2.0, Kelly Bet: 3.77%
Player: Sebastian Aho, date: 2024-11-03, Under 2.5, Price: 2.35, Kelly Bet: 1.60%
Player: Seth Jarvis, date: 2024-11-03, Under 2.5, Price: 1.83, Kelly Bet: 3.67%
Player: Shayne Gostisbehere, date: 2024-11-03, Under 1.5, Price: 2.47, Kelly Bet: 1.89%
Player: Tom Wilson, date: 2024-11-03, Over 1.5, Price: 1.51, Kelly Bet: 0.89%
Player: Bobby McMann, date: 2024-11-03, Over 1.5, Price: 1.65, Kelly Bet: 0.49%
Player: Joel Eriksson Ek, date: 2024-11-03, Over 2.5, Price: 1.68, Kelly Bet: 3.21%
Player: John Tavares, date: 2024-11-03, Over 3.5, Price: 2.3, Kelly Bet: 1.80%
Player: Kirill Kaprizov, date: 2024-11-03, Under 3.5, Price: 2.15, Kelly Bet: 1.74%
Player: Mats Zuccarello, date: 2024-11-03, Under 2.5, Price: 1.87, Kelly Bet: 0.62%
Player: Matt Boldy, date: 2024-11-03, Under 3.5, Price: 1.71, Kelly Bet: 2.24%
Player: Matthew Knies, date: 2024-11-03, Under 1.5, Price: 2.35, Kelly Bet: 3.53%
Player: Max Pacioretty, date: 2024-11-03, Under 2.5, Price: 1.53, Kelly Bet: 2.07%
Player: Oliver Ekman-Larsson, date: 2024-11-03, Under 1.5, Price: 2.1, Kelly Bet: 0.81%
Player: Ryan Hartman, date: 2024-11-03, Over 1.5, Price: 1.51, Kelly Bet: 1.80%
Player: William Nylander, date: 2024-11-03, Over 3.5, Price: 2.26, Kelly Bet: 2.86%
No valid game log data available for player ID: 8484144 before date 2024-11-03 for season 20222023.
Player: Connor Bedard, date: 2024-11-03, Under 3.5, Price: 1.62, Kelly Bet: 0.13%
No valid game log data available for player ID: 8484144 before date 2024-11-03 for season 20222023.
No valid game log data available for player ID: 8483445 before date 2024-11-03 for season 20222023.
Cutter Gauthier has less than 60 GP.
No valid game log data available for player ID: 8483445 before date 2024-11-03 for season 20222023.
Cutter Gauthier has less than 60 GP.
Player: Troy Terry, date: 2024-11-03, Under 2.5, Price: 1.8, Kelly Bet: 1.89%
Player: Frank Vatrano, date: 2024-11-03, Over 2.5, Price: 1.65, Kelly Bet: 0.70%
Player: Seth Jones, date: 2024-11-03, Under 2.5, Price: 1.88, Kelly Bet: 0.17%
Player: Tyler Bertuzzi, date: 2024-11-03, Under 2.5, Price: 1.62, Kelly Bet: 3.08%
Player: Craig Smith, date: 2024-11-03, Under 1.5, Price: 2.05, Kelly Bet: 2.74%
Player: Teuvo Teravainen, date: 2024-11-03, Under 2.5, Price: 1.53, Kelly Bet: 2.59%
Player: Nick Foligno, date: 2024-11-03, Under 1.5, Price: 2.2, Kelly Bet: 0.08%
No valid game log data available for player ID: 8484153 before date 2024-11-03 for season 20222023.
Player: Leo Carlsson, date: 2024-11-03, Under 2.5, Price: 1.5, Kelly Bet: 1.38%
No valid game log data available for player ID: 8484153 before date 2024-11-03 for season 20222023.
Player: Alex Killorn, date: 2024-11-03, Under 2.5, Price: 1.54, Kelly Bet: 0.27%
Player: Blake Coleman, date: 2024-11-03, Over 2.5, Price: 2.3, Kelly Bet: 0.69%
No valid game log data available for player ID: 8482074 before date 2024-11-03 for season 20222023.
Player: Connor Zary, date: 2024-11-03, Under 1.5, Price: 2.13, Kelly Bet: 1.56%
No valid game log data available for player ID: 8482074 before date 2024-11-03 for season 20222023.
Player: Evan Bouchard, date: 2024-11-03, Under 2.5, Price: 2.17, Kelly Bet: 3.87%
Player: Jeff Skinner, date: 2024-11-03, Over 2.5, Price: 1.81, Kelly Bet: 1.18%
Player: Leon Draisaitl, date: 2024-11-03, Under 2.5, Price: 2.2, Kelly Bet: 0.91%
Player: MacKenzie Weegar, date: 2024-11-03, Under 2.5, Price: 1.74, Kelly Bet: 0.44%
Player: Mattias Ekholm, date: 2024-11-03, Under 2.5, Price: 1.74, Kelly Bet: 2.59%
Player: Mikael Backlund, date: 2024-11-03, Over 1.5, Price: 1.53, Kelly Bet: 6.19%
Player: Viktor Arvidsson, date: 2024-11-03, Under 2.5, Price: 2.15, Kelly Bet: 0.06%
Python interpreter: /Users/alexmann/.pyenv/versions/3.9.16/bin/python3
Fetching and storing player data with weights: x_10 = 5, x_2024 = 3, x_2023 = 2, x_2022 = 1
Using ledger: daily_ledger_scaled, model table: modelled_likelihoods
Found 42 players to model.
No valid game log data available for player ID: 8482702 before date 2024-11-02 for season 20222023.
Logan Stankoven has less than 60 GP.
No valid game log data available for player ID: 8482702 before date 2024-11-02 for season 20222023.
Logan Stankoven has less than 60 GP.
No valid game log data available for player ID: 8484387 before date 2024-11-02 for season 20232024.
No valid game log data available for player ID: 8484387 before date 2024-11-02 for season 20222023.
Matvei Michkov has less than 60 GP.
No valid game log data available for player ID: 8484387 before date 2024-11-02 for season 20232024.
No valid game log data available for player ID: 8484387 before date 2024-11-02 for season 20222023.
Matvei Michkov has less than 60 GP.
No valid game log data available for player ID: 8482511 before date 2024-11-02 for season 20222023.
Mason Lohrei has less than 60 GP.
No valid game log data available for player ID: 8482511 before date 2024-11-02 for season 20222023.
Mason Lohrei has less than 60 GP.
Brandt Clarke has less than 60 GP.
Brandt Clarke has less than 60 GP.
No valid game log data available for player ID: 8484166 before date 2024-11-02 for season 20222023.
Adam Fantilli has less than 60 GP.
No valid game log data available for player ID: 8484166 before date 2024-11-02 for season 20222023.
Adam Fantilli has less than 60 GP.
Jakub Vrana has less than 60 GP.
Jakub Vrana has less than 60 GP.
No valid game log data available for player ID: 8483445 before date 2024-11-03 for season 20222023.
Cutter Gauthier has less than 60 GP.
No valid game log data available for player ID: 8483445 before date 2024-11-03 for season 20222023.
Cutter Gauthier has less than 60 GP.
CSV file modelled_likelihoods_2024-11-03.csv created at /Users/alexmann/Documents/Code_Learning/nhl_fromscratch/daily_odds/modelled_likelihoods_2024-11-03.csv.
WARNING: Sum of suggested bets for date 2024-11-02 is greater than bankroll.
WARNING: Scaling all suggested bets for date 2024-11-02 by 0.50 to reduce bet volume below 100%.
Updated Ledger:
[1, '2024-10-11', 27, '91.06', '100.00', '89.48']
[2, '2024-10-15', 68, '242.18', '89.48', '96.90']
[3, '2024-10-16', 26, '111.52', '96.90', '83.72']
[4, '2024-10-17', 74, '228.27', '83.72', '103.72']
[5, '2024-10-18', 27, '125.96', '103.72', '77.92']
[6, '2024-10-19', 92, '255.06', '77.92', '70.78']
[7, '2024-10-20', 5, '14.44', '70.78', '83.63']
[8, '2024-10-21', 7, '24.56', '83.63', '92.56']
[9, '2024-10-22', 119, '457.40', '92.56', '76.09']
Updated Ledger:
[1, '2024-10-11', 27, '91.06', '100.00', '89.48']
[2, '2024-10-15', 46, '75.72', '89.48', '89.68']
[3, '2024-10-16', 24, '88.09', '89.68', '77.24']
[4, '2024-10-17', 45, '62.52', '77.24', '80.25']
[5, '2024-10-18', 27, '79.52', '80.25', '64.91']
[6, '2024-10-19', 43, '45.81', '64.91', '64.25']
[7, '2024-10-20', 5, '13.11', '64.25', '75.91']
[8, '2024-10-21', 7, '22.30', '75.91', '84.02']
[9, '2024-10-22', 39, '48.96', '84.02', '78.99']
[10, '2024-10-23', 7, '20.05', '78.99', '76.37']
[11, '2024-10-24', 36, '68.50', '76.37', '88.73']
[12, '2024-10-25', 18, '40.38', '88.73', '105.04']
[13, '2024-10-26', 46, '87.79', '105.04', '113.67']
[14, '2024-10-27', 30, '98.46', '113.67', '120.33']
[15, '2024-10-28', 39, '105.53', '120.33', '114.69']
[16, '2024-10-29', 26, '107.34', '114.69', '135.76']
[17, '2024-10-30', 43, '127.44', '135.76', '137.08']
[18, '2024-10-31', 39, '129.14', '137.08', '143.85']
[19, '2024-11-01', 28, '141.94', '143.85', '127.53']
[20, '2024-11-02', 41, '101.88', '127.53', '123.89']
