/Users/alexmann/Library/Python/3.9/lib/python/site-packages/urllib3/__init__.py:35: NotOpenSSLWarning: urllib3 v2 only supports OpenSSL 1.1.1+, currently the 'ssl' module is compiled with 'LibreSSL 2.8.3'. See: https://github.com/urllib3/urllib3/issues/3020
  warnings.warn(
Processing New York Islanders at Columbus Blue Jackets, ID: cd732af52a4c55b1a1c53806fad68578
Processing Winnipeg Jets at Detroit Red Wings, ID: 899d0dc22dbac52e33200a1323d9dc06
Processing Tampa Bay Lightning at Colorado Avalanche, ID: 2873be82511820fb5e0a303c5a6f7222
Processing Calgary Flames at Utah Hockey Club, ID: e0d502c75388fb82fb7ed85d80b8f01e
Processing Vegas Golden Knights at Los Angeles Kings, ID: 97563bcac7a0ea96e48a5f4ff4311ff9
Processing New Jersey Devils at Vancouver Canucks, ID: d23b2bec6ff965d4638f2ff7307e9b99
Player: Brock Boeser
  Bookmaker: BetOnline.ag, Over/Under: Over, Price: 2.03, Points: 2.5, Home Team: Vancouver Canucks, Away Team: New Jersey Devils
  Bookmaker: BetOnline.ag, Over/Under: Under, Price: 1.75, Points: 2.5, Home Team: Vancouver Canucks, Away Team: New Jersey Devils
  Bookmaker: DraftKings, Over/Under: Over, Price: 2.0, Points: 2.5, Home Team: Vancouver Canucks, Away Team: New Jersey Devils
  Bookmaker: DraftKings, Over/Under: Under, Price: 1.77, Points: 2.5, Home Team: Vancouver Canucks, Away Team: New Jersey Devils
  Bookmaker: FanDuel, Over/Under: Over, Price: 2.1, Points: 2.5, Home Team: Vancouver Canucks, Away Team: New Jersey Devils
  Bookmaker: FanDuel, Over/Under: Under, Price: 1.69, Points: 2.5, Home Team: Vancouver Canucks, Away Team: New Jersey Devils
  Bookmaker: BetMGM, Over/Under: Over, Price: 1.95, Points: 2.5, Home Team: Vancouver Canucks, Away Team: New Jersey Devils
  Bookmaker: BetMGM, Over/Under: Under, Price: 1.77, Points: 2.5, Home Team: Vancouver Canucks, Away Team: New Jersey Devils
Player: Elias Pettersson
  Bookmaker: BetOnline.ag, Over/Under: Over, Price: 2.32, Points: 2.5, Home Team: Vancouver Canucks, Away Team: New Jersey Devils
  Bookmaker: BetOnline.ag, Over/Under: Under, Price: 1.58, Points: 2.5, Home Team: Vancouver Canucks, Away Team: New Jersey Devils
  Bookmaker: DraftKings, Over/Under: Over, Price: 2.35, Points: 2.5, Home Team: Vancouver Canucks, Away Team: New Jersey Devils
  Bookmaker: DraftKings, Over/Under: Under, Price: 1.57, Points: 2.5, Home Team: Vancouver Canucks, Away Team: New Jersey Devils
  Bookmaker: FanDuel, Over/Under: Over, Price: 2.3, Points: 2.5, Home Team: Vancouver Canucks, Away Team: New Jersey Devils
  Bookmaker: FanDuel, Over/Under: Under, Price: 1.59, Points: 2.5, Home Team: Vancouver Canucks, Away Team: New Jersey Devils
  Bookmaker: BetMGM, Over/Under: Over, Price: 2.35, Points: 2.5, Home Team: Vancouver Canucks, Away Team: New Jersey Devils
  Bookmaker: BetMGM, Over/Under: Under, Price: 1.54, Points: 2.5, Home Team: Vancouver Canucks, Away Team: New Jersey Devils
Player: Stefan Noesen
  Bookmaker: BetOnline.ag, Over/Under: Over, Price: 1.71, Points: 1.5, Home Team: Vancouver Canucks, Away Team: New Jersey Devils
  Bookmaker: BetOnline.ag, Over/Under: Under, Price: 2.09, Points: 1.5, Home Team: Vancouver Canucks, Away Team: New Jersey Devils
  Bookmaker: DraftKings, Over/Under: Over, Price: 1.71, Points: 1.5, Home Team: Vancouver Canucks, Away Team: New Jersey Devils
  Bookmaker: DraftKings, Over/Under: Under, Price: 2.1, Points: 1.5, Home Team: Vancouver Canucks, Away Team: New Jersey Devils
  Bookmaker: FanDuel, Over/Under: Over, Price: 1.77, Points: 1.5, Home Team: Vancouver Canucks, Away Team: New Jersey Devils
  Bookmaker: FanDuel, Over/Under: Under, Price: 2.0, Points: 1.5, Home Team: Vancouver Canucks, Away Team: New Jersey Devils
  Bookmaker: BetMGM, Over/Under: Over, Price: 1.69, Points: 1.5, Home Team: Vancouver Canucks, Away Team: New Jersey Devils
  Bookmaker: BetMGM, Over/Under: Under, Price: 2.05, Points: 1.5, Home Team: Vancouver Canucks, Away Team: New Jersey Devils
Player: Jesper Bratt
  Bookmaker: BetOnline.ag, Over/Under: Under, Price: 2.17, Points: 2.5, Home Team: Vancouver Canucks, Away Team: New Jersey Devils
  Bookmaker: BetOnline.ag, Over/Under: Over, Price: 1.66, Points: 2.5, Home Team: Vancouver Canucks, Away Team: New Jersey Devils
  Bookmaker: DraftKings, Over/Under: Over, Price: 1.69, Points: 2.5, Home Team: Vancouver Canucks, Away Team: New Jersey Devils
  Bookmaker: DraftKings, Over/Under: Under, Price: 2.14, Points: 2.5, Home Team: Vancouver Canucks, Away Team: New Jersey Devils
  Bookmaker: FanDuel, Over/Under: Over, Price: 1.68, Points: 2.5, Home Team: Vancouver Canucks, Away Team: New Jersey Devils
  Bookmaker: FanDuel, Over/Under: Under, Price: 2.12, Points: 2.5, Home Team: Vancouver Canucks, Away Team: New Jersey Devils
  Bookmaker: BetMGM, Over/Under: Over, Price: 1.65, Points: 2.5, Home Team: Vancouver Canucks, Away Team: New Jersey Devils
  Bookmaker: BetMGM, Over/Under: Under, Price: 2.15, Points: 2.5, Home Team: Vancouver Canucks, Away Team: New Jersey Devils
Player: Nico Hischier
  Bookmaker: BetOnline.ag, Over/Under: Over, Price: 1.67, Points: 2.5, Home Team: Vancouver Canucks, Away Team: New Jersey Devils
  Bookmaker: BetOnline.ag, Over/Under: Under, Price: 2.15, Points: 2.5, Home Team: Vancouver Canucks, Away Team: New Jersey Devils
  Bookmaker: DraftKings, Over/Under: Over, Price: 1.69, Points: 2.5, Home Team: Vancouver Canucks, Away Team: New Jersey Devils
  Bookmaker: DraftKings, Over/Under: Under, Price: 2.14, Points: 2.5, Home Team: Vancouver Canucks, Away Team: New Jersey Devils
  Bookmaker: FanDuel, Over/Under: Over, Price: 1.68, Points: 2.5, Home Team: Vancouver Canucks, Away Team: New Jersey Devils
  Bookmaker: FanDuel, Over/Under: Under, Price: 2.12, Points: 2.5, Home Team: Vancouver Canucks, Away Team: New Jersey Devils
  Bookmaker: BetMGM, Over/Under: Over, Price: 1.67, Points: 2.5, Home Team: Vancouver Canucks, Away Team: New Jersey Devils
  Bookmaker: BetMGM, Over/Under: Under, Price: 2.1, Points: 2.5, Home Team: Vancouver Canucks, Away Team: New Jersey Devils
Player: Quinn Hughes
  Bookmaker: BetOnline.ag, Over/Under: Under, Price: 2.09, Points: 2.5, Home Team: Vancouver Canucks, Away Team: New Jersey Devils
  Bookmaker: BetOnline.ag, Over/Under: Over, Price: 1.71, Points: 2.5, Home Team: Vancouver Canucks, Away Team: New Jersey Devils
  Bookmaker: DraftKings, Over/Under: Over, Price: 1.74, Points: 2.5, Home Team: Vancouver Canucks, Away Team: New Jersey Devils
  Bookmaker: DraftKings, Over/Under: Under, Price: 2.05, Points: 2.5, Home Team: Vancouver Canucks, Away Team: New Jersey Devils
  Bookmaker: FanDuel, Over/Under: Over, Price: 1.77, Points: 2.5, Home Team: Vancouver Canucks, Away Team: New Jersey Devils
  Bookmaker: FanDuel, Over/Under: Under, Price: 2.0, Points: 2.5, Home Team: Vancouver Canucks, Away Team: New Jersey Devils
  Bookmaker: BetMGM, Over/Under: Over, Price: 1.71, Points: 2.5, Home Team: Vancouver Canucks, Away Team: New Jersey Devils
  Bookmaker: BetMGM, Over/Under: Under, Price: 2.0, Points: 2.5, Home Team: Vancouver Canucks, Away Team: New Jersey Devils
Player: Conor Garland
  Bookmaker: BetOnline.ag, Over/Under: Over, Price: 1.78, Points: 2.5, Home Team: Vancouver Canucks, Away Team: New Jersey Devils
  Bookmaker: BetOnline.ag, Over/Under: Under, Price: 1.99, Points: 2.5, Home Team: Vancouver Canucks, Away Team: New Jersey Devils
  Bookmaker: DraftKings, Over/Under: Over, Price: 1.77, Points: 2.5, Home Team: Vancouver Canucks, Away Team: New Jersey Devils
  Bookmaker: DraftKings, Over/Under: Under, Price: 2.0, Points: 2.5, Home Team: Vancouver Canucks, Away Team: New Jersey Devils
  Bookmaker: FanDuel, Over/Under: Over, Price: 1.87, Points: 2.5, Home Team: Vancouver Canucks, Away Team: New Jersey Devils
  Bookmaker: FanDuel, Over/Under: Under, Price: 1.88, Points: 2.5, Home Team: Vancouver Canucks, Away Team: New Jersey Devils
  Bookmaker: BetMGM, Over/Under: Over, Price: 1.74, Points: 2.5, Home Team: Vancouver Canucks, Away Team: New Jersey Devils
  Bookmaker: BetMGM, Over/Under: Under, Price: 2.0, Points: 2.5, Home Team: Vancouver Canucks, Away Team: New Jersey Devils
Player: J.T. Miller
  Bookmaker: BetOnline.ag, Over/Under: Under, Price: 1.74, Points: 2.5, Home Team: Vancouver Canucks, Away Team: New Jersey Devils
  Bookmaker: BetOnline.ag, Over/Under: Over, Price: 2.04, Points: 2.5, Home Team: Vancouver Canucks, Away Team: New Jersey Devils
  Bookmaker: DraftKings, Over/Under: Over, Price: 2.0, Points: 2.5, Home Team: Vancouver Canucks, Away Team: New Jersey Devils
  Bookmaker: DraftKings, Over/Under: Under, Price: 1.77, Points: 2.5, Home Team: Vancouver Canucks, Away Team: New Jersey Devils
  Bookmaker: FanDuel, Over/Under: Over, Price: 2.14, Points: 2.5, Home Team: Vancouver Canucks, Away Team: New Jersey Devils
  Bookmaker: FanDuel, Over/Under: Under, Price: 1.68, Points: 2.5, Home Team: Vancouver Canucks, Away Team: New Jersey Devils
  Bookmaker: BetMGM, Over/Under: Over, Price: 2.0, Points: 2.5, Home Team: Vancouver Canucks, Away Team: New Jersey Devils
  Bookmaker: BetMGM, Over/Under: Under, Price: 1.74, Points: 2.5, Home Team: Vancouver Canucks, Away Team: New Jersey Devils
Player: Dougie Hamilton
  Bookmaker: BetOnline.ag, Over/Under: Under, Price: 1.57, Points: 3.5, Home Team: Vancouver Canucks, Away Team: New Jersey Devils
  Bookmaker: BetOnline.ag, Over/Under: Over, Price: 2.34, Points: 3.5, Home Team: Vancouver Canucks, Away Team: New Jersey Devils
  Bookmaker: DraftKings, Over/Under: Over, Price: 2.35, Points: 3.5, Home Team: Vancouver Canucks, Away Team: New Jersey Devils
  Bookmaker: DraftKings, Over/Under: Under, Price: 1.57, Points: 3.5, Home Team: Vancouver Canucks, Away Team: New Jersey Devils
  Bookmaker: FanDuel, Over/Under: Over, Price: 1.6, Points: 2.5, Home Team: Vancouver Canucks, Away Team: New Jersey Devils
  Bookmaker: FanDuel, Over/Under: Under, Price: 2.28, Points: 2.5, Home Team: Vancouver Canucks, Away Team: New Jersey Devils
  Bookmaker: BetMGM, Over/Under: Over, Price: 2.3, Points: 3.5, Home Team: Vancouver Canucks, Away Team: New Jersey Devils
  Bookmaker: BetMGM, Over/Under: Under, Price: 1.57, Points: 3.5, Home Team: Vancouver Canucks, Away Team: New Jersey Devils
Player: Jack Hughes
  Bookmaker: BetOnline.ag, Over/Under: Under, Price: 2.02, Points: 3.5, Home Team: Vancouver Canucks, Away Team: New Jersey Devils
  Bookmaker: BetOnline.ag, Over/Under: Over, Price: 1.76, Points: 3.5, Home Team: Vancouver Canucks, Away Team: New Jersey Devils
  Bookmaker: DraftKings, Over/Under: Over, Price: 1.77, Points: 3.5, Home Team: Vancouver Canucks, Away Team: New Jersey Devils
  Bookmaker: DraftKings, Over/Under: Under, Price: 2.0, Points: 3.5, Home Team: Vancouver Canucks, Away Team: New Jersey Devils
  Bookmaker: FanDuel, Over/Under: Over, Price: 1.78, Points: 3.5, Home Team: Vancouver Canucks, Away Team: New Jersey Devils
  Bookmaker: FanDuel, Over/Under: Under, Price: 1.98, Points: 3.5, Home Team: Vancouver Canucks, Away Team: New Jersey Devils
  Bookmaker: BetMGM, Over/Under: Over, Price: 1.74, Points: 3.5, Home Team: Vancouver Canucks, Away Team: New Jersey Devils
  Bookmaker: BetMGM, Over/Under: Under, Price: 2.0, Points: 3.5, Home Team: Vancouver Canucks, Away Team: New Jersey Devils
Player: Dawson Mercer
  Bookmaker: BetOnline.ag, Over/Under: Under, Price: 1.88, Points: 1.5, Home Team: Vancouver Canucks, Away Team: New Jersey Devils
  Bookmaker: BetOnline.ag, Over/Under: Over, Price: 1.88, Points: 1.5, Home Team: Vancouver Canucks, Away Team: New Jersey Devils
  Bookmaker: DraftKings, Over/Under: Over, Price: 1.87, Points: 1.5, Home Team: Vancouver Canucks, Away Team: New Jersey Devils
  Bookmaker: DraftKings, Over/Under: Under, Price: 1.87, Points: 1.5, Home Team: Vancouver Canucks, Away Team: New Jersey Devils
  Bookmaker: FanDuel, Over/Under: Over, Price: 1.85, Points: 1.5, Home Team: Vancouver Canucks, Away Team: New Jersey Devils
  Bookmaker: FanDuel, Over/Under: Under, Price: 1.91, Points: 1.5, Home Team: Vancouver Canucks, Away Team: New Jersey Devils
  Bookmaker: BetMGM, Over/Under: Over, Price: 1.87, Points: 1.5, Home Team: Vancouver Canucks, Away Team: New Jersey Devils
  Bookmaker: BetMGM, Over/Under: Under, Price: 1.83, Points: 1.5, Home Team: Vancouver Canucks, Away Team: New Jersey Devils
Player: Erik Haula
  Bookmaker: BetOnline.ag, Over/Under: Under, Price: 2.11, Points: 1.5, Home Team: Vancouver Canucks, Away Team: New Jersey Devils
  Bookmaker: BetOnline.ag, Over/Under: Over, Price: 1.69, Points: 1.5, Home Team: Vancouver Canucks, Away Team: New Jersey Devils
  Bookmaker: DraftKings, Over/Under: Over, Price: 1.71, Points: 1.5, Home Team: Vancouver Canucks, Away Team: New Jersey Devils
  Bookmaker: DraftKings, Over/Under: Under, Price: 2.1, Points: 1.5, Home Team: Vancouver Canucks, Away Team: New Jersey Devils
  Bookmaker: FanDuel, Over/Under: Over, Price: 1.77, Points: 1.5, Home Team: Vancouver Canucks, Away Team: New Jersey Devils
  Bookmaker: FanDuel, Over/Under: Under, Price: 2.0, Points: 1.5, Home Team: Vancouver Canucks, Away Team: New Jersey Devils
  Bookmaker: BetMGM, Over/Under: Over, Price: 1.67, Points: 1.5, Home Team: Vancouver Canucks, Away Team: New Jersey Devils
  Bookmaker: BetMGM, Over/Under: Under, Price: 2.1, Points: 1.5, Home Team: Vancouver Canucks, Away Team: New Jersey Devils
Player: Timo Meier
  Bookmaker: BetOnline.ag, Over/Under: Over, Price: 1.59, Points: 2.5, Home Team: Vancouver Canucks, Away Team: New Jersey Devils
  Bookmaker: BetOnline.ag, Over/Under: Under, Price: 2.29, Points: 2.5, Home Team: Vancouver Canucks, Away Team: New Jersey Devils
  Bookmaker: DraftKings, Over/Under: Over, Price: 1.6, Points: 2.5, Home Team: Vancouver Canucks, Away Team: New Jersey Devils
  Bookmaker: DraftKings, Over/Under: Under, Price: 2.3, Points: 2.5, Home Team: Vancouver Canucks, Away Team: New Jersey Devils
  Bookmaker: FanDuel, Over/Under: Over, Price: 1.64, Points: 2.5, Home Team: Vancouver Canucks, Away Team: New Jersey Devils
  Bookmaker: FanDuel, Over/Under: Under, Price: 2.2, Points: 2.5, Home Team: Vancouver Canucks, Away Team: New Jersey Devils
  Bookmaker: BetMGM, Over/Under: Over, Price: 1.57, Points: 2.5, Home Team: Vancouver Canucks, Away Team: New Jersey Devils
  Bookmaker: BetMGM, Over/Under: Under, Price: 2.3, Points: 2.5, Home Team: Vancouver Canucks, Away Team: New Jersey Devils
Player: Luke Hughes
  Bookmaker: BetOnline.ag, Over/Under: Under, Price: 1.77, Points: 1.5, Home Team: Vancouver Canucks, Away Team: New Jersey Devils
  Bookmaker: BetOnline.ag, Over/Under: Over, Price: 2.0, Points: 1.5, Home Team: Vancouver Canucks, Away Team: New Jersey Devils
  Bookmaker: DraftKings, Over/Under: Over, Price: 2.0, Points: 1.5, Home Team: Vancouver Canucks, Away Team: New Jersey Devils
  Bookmaker: DraftKings, Over/Under: Under, Price: 1.77, Points: 1.5, Home Team: Vancouver Canucks, Away Team: New Jersey Devils
  Bookmaker: FanDuel, Over/Under: Over, Price: 2.0, Points: 1.5, Home Team: Vancouver Canucks, Away Team: New Jersey Devils
  Bookmaker: FanDuel, Over/Under: Under, Price: 1.77, Points: 1.5, Home Team: Vancouver Canucks, Away Team: New Jersey Devils
Player: Jake DeBrusk
  Bookmaker: BetOnline.ag, Over/Under: Over, Price: 1.64, Points: 1.5, Home Team: Vancouver Canucks, Away Team: New Jersey Devils
  Bookmaker: BetOnline.ag, Over/Under: Under, Price: 2.21, Points: 1.5, Home Team: Vancouver Canucks, Away Team: New Jersey Devils
  Bookmaker: DraftKings, Over/Under: Over, Price: 1.69, Points: 1.5, Home Team: Vancouver Canucks, Away Team: New Jersey Devils
  Bookmaker: DraftKings, Over/Under: Under, Price: 2.14, Points: 1.5, Home Team: Vancouver Canucks, Away Team: New Jersey Devils
  Bookmaker: FanDuel, Over/Under: Over, Price: 1.61, Points: 1.5, Home Team: Vancouver Canucks, Away Team: New Jersey Devils
  Bookmaker: FanDuel, Over/Under: Under, Price: 2.26, Points: 1.5, Home Team: Vancouver Canucks, Away Team: New Jersey Devils
  Bookmaker: BetMGM, Over/Under: Over, Price: 1.65, Points: 1.5, Home Team: Vancouver Canucks, Away Team: New Jersey Devils
  Bookmaker: BetMGM, Over/Under: Under, Price: 2.15, Points: 1.5, Home Team: Vancouver Canucks, Away Team: New Jersey Devils
Used requests: 147
Remaining requests: 353
/Users/alexmann/Library/Python/3.9/lib/python/site-packages/urllib3/__init__.py:35: NotOpenSSLWarning: urllib3 v2 only supports OpenSSL 1.1.1+, currently the 'ssl' module is compiled with 'LibreSSL 2.8.3'. See: https://github.com/urllib3/urllib3/issues/3020
  warnings.warn(
Fetching and storing player data with weights: x_10 = 5, x_2024 = 3, x_2023 = 2, x_2022 = 1
Using ledger: daily_ledger_scaled, model table: modelled_likelihoods
Found 192 players to model.
No valid game log data available for player ID: 8483445 before date 2024-10-29 for season 20222023.
Cutter Gauthier has less than 60 GP.
No valid game log data available for player ID: 8483445 before date 2024-10-29 for season 20222023.
Cutter Gauthier has less than 60 GP.
No valid game log data available for player ID: 8484958 before date 2024-10-29 for season 20232024.
No valid game log data available for player ID: 8484958 before date 2024-10-29 for season 20222023.
Maxim Tsyplakov has less than 60 GP.
No valid game log data available for player ID: 8484958 before date 2024-10-29 for season 20232024.
No valid game log data available for player ID: 8484958 before date 2024-10-29 for season 20222023.
Maxim Tsyplakov has less than 60 GP.
No valid game log data available for player ID: 8476461 before date 2024-10-29 for season 20222023.
No valid game log data available for player ID: 8476461 before date 2024-10-29 for season 20222023.
No valid game log data available for player ID: 8484387 before date 2024-10-29 for season 20232024.
No valid game log data available for player ID: 8484387 before date 2024-10-29 for season 20222023.
Matvei Michkov has less than 60 GP.
No valid game log data available for player ID: 8484387 before date 2024-10-29 for season 20232024.
No valid game log data available for player ID: 8484387 before date 2024-10-29 for season 20222023.
Matvei Michkov has less than 60 GP.
Shane Wright has less than 60 GP.
Shane Wright has less than 60 GP.
No valid game log data available for player ID: 8484166 before date 2024-10-30 for season 20222023.
Adam Fantilli has less than 60 GP.
No valid game log data available for player ID: 8484166 before date 2024-10-30 for season 20222023.
Adam Fantilli has less than 60 GP.
Player: Anders Lee, date: 2024-10-30, Under 2.5, Price: 2.1, Kelly Bet: 3.04%
Player: Bo Horvat, date: 2024-10-30, Under 3.5, Price: 1.57, Kelly Bet: 0.51%
Player: Cole Sillinger, date: 2024-10-30, Under 2.5, Price: 1.77, Kelly Bet: 6.42%
Player: Kirill Marchenko, date: 2024-10-30, Under 2.5, Price: 2.04, Kelly Bet: 3.49%
Player: Kyle Palmieri, date: 2024-10-30, Under 2.5, Price: 2.26, Kelly Bet: 3.08%
Player: Mathew Barzal, date: 2024-10-30, Under 2.5, Price: 2.32, Kelly Bet: 0.99%
No valid game log data available for player ID: 8484958 before date 2024-10-30 for season 20232024.
No valid game log data available for player ID: 8484958 before date 2024-10-30 for season 20222023.
Maxim Tsyplakov has less than 60 GP.
No valid game log data available for player ID: 8484958 before date 2024-10-30 for season 20232024.
No valid game log data available for player ID: 8484958 before date 2024-10-30 for season 20222023.
Maxim Tsyplakov has less than 60 GP.
Player: Mike Reilly, date: 2024-10-30, Under 1.5, Price: 2.47, Kelly Bet: 0.52%
Player: Noah Dobson, date: 2024-10-30, Under 2.5, Price: 2.22, Kelly Bet: 5.81%
Player: Sean Monahan, date: 2024-10-30, Under 2.5, Price: 1.91, Kelly Bet: 5.66%
Player: Yegor Chinakhov, date: 2024-10-30, Under 2.5, Price: 1.82, Kelly Bet: 5.64%
Player: Zach Werenski, date: 2024-10-30, Under 3.5, Price: 1.65, Kelly Bet: 3.10%
Player: Dylan Larkin, date: 2024-10-30, Under 3.5, Price: 1.71, Kelly Bet: 1.51%
Player: Josh Morrissey, date: 2024-10-30, Under 2.5, Price: 1.8, Kelly Bet: 1.58%
Player: Mark Scheifele, date: 2024-10-30, Under 2.5, Price: 1.74, Kelly Bet: 2.90%
Player: Nikolaj Ehlers, date: 2024-10-30, Under 3.5, Price: 1.59, Kelly Bet: 4.08%
Player: Kyle Connor, date: 2024-10-30, Under 3.5, Price: 1.91, Kelly Bet: 1.31%
Player: Lucas Raymond, date: 2024-10-30, Under 2.5, Price: 1.51, Kelly Bet: 2.24%
Player: Neal Pionk, date: 2024-10-30, Under 1.5, Price: 2.4, Kelly Bet: 1.70%
Player: Gabriel Vilardi, date: 2024-10-30, Under 2.5, Price: 1.74, Kelly Bet: 2.37%
Player: Patrick Kane, date: 2024-10-30, Over 2.5, Price: 2.06, Kelly Bet: 2.50%
Player: Vladimir Tarasenko, date: 2024-10-30, Over 1.5, Price: 1.74, Kelly Bet: 1.99%
Player: Nathan MacKinnon, date: 2024-10-30, Over 4.5, Price: 2.2, Kelly Bet: 3.52%
Player: Brayden Point, date: 2024-10-30, Over 2.5, Price: 1.97, Kelly Bet: 0.31%
Player: Nikita Kucherov, date: 2024-10-30, Over 3.5, Price: 2.07, Kelly Bet: 1.07%
Player: Cale Makar, date: 2024-10-30, Under 3.5, Price: 1.65, Kelly Bet: 3.30%
Player: Devon Toews, date: 2024-10-30, Over 1.5, Price: 1.77, Kelly Bet: 0.28%
Player: Victor Hedman, date: 2024-10-30, Under 2.5, Price: 1.74, Kelly Bet: 1.52%
Player: Jake Guentzel, date: 2024-10-30, Over 2.5, Price: 1.69, Kelly Bet: 4.68%
Player: Casey Mittelstadt, date: 2024-10-30, Under 2.5, Price: 1.53, Kelly Bet: 7.46%
Player: Mikael Backlund, date: 2024-10-30, Over 2.5, Price: 2.15, Kelly Bet: 0.72%
Player: Blake Coleman, date: 2024-10-30, Under 2.5, Price: 2.0, Kelly Bet: 2.53%
No valid game log data available for player ID: 8482074 before date 2024-10-30 for season 20222023.
Player: Connor Zary, date: 2024-10-30, Under 1.5, Price: 2.4, Kelly Bet: 5.38%
No valid game log data available for player ID: 8482074 before date 2024-10-30 for season 20222023.
Player: Jonathan Huberdeau, date: 2024-10-30, Under 1.5, Price: 2.21, Kelly Bet: 1.85%
Player: Yegor Sharangovich, date: 2024-10-30, Under 2.5, Price: 1.69, Kelly Bet: 3.55%
Player: MacKenzie Weegar, date: 2024-10-30, Under 2.5, Price: 1.94, Kelly Bet: 2.23%
Player: Andrei Kuzmenko, date: 2024-10-30, Under 1.5, Price: 2.19, Kelly Bet: 2.29%
Player: Nick Schmaltz, date: 2024-10-30, Under 2.5, Price: 1.57, Kelly Bet: 2.15%
No valid game log data available for player ID: 8483431 before date 2024-10-30 for season 20222023.
No valid game log data available for player ID: 8483431 before date 2024-10-30 for season 20222023.
Player: Clayton Keller, date: 2024-10-30, Under 2.5, Price: 2.28, Kelly Bet: 0.34%
Player: Mikhail Sergachev, date: 2024-10-30, Under 2.5, Price: 1.56, Kelly Bet: 7.00%
Player: Dylan Guenther, date: 2024-10-30, Under 2.5, Price: 2.04, Kelly Bet: 1.90%
Player: Barrett Hayton, date: 2024-10-30, Under 2.5, Price: 1.62, Kelly Bet: 2.15%
No valid game log data available for player ID: 8482155 before date 2024-10-30 for season 20222023.
Player: Alex Laferriere, date: 2024-10-30, Under 1.5, Price: 2.46, Kelly Bet: 1.53%
No valid game log data available for player ID: 8482155 before date 2024-10-30 for season 20222023.
Player: Alex Pietrangelo, date: 2024-10-30, Over 1.5, Price: 1.64, Kelly Bet: 2.30%
Player: Jack Eichel, date: 2024-10-30, Over 3.5, Price: 2.04, Kelly Bet: 3.96%
Player: Pavel Dorofeyev, date: 2024-10-30, Under 2.5, Price: 1.71, Kelly Bet: 2.37%
Player: Phillip Danault, date: 2024-10-30, Over 1.5, Price: 1.74, Kelly Bet: 0.46%
Player: Tomas Hertl, date: 2024-10-30, Over 1.5, Price: 1.56, Kelly Bet: 1.15%
Player: Trevor Moore, date: 2024-10-30, Over 2.5, Price: 1.8, Kelly Bet: 0.24%
Player: Warren Foegele, date: 2024-10-30, Over 2.5, Price: 2.42, Kelly Bet: 0.65%
Player: William Karlsson, date: 2024-10-30, Over 1.5, Price: 1.62, Kelly Bet: 5.06%
Player: Quinton Byfield, date: 2024-10-30, Under 2.5, Price: 1.57, Kelly Bet: 3.74%
Player: Kevin Fiala, date: 2024-10-30, Over 2.5, Price: 1.93, Kelly Bet: 0.77%
Player: Elias Pettersson, date: 2024-10-30, Over 2.5, Price: 2.35, Kelly Bet: 1.73%
Player: Stefan Noesen, date: 2024-10-30, Under 1.5, Price: 2.1, Kelly Bet: 3.57%
Player: Jesper Bratt, date: 2024-10-30, Under 2.5, Price: 2.17, Kelly Bet: 0.09%
Player: Quinn Hughes, date: 2024-10-30, Under 2.5, Price: 2.09, Kelly Bet: 3.60%
Player: Conor Garland, date: 2024-10-30, Under 2.5, Price: 2.0, Kelly Bet: 3.88%
Player: Dougie Hamilton, date: 2024-10-30, Over 2.5, Price: 1.6, Kelly Bet: 2.19%
Player: Jack Hughes, date: 2024-10-30, Over 3.5, Price: 1.78, Kelly Bet: 1.80%
Player: Erik Haula, date: 2024-10-30, Over 1.5, Price: 1.77, Kelly Bet: 2.62%
Player: Timo Meier, date: 2024-10-30, Over 2.5, Price: 1.64, Kelly Bet: 2.37%
Player: Jake DeBrusk, date: 2024-10-30, Over 1.5, Price: 1.69, Kelly Bet: 5.03%
Python interpreter: /Users/alexmann/.pyenv/versions/3.9.16/bin/python3
Fetching and storing player data with weights: x_10 = 5, x_2024 = 3, x_2023 = 2, x_2022 = 1
Using ledger: daily_ledger_scaled, model table: modelled_likelihoods
Found 32 players to model.
No valid game log data available for player ID: 8483445 before date 2024-10-29 for season 20222023.
Cutter Gauthier has less than 60 GP.
No valid game log data available for player ID: 8483445 before date 2024-10-29 for season 20222023.
Cutter Gauthier has less than 60 GP.
No valid game log data available for player ID: 8484958 before date 2024-10-29 for season 20232024.
No valid game log data available for player ID: 8484958 before date 2024-10-29 for season 20222023.
Maxim Tsyplakov has less than 60 GP.
No valid game log data available for player ID: 8484958 before date 2024-10-29 for season 20232024.
No valid game log data available for player ID: 8484958 before date 2024-10-29 for season 20222023.
Maxim Tsyplakov has less than 60 GP.
No valid game log data available for player ID: 8476461 before date 2024-10-29 for season 20222023.
No valid game log data available for player ID: 8476461 before date 2024-10-29 for season 20222023.
No valid game log data available for player ID: 8484387 before date 2024-10-29 for season 20232024.
No valid game log data available for player ID: 8484387 before date 2024-10-29 for season 20222023.
Matvei Michkov has less than 60 GP.
No valid game log data available for player ID: 8484387 before date 2024-10-29 for season 20232024.
No valid game log data available for player ID: 8484387 before date 2024-10-29 for season 20222023.
Matvei Michkov has less than 60 GP.
Shane Wright has less than 60 GP.
Shane Wright has less than 60 GP.
No valid game log data available for player ID: 8484166 before date 2024-10-30 for season 20222023.
Adam Fantilli has less than 60 GP.
No valid game log data available for player ID: 8484166 before date 2024-10-30 for season 20222023.
Adam Fantilli has less than 60 GP.
No valid game log data available for player ID: 8484958 before date 2024-10-30 for season 20232024.
No valid game log data available for player ID: 8484958 before date 2024-10-30 for season 20222023.
Maxim Tsyplakov has less than 60 GP.
No valid game log data available for player ID: 8484958 before date 2024-10-30 for season 20232024.
No valid game log data available for player ID: 8484958 before date 2024-10-30 for season 20222023.
Maxim Tsyplakov has less than 60 GP.
No valid game log data available for player ID: 8482155 before date 2024-10-30 for season 20222023.
No valid game log data available for player ID: 8482155 before date 2024-10-30 for season 20222023.
CSV file modelled_likelihoods_2024-10-30.csv created at /Users/alexmann/Documents/Code_Learning/nhl_fromscratch/daily_odds/modelled_likelihoods_2024-10-30.csv.
WARNING: Sum of suggested bets for date 2024-10-29 is greater than bankroll.
WARNING: Only using 2024-10-29 suggested bets > 2% of bankroll to reduce bet volume below 100%.
Updated Ledger:
[1, '2024-10-11', 27, '91.06', '100.00', '89.48']
[2, '2024-10-15', 68, '242.18', '89.48', '96.90']
[3, '2024-10-16', 26, '111.52', '96.90', '83.72']
[4, '2024-10-17', 74, '228.27', '83.72', '103.72']
[5, '2024-10-18', 27, '125.96', '103.72', '77.92']
[6, '2024-10-19', 92, '255.06', '77.92', '70.78']
[7, '2024-10-20', 5, '14.44', '70.78', '83.63']
[8, '2024-10-21', 7, '24.56', '83.63', '92.56']
[9, '2024-10-22', 119, '457.40', '92.56', '76.09']
Updated Ledger:
[1, '2024-10-11', 27, '91.06', '100.00', '89.48']
[2, '2024-10-15', 46, '75.72', '89.48', '89.68']
[3, '2024-10-16', 24, '88.09', '89.68', '77.24']
[4, '2024-10-17', 45, '62.52', '77.24', '80.25']
[5, '2024-10-18', 27, '79.52', '80.25', '64.91']
[6, '2024-10-19', 43, '45.81', '64.91', '64.25']
[7, '2024-10-20', 5, '13.11', '64.25', '75.91']
[8, '2024-10-21', 7, '22.30', '75.91', '84.02']
[9, '2024-10-22', 39, '48.96', '84.02', '78.99']
[10, '2024-10-23', 7, '20.05', '78.99', '76.37']
[11, '2024-10-24', 36, '68.50', '76.37', '88.73']
[12, '2024-10-25', 18, '40.38', '88.73', '105.04']
[13, '2024-10-26', 46, '87.79', '105.04', '113.67']
[14, '2024-10-27', 30, '98.46', '113.67', '120.33']
[15, '2024-10-28', 39, '105.53', '120.33', '114.69']
[16, '2024-10-29', 26, '107.34', '114.69', '135.76']
