/Users/alexmann/Library/Python/3.9/lib/python/site-packages/urllib3/__init__.py:35: NotOpenSSLWarning: urllib3 v2 only supports OpenSSL 1.1.1+, currently the 'ssl' module is compiled with 'LibreSSL 2.8.3'. See: https://github.com/urllib3/urllib3/issues/3020
  warnings.warn(
Odds for today are already in the database.
/Users/alexmann/Library/Python/3.9/lib/python/site-packages/urllib3/__init__.py:35: NotOpenSSLWarning: urllib3 v2 only supports OpenSSL 1.1.1+, currently the 'ssl' module is compiled with 'LibreSSL 2.8.3'. See: https://github.com/urllib3/urllib3/issues/3020
  warnings.warn(
No valid game log data available for player ID: 8484144 before date 2024-10-11 for season 20222023.
No valid game log data available for player ID: 8484144 before date 2024-10-11 for season 20222023.
No valid game log data available for player ID: 8484166 before date 2024-10-15 for season 20222023.
Adam Fantilli has less than 60 GP.
No valid game log data available for player ID: 8484166 before date 2024-10-15 for season 20222023.
Adam Fantilli has less than 60 GP.
No valid game log data available for player ID: 8484227 before date 2024-10-15 for season 20232024.
No valid game log data available for player ID: 8484227 before date 2024-10-15 for season 20222023.
Will Smith has less than 60 GP.
No valid game log data available for player ID: 8484227 before date 2024-10-15 for season 20232024.
No valid game log data available for player ID: 8484227 before date 2024-10-15 for season 20222023.
Will Smith has less than 60 GP.
No valid game log data available for player ID: 8482702 before date 2024-10-15 for season 20222023.
Logan Stankoven has less than 60 GP.
No valid game log data available for player ID: 8482702 before date 2024-10-15 for season 20222023.
Logan Stankoven has less than 60 GP.
No valid game log data available for player ID: 8484180 before date 2024-10-15 for season 20232024.
No valid game log data available for player ID: 8484180 before date 2024-10-15 for season 20222023.
Samuel Honzek has less than 60 GP.
No valid game log data available for player ID: 8484180 before date 2024-10-15 for season 20232024.
No valid game log data available for player ID: 8484180 before date 2024-10-15 for season 20222023.
Samuel Honzek has less than 60 GP.
No valid game log data available for player ID: 8484387 before date 2024-10-15 for season 20232024.
No valid game log data available for player ID: 8484387 before date 2024-10-15 for season 20222023.
Matvei Michkov has less than 60 GP.
No valid game log data available for player ID: 8484387 before date 2024-10-15 for season 20232024.
No valid game log data available for player ID: 8484387 before date 2024-10-15 for season 20222023.
Matvei Michkov has less than 60 GP.
No valid game log data available for player ID: 8484221 before date 2024-10-16 for season 20232024.
No valid game log data available for player ID: 8484221 before date 2024-10-16 for season 20222023.
Calum Ritchie has less than 60 GP.
No valid game log data available for player ID: 8484221 before date 2024-10-16 for season 20232024.
No valid game log data available for player ID: 8484221 before date 2024-10-16 for season 20222023.
Calum Ritchie has less than 60 GP.
No valid game log data available for player ID: 8483431 before date 2024-10-16 for season 20222023.
No valid game log data available for player ID: 8483431 before date 2024-10-16 for season 20222023.
No valid game log data available for player ID: 8483445 before date 2024-10-16 for season 20222023.
Cutter Gauthier has less than 60 GP.
No valid game log data available for player ID: 8483445 before date 2024-10-16 for season 20222023.
Cutter Gauthier has less than 60 GP.
No valid game log data available for player ID: 8484153 before date 2024-10-16 for season 20222023.
Leo Carlsson has less than 60 GP.
No valid game log data available for player ID: 8484153 before date 2024-10-16 for season 20222023.
Leo Carlsson has less than 60 GP.
No valid game log data available for player ID: 8484166 before date 2024-10-17 for season 20222023.
Adam Fantilli has less than 60 GP.
No valid game log data available for player ID: 8484166 before date 2024-10-17 for season 20222023.
Adam Fantilli has less than 60 GP.
No valid game log data available for player ID: 8482702 before date 2024-10-17 for season 20222023.
Logan Stankoven has less than 60 GP.
No valid game log data available for player ID: 8482702 before date 2024-10-17 for season 20222023.
Logan Stankoven has less than 60 GP.
No valid game log data available for player ID: 8484387 before date 2024-10-17 for season 20232024.
No valid game log data available for player ID: 8484387 before date 2024-10-17 for season 20222023.
Matvei Michkov has less than 60 GP.
No valid game log data available for player ID: 8484387 before date 2024-10-17 for season 20232024.
No valid game log data available for player ID: 8484387 before date 2024-10-17 for season 20222023.
Matvei Michkov has less than 60 GP.
No valid game log data available for player ID: 8484144 before date 2024-10-11 for season 20222023.
No valid game log data available for player ID: 8484144 before date 2024-10-11 for season 20222023.
No valid game log data available for player ID: 8484166 before date 2024-10-15 for season 20222023.
Adam Fantilli has less than 60 GP.
No valid game log data available for player ID: 8484166 before date 2024-10-15 for season 20222023.
Adam Fantilli has less than 60 GP.
No valid game log data available for player ID: 8484227 before date 2024-10-15 for season 20232024.
No valid game log data available for player ID: 8484227 before date 2024-10-15 for season 20222023.
Will Smith has less than 60 GP.
No valid game log data available for player ID: 8484227 before date 2024-10-15 for season 20232024.
No valid game log data available for player ID: 8484227 before date 2024-10-15 for season 20222023.
Will Smith has less than 60 GP.
No valid game log data available for player ID: 8482702 before date 2024-10-15 for season 20222023.
Logan Stankoven has less than 60 GP.
No valid game log data available for player ID: 8482702 before date 2024-10-15 for season 20222023.
Logan Stankoven has less than 60 GP.
No valid game log data available for player ID: 8484180 before date 2024-10-15 for season 20232024.
No valid game log data available for player ID: 8484180 before date 2024-10-15 for season 20222023.
Samuel Honzek has less than 60 GP.
No valid game log data available for player ID: 8484180 before date 2024-10-15 for season 20232024.
No valid game log data available for player ID: 8484180 before date 2024-10-15 for season 20222023.
Samuel Honzek has less than 60 GP.
No valid game log data available for player ID: 8484387 before date 2024-10-15 for season 20232024.
No valid game log data available for player ID: 8484387 before date 2024-10-15 for season 20222023.
Matvei Michkov has less than 60 GP.
No valid game log data available for player ID: 8484387 before date 2024-10-15 for season 20232024.
No valid game log data available for player ID: 8484387 before date 2024-10-15 for season 20222023.
Matvei Michkov has less than 60 GP.
No valid game log data available for player ID: 8484221 before date 2024-10-16 for season 20232024.
No valid game log data available for player ID: 8484221 before date 2024-10-16 for season 20222023.
Calum Ritchie has less than 60 GP.
No valid game log data available for player ID: 8484221 before date 2024-10-16 for season 20232024.
No valid game log data available for player ID: 8484221 before date 2024-10-16 for season 20222023.
Calum Ritchie has less than 60 GP.
No valid game log data available for player ID: 8483431 before date 2024-10-16 for season 20222023.
No valid game log data available for player ID: 8483431 before date 2024-10-16 for season 20222023.
No valid game log data available for player ID: 8483445 before date 2024-10-16 for season 20222023.
Cutter Gauthier has less than 60 GP.
No valid game log data available for player ID: 8483445 before date 2024-10-16 for season 20222023.
Cutter Gauthier has less than 60 GP.
No valid game log data available for player ID: 8484153 before date 2024-10-16 for season 20222023.
Leo Carlsson has less than 60 GP.
No valid game log data available for player ID: 8484153 before date 2024-10-16 for season 20222023.
Leo Carlsson has less than 60 GP.
No valid game log data available for player ID: 8484166 before date 2024-10-17 for season 20222023.
Adam Fantilli has less than 60 GP.
No valid game log data available for player ID: 8484166 before date 2024-10-17 for season 20222023.
Adam Fantilli has less than 60 GP.
No valid game log data available for player ID: 8482702 before date 2024-10-17 for season 20222023.
Logan Stankoven has less than 60 GP.
No valid game log data available for player ID: 8482702 before date 2024-10-17 for season 20222023.
Logan Stankoven has less than 60 GP.
No valid game log data available for player ID: 8484387 before date 2024-10-17 for season 20232024.
No valid game log data available for player ID: 8484387 before date 2024-10-17 for season 20222023.
Matvei Michkov has less than 60 GP.
No valid game log data available for player ID: 8484387 before date 2024-10-17 for season 20232024.
No valid game log data available for player ID: 8484387 before date 2024-10-17 for season 20222023.
Matvei Michkov has less than 60 GP.
CSV file modelled_likelihoods_2024-10-17.csv created at /Users/alexmann/Documents/Code_Learning/nhl_fromscratch/modelled_likelihoods_2024-10-17.csv.
Updated Ledger:
[1, '2024-10-11', 27, '91.06', '100.00', '89.48']
[2, '2024-10-15', 68, '242.18', '89.48', '96.90']
[3, '2024-10-16', 26, '111.52', '96.90', '83.72']
