/Users/alexmann/Library/Python/3.9/lib/python/site-packages/urllib3/__init__.py:35: NotOpenSSLWarning: urllib3 v2 only supports OpenSSL 1.1.1+, currently the 'ssl' module is compiled with 'LibreSSL 2.8.3'. See: https://github.com/urllib3/urllib3/issues/3020
  warnings.warn(
Processing Calgary Flames at Boston Bruins, ID: 5c13afe049ef62031aa452f0f2e759f6
Processing Buffalo Sabres at New York Rangers, ID: 68bb2a48a273edeafeff2a4801d65c73
Processing Pittsburgh Penguins at Carolina Hurricanes, ID: c136ac7063d55c7b38c6d040c2144398
Processing Nashville Predators at Florida Panthers, ID: 7565bc100cb6534fe3559b652c722325
Processing Montréal Canadiens at New Jersey Devils, ID: 65352e3b36ada043103898742eb8854e
Processing New York Islanders at Ottawa Senators, ID: 11ba620790ade26fe38682ca3cf1bb90
Processing Philadelphia Flyers at Tampa Bay Lightning, ID: 649db83a54382f9678a811221f2ba7a7
Processing Chicago Blackhawks at Dallas Stars, ID: 70412d512d1852bd2e4fd092714a56e1
Processing Colorado Avalanche at Winnipeg Jets, ID: 03e4a9d744fcc53f5f13966c1410b1a6
Processing Utah Hockey Club at St Louis Blues, ID: c6a47beb2560f832b3633c106f58c37a
Processing Vancouver Canucks at Los Angeles Kings, ID: 45e6338633539cbec3002037b0563450
Processing Minnesota Wild at San Jose Sharks, ID: c02bb2d4d51ba290b2d89dc0316436f9
Player: Mikael Granlund
  Bookmaker: FanDuel, Over/Under: Over, Price: 2.42, Points: 2.5, Home Team: San Jose Sharks, Away Team: Minnesota Wild
  Bookmaker: FanDuel, Over/Under: Under, Price: 1.53, Points: 2.5, Home Team: San Jose Sharks, Away Team: Minnesota Wild
  Bookmaker: DraftKings, Over/Under: Over, Price: 2.35, Points: 2.5, Home Team: San Jose Sharks, Away Team: Minnesota Wild
  Bookmaker: DraftKings, Over/Under: Under, Price: 1.57, Points: 2.5, Home Team: San Jose Sharks, Away Team: Minnesota Wild
  Bookmaker: BetOnline.ag, Over/Under: Under, Price: 1.55, Points: 2.5, Home Team: San Jose Sharks, Away Team: Minnesota Wild
  Bookmaker: BetOnline.ag, Over/Under: Over, Price: 2.39, Points: 2.5, Home Team: San Jose Sharks, Away Team: Minnesota Wild
  Bookmaker: BetMGM, Over/Under: Over, Price: 2.3, Points: 2.5, Home Team: San Jose Sharks, Away Team: Minnesota Wild
  Bookmaker: BetMGM, Over/Under: Under, Price: 1.54, Points: 2.5, Home Team: San Jose Sharks, Away Team: Minnesota Wild
Player: Joel Eriksson Ek
  Bookmaker: FanDuel, Over/Under: Over, Price: 1.69, Points: 2.5, Home Team: San Jose Sharks, Away Team: Minnesota Wild
  Bookmaker: FanDuel, Over/Under: Under, Price: 2.1, Points: 2.5, Home Team: San Jose Sharks, Away Team: Minnesota Wild
  Bookmaker: DraftKings, Over/Under: Over, Price: 1.7, Points: 2.5, Home Team: San Jose Sharks, Away Team: Minnesota Wild
  Bookmaker: DraftKings, Over/Under: Under, Price: 2.1, Points: 2.5, Home Team: San Jose Sharks, Away Team: Minnesota Wild
  Bookmaker: BetOnline.ag, Over/Under: Over, Price: 1.69, Points: 2.5, Home Team: San Jose Sharks, Away Team: Minnesota Wild
  Bookmaker: BetOnline.ag, Over/Under: Under, Price: 2.11, Points: 2.5, Home Team: San Jose Sharks, Away Team: Minnesota Wild
  Bookmaker: BetMGM, Over/Under: Over, Price: 1.69, Points: 2.5, Home Team: San Jose Sharks, Away Team: Minnesota Wild
  Bookmaker: BetMGM, Over/Under: Under, Price: 2.05, Points: 2.5, Home Team: San Jose Sharks, Away Team: Minnesota Wild
Player: Macklin Celebrini
  Bookmaker: FanDuel, Over/Under: Over, Price: 2.34, Points: 2.5, Home Team: San Jose Sharks, Away Team: Minnesota Wild
  Bookmaker: FanDuel, Over/Under: Under, Price: 1.57, Points: 2.5, Home Team: San Jose Sharks, Away Team: Minnesota Wild
  Bookmaker: DraftKings, Over/Under: Over, Price: 2.35, Points: 2.5, Home Team: San Jose Sharks, Away Team: Minnesota Wild
  Bookmaker: DraftKings, Over/Under: Under, Price: 1.57, Points: 2.5, Home Team: San Jose Sharks, Away Team: Minnesota Wild
  Bookmaker: BetOnline.ag, Over/Under: Under, Price: 1.56, Points: 2.5, Home Team: San Jose Sharks, Away Team: Minnesota Wild
  Bookmaker: BetOnline.ag, Over/Under: Over, Price: 2.36, Points: 2.5, Home Team: San Jose Sharks, Away Team: Minnesota Wild
  Bookmaker: BetMGM, Over/Under: Over, Price: 2.3, Points: 2.5, Home Team: San Jose Sharks, Away Team: Minnesota Wild
  Bookmaker: BetMGM, Over/Under: Under, Price: 1.57, Points: 2.5, Home Team: San Jose Sharks, Away Team: Minnesota Wild
Player: William Eklund
  Bookmaker: FanDuel, Over/Under: Over, Price: 1.62, Points: 1.5, Home Team: San Jose Sharks, Away Team: Minnesota Wild
  Bookmaker: FanDuel, Over/Under: Under, Price: 2.22, Points: 1.5, Home Team: San Jose Sharks, Away Team: Minnesota Wild
  Bookmaker: DraftKings, Over/Under: Over, Price: 1.62, Points: 1.5, Home Team: San Jose Sharks, Away Team: Minnesota Wild
  Bookmaker: DraftKings, Over/Under: Under, Price: 2.26, Points: 1.5, Home Team: San Jose Sharks, Away Team: Minnesota Wild
  Bookmaker: BetOnline.ag, Over/Under: Over, Price: 1.62, Points: 1.5, Home Team: San Jose Sharks, Away Team: Minnesota Wild
  Bookmaker: BetOnline.ag, Over/Under: Under, Price: 2.24, Points: 1.5, Home Team: San Jose Sharks, Away Team: Minnesota Wild
  Bookmaker: BetMGM, Over/Under: Over, Price: 1.61, Points: 1.5, Home Team: San Jose Sharks, Away Team: Minnesota Wild
  Bookmaker: BetMGM, Over/Under: Under, Price: 2.25, Points: 1.5, Home Team: San Jose Sharks, Away Team: Minnesota Wild
Player: Ryan Hartman
  Bookmaker: FanDuel, Over/Under: Over, Price: 2.44, Points: 2.5, Home Team: San Jose Sharks, Away Team: Minnesota Wild
  Bookmaker: FanDuel, Over/Under: Under, Price: 1.53, Points: 2.5, Home Team: San Jose Sharks, Away Team: Minnesota Wild
  Bookmaker: DraftKings, Over/Under: Over, Price: 2.45, Points: 2.5, Home Team: San Jose Sharks, Away Team: Minnesota Wild
  Bookmaker: DraftKings, Over/Under: Under, Price: 1.53, Points: 2.5, Home Team: San Jose Sharks, Away Team: Minnesota Wild
  Bookmaker: BetOnline.ag, Over/Under: Over, Price: 2.46, Points: 2.5, Home Team: San Jose Sharks, Away Team: Minnesota Wild
  Bookmaker: BetOnline.ag, Over/Under: Under, Price: 1.52, Points: 2.5, Home Team: San Jose Sharks, Away Team: Minnesota Wild
  Bookmaker: BetMGM, Over/Under: Over, Price: 2.4, Points: 2.5, Home Team: San Jose Sharks, Away Team: Minnesota Wild
  Bookmaker: BetMGM, Over/Under: Under, Price: 1.53, Points: 2.5, Home Team: San Jose Sharks, Away Team: Minnesota Wild
Player: Fabian Zetterlund
  Bookmaker: FanDuel, Over/Under: Over, Price: 2.26, Points: 2.5, Home Team: San Jose Sharks, Away Team: Minnesota Wild
  Bookmaker: FanDuel, Over/Under: Under, Price: 1.61, Points: 2.5, Home Team: San Jose Sharks, Away Team: Minnesota Wild
  Bookmaker: DraftKings, Over/Under: Over, Price: 2.26, Points: 2.5, Home Team: San Jose Sharks, Away Team: Minnesota Wild
  Bookmaker: DraftKings, Over/Under: Under, Price: 1.62, Points: 2.5, Home Team: San Jose Sharks, Away Team: Minnesota Wild
  Bookmaker: BetOnline.ag, Over/Under: Over, Price: 2.26, Points: 2.5, Home Team: San Jose Sharks, Away Team: Minnesota Wild
  Bookmaker: BetOnline.ag, Over/Under: Under, Price: 1.61, Points: 2.5, Home Team: San Jose Sharks, Away Team: Minnesota Wild
  Bookmaker: BetMGM, Over/Under: Over, Price: 2.2, Points: 2.5, Home Team: San Jose Sharks, Away Team: Minnesota Wild
  Bookmaker: BetMGM, Over/Under: Under, Price: 1.61, Points: 2.5, Home Team: San Jose Sharks, Away Team: Minnesota Wild
Player: Matt Boldy
  Bookmaker: FanDuel, Over/Under: Over, Price: 2.25, Points: 3.5, Home Team: San Jose Sharks, Away Team: Minnesota Wild
  Bookmaker: FanDuel, Over/Under: Under, Price: 1.61, Points: 3.5, Home Team: San Jose Sharks, Away Team: Minnesota Wild
  Bookmaker: DraftKings, Over/Under: Over, Price: 2.2, Points: 3.5, Home Team: San Jose Sharks, Away Team: Minnesota Wild
  Bookmaker: DraftKings, Over/Under: Under, Price: 1.65, Points: 3.5, Home Team: San Jose Sharks, Away Team: Minnesota Wild
  Bookmaker: BetOnline.ag, Over/Under: Over, Price: 2.22, Points: 3.5, Home Team: San Jose Sharks, Away Team: Minnesota Wild
  Bookmaker: BetOnline.ag, Over/Under: Under, Price: 1.63, Points: 3.5, Home Team: San Jose Sharks, Away Team: Minnesota Wild
  Bookmaker: BetMGM, Over/Under: Over, Price: 2.2, Points: 3.5, Home Team: San Jose Sharks, Away Team: Minnesota Wild
  Bookmaker: BetMGM, Over/Under: Under, Price: 1.62, Points: 3.5, Home Team: San Jose Sharks, Away Team: Minnesota Wild
Player: Tyler Toffoli
  Bookmaker: FanDuel, Over/Under: Over, Price: 1.91, Points: 2.5, Home Team: San Jose Sharks, Away Team: Minnesota Wild
  Bookmaker: FanDuel, Over/Under: Under, Price: 1.85, Points: 2.5, Home Team: San Jose Sharks, Away Team: Minnesota Wild
  Bookmaker: DraftKings, Over/Under: Over, Price: 1.91, Points: 2.5, Home Team: San Jose Sharks, Away Team: Minnesota Wild
  Bookmaker: DraftKings, Over/Under: Under, Price: 1.83, Points: 2.5, Home Team: San Jose Sharks, Away Team: Minnesota Wild
  Bookmaker: BetOnline.ag, Over/Under: Under, Price: 1.84, Points: 2.5, Home Team: San Jose Sharks, Away Team: Minnesota Wild
  Bookmaker: BetOnline.ag, Over/Under: Over, Price: 1.92, Points: 2.5, Home Team: San Jose Sharks, Away Team: Minnesota Wild
  Bookmaker: BetMGM, Over/Under: Over, Price: 1.87, Points: 2.5, Home Team: San Jose Sharks, Away Team: Minnesota Wild
  Bookmaker: BetMGM, Over/Under: Under, Price: 1.83, Points: 2.5, Home Team: San Jose Sharks, Away Team: Minnesota Wild
Player: Kirill Kaprizov
  Bookmaker: FanDuel, Over/Under: Over, Price: 1.96, Points: 3.5, Home Team: San Jose Sharks, Away Team: Minnesota Wild
  Bookmaker: FanDuel, Over/Under: Under, Price: 1.8, Points: 3.5, Home Team: San Jose Sharks, Away Team: Minnesota Wild
  Bookmaker: DraftKings, Over/Under: Over, Price: 1.91, Points: 3.5, Home Team: San Jose Sharks, Away Team: Minnesota Wild
  Bookmaker: DraftKings, Over/Under: Under, Price: 1.83, Points: 3.5, Home Team: San Jose Sharks, Away Team: Minnesota Wild
  Bookmaker: BetOnline.ag, Over/Under: Under, Price: 1.83, Points: 3.5, Home Team: San Jose Sharks, Away Team: Minnesota Wild
  Bookmaker: BetOnline.ag, Over/Under: Over, Price: 1.93, Points: 3.5, Home Team: San Jose Sharks, Away Team: Minnesota Wild
  Bookmaker: BetMGM, Over/Under: Over, Price: 1.91, Points: 3.5, Home Team: San Jose Sharks, Away Team: Minnesota Wild
  Bookmaker: BetMGM, Over/Under: Under, Price: 1.83, Points: 3.5, Home Team: San Jose Sharks, Away Team: Minnesota Wild
Player: Marco Rossi
  Bookmaker: FanDuel, Over/Under: Over, Price: 1.68, Points: 1.5, Home Team: San Jose Sharks, Away Team: Minnesota Wild
  Bookmaker: FanDuel, Over/Under: Under, Price: 2.12, Points: 1.5, Home Team: San Jose Sharks, Away Team: Minnesota Wild
  Bookmaker: DraftKings, Over/Under: Over, Price: 1.68, Points: 1.5, Home Team: San Jose Sharks, Away Team: Minnesota Wild
  Bookmaker: DraftKings, Over/Under: Under, Price: 2.15, Points: 1.5, Home Team: San Jose Sharks, Away Team: Minnesota Wild
  Bookmaker: BetOnline.ag, Over/Under: Over, Price: 1.67, Points: 1.5, Home Team: San Jose Sharks, Away Team: Minnesota Wild
  Bookmaker: BetOnline.ag, Over/Under: Under, Price: 2.15, Points: 1.5, Home Team: San Jose Sharks, Away Team: Minnesota Wild
  Bookmaker: BetMGM, Over/Under: Over, Price: 1.69, Points: 1.5, Home Team: San Jose Sharks, Away Team: Minnesota Wild
  Bookmaker: BetMGM, Over/Under: Under, Price: 2.05, Points: 1.5, Home Team: San Jose Sharks, Away Team: Minnesota Wild
Player: Mats Zuccarello
  Bookmaker: FanDuel, Over/Under: Over, Price: 1.93, Points: 2.5, Home Team: San Jose Sharks, Away Team: Minnesota Wild
  Bookmaker: FanDuel, Over/Under: Under, Price: 1.83, Points: 2.5, Home Team: San Jose Sharks, Away Team: Minnesota Wild
  Bookmaker: DraftKings, Over/Under: Over, Price: 2.0, Points: 2.5, Home Team: San Jose Sharks, Away Team: Minnesota Wild
  Bookmaker: DraftKings, Over/Under: Under, Price: 1.77, Points: 2.5, Home Team: San Jose Sharks, Away Team: Minnesota Wild
  Bookmaker: BetOnline.ag, Over/Under: Under, Price: 1.79, Points: 2.5, Home Team: San Jose Sharks, Away Team: Minnesota Wild
  Bookmaker: BetOnline.ag, Over/Under: Over, Price: 1.98, Points: 2.5, Home Team: San Jose Sharks, Away Team: Minnesota Wild
  Bookmaker: BetMGM, Over/Under: Over, Price: 1.95, Points: 2.5, Home Team: San Jose Sharks, Away Team: Minnesota Wild
  Bookmaker: BetMGM, Over/Under: Under, Price: 1.77, Points: 2.5, Home Team: San Jose Sharks, Away Team: Minnesota Wild
Used requests: 52
Remaining requests: 448
/Users/alexmann/Library/Python/3.9/lib/python/site-packages/urllib3/__init__.py:35: NotOpenSSLWarning: urllib3 v2 only supports OpenSSL 1.1.1+, currently the 'ssl' module is compiled with 'LibreSSL 2.8.3'. See: https://github.com/urllib3/urllib3/issues/3020
  warnings.warn(
Fetching and storing player data with weights: x_10 = 5, x_2024 = 3, x_2023 = 2, x_2022 = 1
Using ledger: daily_ledger_scaled, model table: modelled_likelihoods
Found 354 players to model.
No valid game log data available for player ID: 8482074 before date 2024-11-07 for season 20222023.
No valid game log data available for player ID: 8482074 before date 2024-11-07 for season 20222023.
No valid game log data available for player ID: 8484145 before date 2024-11-07 for season 20222023.
No valid game log data available for player ID: 8484145 before date 2024-11-07 for season 20222023.
No valid game log data available for player ID: 8484958 before date 2024-11-07 for season 20232024.
No valid game log data available for player ID: 8484958 before date 2024-11-07 for season 20222023.
Maxim Tsyplakov has less than 60 GP.
No valid game log data available for player ID: 8484958 before date 2024-11-07 for season 20232024.
No valid game log data available for player ID: 8484958 before date 2024-11-07 for season 20222023.
Maxim Tsyplakov has less than 60 GP.
No valid game log data available for player ID: 8476461 before date 2024-11-07 for season 20222023.
No valid game log data available for player ID: 8476461 before date 2024-11-07 for season 20222023.
No valid game log data available for player ID: 8484387 before date 2024-11-07 for season 20232024.
No valid game log data available for player ID: 8484387 before date 2024-11-07 for season 20222023.
Matvei Michkov has less than 60 GP.
No valid game log data available for player ID: 8484387 before date 2024-11-07 for season 20232024.
No valid game log data available for player ID: 8484387 before date 2024-11-07 for season 20222023.
Matvei Michkov has less than 60 GP.
No valid game log data available for player ID: 8484144 before date 2024-11-07 for season 20222023.
No valid game log data available for player ID: 8484144 before date 2024-11-07 for season 20222023.
No valid game log data available for player ID: 8482702 before date 2024-11-07 for season 20222023.
Logan Stankoven has less than 60 GP.
No valid game log data available for player ID: 8482702 before date 2024-11-07 for season 20222023.
Logan Stankoven has less than 60 GP.
No valid game log data available for player ID: 8483431 before date 2024-11-07 for season 20222023.
No valid game log data available for player ID: 8483431 before date 2024-11-07 for season 20222023.
No valid game log data available for player ID: 8482155 before date 2024-11-07 for season 20222023.
No valid game log data available for player ID: 8482155 before date 2024-11-07 for season 20222023.
No valid game log data available for player ID: 8484801 before date 2024-11-07 for season 20232024.
No valid game log data available for player ID: 8484801 before date 2024-11-07 for season 20222023.
Macklin Celebrini has less than 60 GP.
No valid game log data available for player ID: 8484801 before date 2024-11-07 for season 20232024.
No valid game log data available for player ID: 8484801 before date 2024-11-07 for season 20222023.
Macklin Celebrini has less than 60 GP.
/Users/alexmann/Documents/Code_Learning/nhl_fromscratch/weight_test.py:4: DeprecationWarning: 
Pyarrow will become a required dependency of pandas in the next major release of pandas (pandas 3.0),
(to allow more performant data types, such as the Arrow string type, and better interoperability with other libraries)
but was not found to be installed on your system.
If this would cause problems for you,
please provide us feedback at https://github.com/pandas-dev/pandas/issues/54466
        
  import pandas as pd # type: ignore
/Users/alexmann/Library/Python/3.9/lib/python/site-packages/urllib3/__init__.py:35: NotOpenSSLWarning: urllib3 v2 only supports OpenSSL 1.1.1+, currently the 'ssl' module is compiled with 'LibreSSL 2.8.3'. See: https://github.com/urllib3/urllib3/issues/3020
  warnings.warn(
Python interpreter: /Library/Developer/CommandLineTools/usr/bin/python3
Created table daily_ledger_scaled_weight3
Created table modelled_likelihoods_weight3
Fetching and storing player data with weights: x_10 = 3, x_2024 = 3, x_2023 = 2, x_2022 = 1
Using ledger: daily_ledger_scaled_weight3, model table: modelled_likelihoods_weight3
Found 354 players to model.
No valid game log data available for player ID: 8482074 before date 2024-11-07 for season 20222023.
No valid game log data available for player ID: 8482074 before date 2024-11-07 for season 20222023.
No valid game log data available for player ID: 8484145 before date 2024-11-07 for season 20222023.
No valid game log data available for player ID: 8484145 before date 2024-11-07 for season 20222023.
No valid game log data available for player ID: 8484958 before date 2024-11-07 for season 20232024.
No valid game log data available for player ID: 8484958 before date 2024-11-07 for season 20222023.
Maxim Tsyplakov has less than 60 GP.
No valid game log data available for player ID: 8484958 before date 2024-11-07 for season 20232024.
No valid game log data available for player ID: 8484958 before date 2024-11-07 for season 20222023.
Maxim Tsyplakov has less than 60 GP.
No valid game log data available for player ID: 8476461 before date 2024-11-07 for season 20222023.
No valid game log data available for player ID: 8476461 before date 2024-11-07 for season 20222023.
No valid game log data available for player ID: 8484387 before date 2024-11-07 for season 20232024.
No valid game log data available for player ID: 8484387 before date 2024-11-07 for season 20222023.
Matvei Michkov has less than 60 GP.
No valid game log data available for player ID: 8484387 before date 2024-11-07 for season 20232024.
No valid game log data available for player ID: 8484387 before date 2024-11-07 for season 20222023.
Matvei Michkov has less than 60 GP.
No valid game log data available for player ID: 8484144 before date 2024-11-07 for season 20222023.
No valid game log data available for player ID: 8484144 before date 2024-11-07 for season 20222023.
No valid game log data available for player ID: 8482702 before date 2024-11-07 for season 20222023.
Logan Stankoven has less than 60 GP.
No valid game log data available for player ID: 8482702 before date 2024-11-07 for season 20222023.
Logan Stankoven has less than 60 GP.
No valid game log data available for player ID: 8483431 before date 2024-11-07 for season 20222023.
No valid game log data available for player ID: 8483431 before date 2024-11-07 for season 20222023.
No valid game log data available for player ID: 8482155 before date 2024-11-07 for season 20222023.
No valid game log data available for player ID: 8482155 before date 2024-11-07 for season 20222023.
No valid game log data available for player ID: 8484801 before date 2024-11-07 for season 20232024.
No valid game log data available for player ID: 8484801 before date 2024-11-07 for season 20222023.
Macklin Celebrini has less than 60 GP.
No valid game log data available for player ID: 8484801 before date 2024-11-07 for season 20232024.
No valid game log data available for player ID: 8484801 before date 2024-11-07 for season 20222023.
Macklin Celebrini has less than 60 GP.
Entire daily_ledger_scaled_weight3 table:
Empty DataFrame
Columns: [id, date, number_of_bets_suggested, dollar_value_of_bets_suggested, initial_dollar_value, final_dollar_value]
Index: []
Daily dollar amounts for daily_ledger_scaled_weight3:
Empty DataFrame
Columns: [final_dollar_value]
Index: []
Created table daily_ledger_scaled_weight4
Created table modelled_likelihoods_weight4
Fetching and storing player data with weights: x_10 = 4, x_2024 = 3, x_2023 = 2, x_2022 = 1
Using ledger: daily_ledger_scaled_weight4, model table: modelled_likelihoods_weight4
Found 354 players to model.
No valid game log data available for player ID: 8482074 before date 2024-11-07 for season 20222023.
No valid game log data available for player ID: 8482074 before date 2024-11-07 for season 20222023.
No valid game log data available for player ID: 8484145 before date 2024-11-07 for season 20222023.
No valid game log data available for player ID: 8484145 before date 2024-11-07 for season 20222023.
No valid game log data available for player ID: 8484958 before date 2024-11-07 for season 20232024.
No valid game log data available for player ID: 8484958 before date 2024-11-07 for season 20222023.
Maxim Tsyplakov has less than 60 GP.
No valid game log data available for player ID: 8484958 before date 2024-11-07 for season 20232024.
No valid game log data available for player ID: 8484958 before date 2024-11-07 for season 20222023.
Maxim Tsyplakov has less than 60 GP.
No valid game log data available for player ID: 8476461 before date 2024-11-07 for season 20222023.
No valid game log data available for player ID: 8476461 before date 2024-11-07 for season 20222023.
No valid game log data available for player ID: 8484387 before date 2024-11-07 for season 20232024.
No valid game log data available for player ID: 8484387 before date 2024-11-07 for season 20222023.
Matvei Michkov has less than 60 GP.
No valid game log data available for player ID: 8484387 before date 2024-11-07 for season 20232024.
No valid game log data available for player ID: 8484387 before date 2024-11-07 for season 20222023.
Matvei Michkov has less than 60 GP.
No valid game log data available for player ID: 8484144 before date 2024-11-07 for season 20222023.
No valid game log data available for player ID: 8484144 before date 2024-11-07 for season 20222023.
No valid game log data available for player ID: 8482702 before date 2024-11-07 for season 20222023.
Logan Stankoven has less than 60 GP.
No valid game log data available for player ID: 8482702 before date 2024-11-07 for season 20222023.
Logan Stankoven has less than 60 GP.
No valid game log data available for player ID: 8483431 before date 2024-11-07 for season 20222023.
No valid game log data available for player ID: 8483431 before date 2024-11-07 for season 20222023.
No valid game log data available for player ID: 8482155 before date 2024-11-07 for season 20222023.
No valid game log data available for player ID: 8482155 before date 2024-11-07 for season 20222023.
No valid game log data available for player ID: 8484801 before date 2024-11-07 for season 20232024.
No valid game log data available for player ID: 8484801 before date 2024-11-07 for season 20222023.
Macklin Celebrini has less than 60 GP.
No valid game log data available for player ID: 8484801 before date 2024-11-07 for season 20232024.
No valid game log data available for player ID: 8484801 before date 2024-11-07 for season 20222023.
Macklin Celebrini has less than 60 GP.
Entire daily_ledger_scaled_weight4 table:
Empty DataFrame
Columns: [id, date, number_of_bets_suggested, dollar_value_of_bets_suggested, initial_dollar_value, final_dollar_value]
Index: []
Daily dollar amounts for daily_ledger_scaled_weight4:
Empty DataFrame
Columns: [final_dollar_value]
Index: []
CSV file modelled_likelihoods_weight4_2024-11-07.csv created at /Users/alexmann/Documents/Code_Learning/nhl_fromscratch/daily_odds/modelled_likelihoods_weight4_2024-11-07.csv.
Created table daily_ledger_scaled
Created table modelled_likelihoods
Fetching and storing player data with weights: x_10 = 5, x_2024 = 3, x_2023 = 2, x_2022 = 1
Using ledger: daily_ledger_scaled, model table: modelled_likelihoods
Found 44 players to model.
No valid game log data available for player ID: 8484958 before date 2024-11-07 for season 20232024.
No valid game log data available for player ID: 8484958 before date 2024-11-07 for season 20222023.
Maxim Tsyplakov has less than 60 GP.
No valid game log data available for player ID: 8484958 before date 2024-11-07 for season 20232024.
No valid game log data available for player ID: 8484958 before date 2024-11-07 for season 20222023.
Maxim Tsyplakov has less than 60 GP.
No valid game log data available for player ID: 8484387 before date 2024-11-07 for season 20232024.
No valid game log data available for player ID: 8484387 before date 2024-11-07 for season 20222023.
Matvei Michkov has less than 60 GP.
2024-11-07 07:38:56.433 Python[83373:49530943] WARNING: Secure coding is automatically enabled for restorable state! However, not on all supported macOS versions of this application. Opt-in to secure coding explicitly by implementing NSApplicationDelegate.applicationSupportsSecureRestorableState:.
No valid game log data available for player ID: 8484387 before date 2024-11-07 for season 20232024.
No valid game log data available for player ID: 8484387 before date 2024-11-07 for season 20222023.
Matvei Michkov has less than 60 GP.
No valid game log data available for player ID: 8484144 before date 2024-11-07 for season 20222023.
No valid game log data available for player ID: 8484144 before date 2024-11-07 for season 20222023.
No valid game log data available for player ID: 8482702 before date 2024-11-07 for season 20222023.
Logan Stankoven has less than 60 GP.
No valid game log data available for player ID: 8482702 before date 2024-11-07 for season 20222023.
Logan Stankoven has less than 60 GP.
No valid game log data available for player ID: 8484801 before date 2024-11-07 for season 20232024.
No valid game log data available for player ID: 8484801 before date 2024-11-07 for season 20222023.
Macklin Celebrini has less than 60 GP.
No valid game log data available for player ID: 8484801 before date 2024-11-07 for season 20232024.
No valid game log data available for player ID: 8484801 before date 2024-11-07 for season 20222023.
Macklin Celebrini has less than 60 GP.
Entire daily_ledger_scaled table:
Empty DataFrame
Columns: [id, date, number_of_bets_suggested, dollar_value_of_bets_suggested, initial_dollar_value, final_dollar_value]
Index: []
Daily dollar amounts for daily_ledger_scaled:
Empty DataFrame
Columns: [final_dollar_value]
Index: []
Created table daily_ledger_scaled_weight6
Created table modelled_likelihoods_weight6
Fetching and storing player data with weights: x_10 = 6, x_2024 = 3, x_2023 = 2, x_2022 = 1
Using ledger: daily_ledger_scaled_weight6, model table: modelled_likelihoods_weight6
Found 354 players to model.
No valid game log data available for player ID: 8482074 before date 2024-11-07 for season 20222023.
No valid game log data available for player ID: 8482074 before date 2024-11-07 for season 20222023.
No valid game log data available for player ID: 8484145 before date 2024-11-07 for season 20222023.
No valid game log data available for player ID: 8484145 before date 2024-11-07 for season 20222023.
No valid game log data available for player ID: 8484958 before date 2024-11-07 for season 20232024.
No valid game log data available for player ID: 8484958 before date 2024-11-07 for season 20222023.
Maxim Tsyplakov has less than 60 GP.
No valid game log data available for player ID: 8484958 before date 2024-11-07 for season 20232024.
No valid game log data available for player ID: 8484958 before date 2024-11-07 for season 20222023.
Maxim Tsyplakov has less than 60 GP.
No valid game log data available for player ID: 8476461 before date 2024-11-07 for season 20222023.
No valid game log data available for player ID: 8476461 before date 2024-11-07 for season 20222023.
No valid game log data available for player ID: 8484387 before date 2024-11-07 for season 20232024.
No valid game log data available for player ID: 8484387 before date 2024-11-07 for season 20222023.
Matvei Michkov has less than 60 GP.
No valid game log data available for player ID: 8484387 before date 2024-11-07 for season 20232024.
No valid game log data available for player ID: 8484387 before date 2024-11-07 for season 20222023.
Matvei Michkov has less than 60 GP.
No valid game log data available for player ID: 8484144 before date 2024-11-07 for season 20222023.
No valid game log data available for player ID: 8484144 before date 2024-11-07 for season 20222023.
No valid game log data available for player ID: 8482702 before date 2024-11-07 for season 20222023.
Logan Stankoven has less than 60 GP.
No valid game log data available for player ID: 8482702 before date 2024-11-07 for season 20222023.
Logan Stankoven has less than 60 GP.
No valid game log data available for player ID: 8483431 before date 2024-11-07 for season 20222023.
No valid game log data available for player ID: 8483431 before date 2024-11-07 for season 20222023.
No valid game log data available for player ID: 8482155 before date 2024-11-07 for season 20222023.
No valid game log data available for player ID: 8482155 before date 2024-11-07 for season 20222023.
No valid game log data available for player ID: 8484801 before date 2024-11-07 for season 20232024.
No valid game log data available for player ID: 8484801 before date 2024-11-07 for season 20222023.
Macklin Celebrini has less than 60 GP.
No valid game log data available for player ID: 8484801 before date 2024-11-07 for season 20232024.
No valid game log data available for player ID: 8484801 before date 2024-11-07 for season 20222023.
Macklin Celebrini has less than 60 GP.
Entire daily_ledger_scaled_weight6 table:
Empty DataFrame
Columns: [id, date, number_of_bets_suggested, dollar_value_of_bets_suggested, initial_dollar_value, final_dollar_value]
Index: []
Daily dollar amounts for daily_ledger_scaled_weight6:
Empty DataFrame
Columns: [final_dollar_value]
Index: []
/Users/alexmann/Documents/Code_Learning/nhl_fromscratch/opposition_test.py:4: DeprecationWarning: 
Pyarrow will become a required dependency of pandas in the next major release of pandas (pandas 3.0),
(to allow more performant data types, such as the Arrow string type, and better interoperability with other libraries)
but was not found to be installed on your system.
If this would cause problems for you,
please provide us feedback at https://github.com/pandas-dev/pandas/issues/54466
        
  import pandas as pd # type: ignore
/Users/alexmann/Library/Python/3.9/lib/python/site-packages/urllib3/__init__.py:35: NotOpenSSLWarning: urllib3 v2 only supports OpenSSL 1.1.1+, currently the 'ssl' module is compiled with 'LibreSSL 2.8.3'. See: https://github.com/urllib3/urllib3/issues/3020
  warnings.warn(
Python interpreter: /Library/Developer/CommandLineTools/usr/bin/python3
Created table daily_ledger_scaled_weight4_tenthOppositionFactor
Created table modelled_likelihoods_weight4_tenthOppositionFactor
Fetching and storing player data with weights: x_10 = 4, x_2024 = 3, x_2023 = 2, x_2022 = 1
Using ledger: daily_ledger_scaled_weight4_wQuarterOppositionFactor, model table: modelled_likelihoods_weight4_wQuarterOppositionFactor
Found 354 players to model.
No valid game log data available for player ID: 8482074 before date 2024-11-07 for season 20222023.
No valid game log data available for player ID: 8482074 before date 2024-11-07 for season 20222023.
No valid game log data available for player ID: 8484145 before date 2024-11-07 for season 20222023.
No valid game log data available for player ID: 8484145 before date 2024-11-07 for season 20222023.
No valid game log data available for player ID: 8484958 before date 2024-11-07 for season 20232024.
No valid game log data available for player ID: 8484958 before date 2024-11-07 for season 20222023.
Maxim Tsyplakov has less than 60 GP.
No valid game log data available for player ID: 8484958 before date 2024-11-07 for season 20232024.
No valid game log data available for player ID: 8484958 before date 2024-11-07 for season 20222023.
Maxim Tsyplakov has less than 60 GP.
No valid game log data available for player ID: 8476461 before date 2024-11-07 for season 20222023.
No valid game log data available for player ID: 8476461 before date 2024-11-07 for season 20222023.
No valid game log data available for player ID: 8484387 before date 2024-11-07 for season 20232024.
No valid game log data available for player ID: 8484387 before date 2024-11-07 for season 20222023.
Matvei Michkov has less than 60 GP.
No valid game log data available for player ID: 8484387 before date 2024-11-07 for season 20232024.
No valid game log data available for player ID: 8484387 before date 2024-11-07 for season 20222023.
Matvei Michkov has less than 60 GP.
No valid game log data available for player ID: 8484144 before date 2024-11-07 for season 20222023.
No valid game log data available for player ID: 8484144 before date 2024-11-07 for season 20222023.
No valid game log data available for player ID: 8482702 before date 2024-11-07 for season 20222023.
Logan Stankoven has less than 60 GP.
No valid game log data available for player ID: 8482702 before date 2024-11-07 for season 20222023.
Logan Stankoven has less than 60 GP.
No valid game log data available for player ID: 8483431 before date 2024-11-07 for season 20222023.
No valid game log data available for player ID: 8483431 before date 2024-11-07 for season 20222023.
No valid game log data available for player ID: 8482155 before date 2024-11-07 for season 20222023.
No valid game log data available for player ID: 8482155 before date 2024-11-07 for season 20222023.
No valid game log data available for player ID: 8484801 before date 2024-11-07 for season 20232024.
No valid game log data available for player ID: 8484801 before date 2024-11-07 for season 20222023.
Macklin Celebrini has less than 60 GP.
No valid game log data available for player ID: 8484801 before date 2024-11-07 for season 20232024.
No valid game log data available for player ID: 8484801 before date 2024-11-07 for season 20222023.
Macklin Celebrini has less than 60 GP.
Fetching and storing player data with weights: x_10 = 4, x_2024 = 3, x_2023 = 2, x_2022 = 1
Using ledger: daily_ledger_scaled_weight4_wHalfOppositionFactor, model table: modelled_likelihoods_weight4_wHalfOppositionFactor
Found 354 players to model.
No valid game log data available for player ID: 8482074 before date 2024-11-07 for season 20222023.
No valid game log data available for player ID: 8482074 before date 2024-11-07 for season 20222023.
No valid game log data available for player ID: 8484145 before date 2024-11-07 for season 20222023.
No valid game log data available for player ID: 8484145 before date 2024-11-07 for season 20222023.
No valid game log data available for player ID: 8484958 before date 2024-11-07 for season 20232024.
No valid game log data available for player ID: 8484958 before date 2024-11-07 for season 20222023.
Maxim Tsyplakov has less than 60 GP.
No valid game log data available for player ID: 8484958 before date 2024-11-07 for season 20232024.
No valid game log data available for player ID: 8484958 before date 2024-11-07 for season 20222023.
Maxim Tsyplakov has less than 60 GP.
No valid game log data available for player ID: 8476461 before date 2024-11-07 for season 20222023.
No valid game log data available for player ID: 8476461 before date 2024-11-07 for season 20222023.
No valid game log data available for player ID: 8484387 before date 2024-11-07 for season 20232024.
No valid game log data available for player ID: 8484387 before date 2024-11-07 for season 20222023.
Matvei Michkov has less than 60 GP.
No valid game log data available for player ID: 8484387 before date 2024-11-07 for season 20232024.
No valid game log data available for player ID: 8484387 before date 2024-11-07 for season 20222023.
Matvei Michkov has less than 60 GP.
No valid game log data available for player ID: 8484144 before date 2024-11-07 for season 20222023.
No valid game log data available for player ID: 8484144 before date 2024-11-07 for season 20222023.
No valid game log data available for player ID: 8482702 before date 2024-11-07 for season 20222023.
Logan Stankoven has less than 60 GP.
No valid game log data available for player ID: 8482702 before date 2024-11-07 for season 20222023.
Logan Stankoven has less than 60 GP.
No valid game log data available for player ID: 8483431 before date 2024-11-07 for season 20222023.
No valid game log data available for player ID: 8483431 before date 2024-11-07 for season 20222023.
No valid game log data available for player ID: 8482155 before date 2024-11-07 for season 20222023.
No valid game log data available for player ID: 8482155 before date 2024-11-07 for season 20222023.
No valid game log data available for player ID: 8484801 before date 2024-11-07 for season 20232024.
No valid game log data available for player ID: 8484801 before date 2024-11-07 for season 20222023.
Macklin Celebrini has less than 60 GP.
No valid game log data available for player ID: 8484801 before date 2024-11-07 for season 20232024.
No valid game log data available for player ID: 8484801 before date 2024-11-07 for season 20222023.
Macklin Celebrini has less than 60 GP.
Fetching and storing player data with weights: x_10 = 4, x_2024 = 3, x_2023 = 2, x_2022 = 1
Using ledger: daily_ledger_scaled_weight4_wOppositionFactor, model table: modelled_likelihoods_weight4_wOppositionFactor
Found 354 players to model.
No valid game log data available for player ID: 8482074 before date 2024-11-07 for season 20222023.
No valid game log data available for player ID: 8482074 before date 2024-11-07 for season 20222023.
No valid game log data available for player ID: 8484145 before date 2024-11-07 for season 20222023.
No valid game log data available for player ID: 8484145 before date 2024-11-07 for season 20222023.
No valid game log data available for player ID: 8484958 before date 2024-11-07 for season 20232024.
No valid game log data available for player ID: 8484958 before date 2024-11-07 for season 20222023.
Maxim Tsyplakov has less than 60 GP.
No valid game log data available for player ID: 8484958 before date 2024-11-07 for season 20232024.
No valid game log data available for player ID: 8484958 before date 2024-11-07 for season 20222023.
Maxim Tsyplakov has less than 60 GP.
No valid game log data available for player ID: 8476461 before date 2024-11-07 for season 20222023.
No valid game log data available for player ID: 8476461 before date 2024-11-07 for season 20222023.
No valid game log data available for player ID: 8484387 before date 2024-11-07 for season 20232024.
No valid game log data available for player ID: 8484387 before date 2024-11-07 for season 20222023.
Matvei Michkov has less than 60 GP.
No valid game log data available for player ID: 8484387 before date 2024-11-07 for season 20232024.
No valid game log data available for player ID: 8484387 before date 2024-11-07 for season 20222023.
Matvei Michkov has less than 60 GP.
No valid game log data available for player ID: 8484144 before date 2024-11-07 for season 20222023.
No valid game log data available for player ID: 8484144 before date 2024-11-07 for season 20222023.
No valid game log data available for player ID: 8482702 before date 2024-11-07 for season 20222023.
Logan Stankoven has less than 60 GP.
No valid game log data available for player ID: 8482702 before date 2024-11-07 for season 20222023.
Logan Stankoven has less than 60 GP.
No valid game log data available for player ID: 8483431 before date 2024-11-07 for season 20222023.
No valid game log data available for player ID: 8483431 before date 2024-11-07 for season 20222023.
No valid game log data available for player ID: 8482155 before date 2024-11-07 for season 20222023.
No valid game log data available for player ID: 8482155 before date 2024-11-07 for season 20222023.
No valid game log data available for player ID: 8484801 before date 2024-11-07 for season 20232024.
No valid game log data available for player ID: 8484801 before date 2024-11-07 for season 20222023.
Macklin Celebrini has less than 60 GP.
No valid game log data available for player ID: 8484801 before date 2024-11-07 for season 20232024.
No valid game log data available for player ID: 8484801 before date 2024-11-07 for season 20222023.
Macklin Celebrini has less than 60 GP.
Fetching and storing player data with weights: x_10 = 4, x_2024 = 3, x_2023 = 2, x_2022 = 1
Using ledger: daily_ledger_scaled_weight4_tenthOppositionFactor, model table: modelled_likelihoods_weight4_tenthOppositionFactor
Found 354 players to model.
No valid game log data available for player ID: 8482074 before date 2024-11-07 for season 20222023.
No valid game log data available for player ID: 8482074 before date 2024-11-07 for season 20222023.
No valid game log data available for player ID: 8484145 before date 2024-11-07 for season 20222023.
No valid game log data available for player ID: 8484145 before date 2024-11-07 for season 20222023.
No valid game log data available for player ID: 8484958 before date 2024-11-07 for season 20232024.
No valid game log data available for player ID: 8484958 before date 2024-11-07 for season 20222023.
Maxim Tsyplakov has less than 60 GP.
No valid game log data available for player ID: 8484958 before date 2024-11-07 for season 20232024.
No valid game log data available for player ID: 8484958 before date 2024-11-07 for season 20222023.
Maxim Tsyplakov has less than 60 GP.
No valid game log data available for player ID: 8476461 before date 2024-11-07 for season 20222023.
No valid game log data available for player ID: 8476461 before date 2024-11-07 for season 20222023.
No valid game log data available for player ID: 8484387 before date 2024-11-07 for season 20232024.
No valid game log data available for player ID: 8484387 before date 2024-11-07 for season 20222023.
Matvei Michkov has less than 60 GP.
No valid game log data available for player ID: 8484387 before date 2024-11-07 for season 20232024.
No valid game log data available for player ID: 8484387 before date 2024-11-07 for season 20222023.
Matvei Michkov has less than 60 GP.
No valid game log data available for player ID: 8484144 before date 2024-11-07 for season 20222023.
No valid game log data available for player ID: 8484144 before date 2024-11-07 for season 20222023.
No valid game log data available for player ID: 8482702 before date 2024-11-07 for season 20222023.
Logan Stankoven has less than 60 GP.
No valid game log data available for player ID: 8482702 before date 2024-11-07 for season 20222023.
Logan Stankoven has less than 60 GP.
No valid game log data available for player ID: 8483431 before date 2024-11-07 for season 20222023.
No valid game log data available for player ID: 8483431 before date 2024-11-07 for season 20222023.
No valid game log data available for player ID: 8482155 before date 2024-11-07 for season 20222023.
No valid game log data available for player ID: 8482155 before date 2024-11-07 for season 20222023.
No valid game log data available for player ID: 8484801 before date 2024-11-07 for season 20232024.
No valid game log data available for player ID: 8484801 before date 2024-11-07 for season 20222023.
Macklin Celebrini has less than 60 GP.
No valid game log data available for player ID: 8484801 before date 2024-11-07 for season 20232024.
No valid game log data available for player ID: 8484801 before date 2024-11-07 for season 20222023.
Macklin Celebrini has less than 60 GP.
Python interpreter: /Users/alexmann/.pyenv/versions/3.9.16/bin/python3
Fetching and storing player data with weights: x_10 = 5, x_2024 = 3, x_2023 = 2, x_2022 = 1
Using ledger: daily_ledger_scaled, model table: modelled_likelihoods
Found 56 players to model.
No valid game log data available for player ID: 8484958 before date 2024-11-07 for season 20232024.
No valid game log data available for player ID: 8484958 before date 2024-11-07 for season 20222023.
Maxim Tsyplakov has less than 60 GP.
No valid game log data available for player ID: 8484958 before date 2024-11-07 for season 20232024.
No valid game log data available for player ID: 8484958 before date 2024-11-07 for season 20222023.
Maxim Tsyplakov has less than 60 GP.
No valid game log data available for player ID: 8484387 before date 2024-11-07 for season 20232024.
No valid game log data available for player ID: 8484387 before date 2024-11-07 for season 20222023.
Matvei Michkov has less than 60 GP.
No valid game log data available for player ID: 8484387 before date 2024-11-07 for season 20232024.
No valid game log data available for player ID: 8484387 before date 2024-11-07 for season 20222023.
Matvei Michkov has less than 60 GP.
No valid game log data available for player ID: 8484144 before date 2024-11-07 for season 20222023.
No valid game log data available for player ID: 8484144 before date 2024-11-07 for season 20222023.
No valid game log data available for player ID: 8482702 before date 2024-11-07 for season 20222023.
Logan Stankoven has less than 60 GP.
No valid game log data available for player ID: 8482702 before date 2024-11-07 for season 20222023.
Logan Stankoven has less than 60 GP.
No valid game log data available for player ID: 8484801 before date 2024-11-07 for season 20232024.
No valid game log data available for player ID: 8484801 before date 2024-11-07 for season 20222023.
Macklin Celebrini has less than 60 GP.
No valid game log data available for player ID: 8484801 before date 2024-11-07 for season 20232024.
No valid game log data available for player ID: 8484801 before date 2024-11-07 for season 20222023.
Macklin Celebrini has less than 60 GP.
CSV file modelled_likelihoods_2024-11-07.csv created at /Users/alexmann/Documents/Code_Learning/nhl_fromscratch/daily_odds/modelled_likelihoods_2024-11-07.csv.
Updated Ledger (daily_ledger_scaled):
[1, '2024-10-11', 27, '91.06', '100.00', '89.48']
[2, '2024-10-15', 46, '75.72', '89.48', '89.68']
[3, '2024-10-16', 24, '88.09', '89.68', '77.24']
[4, '2024-10-17', 45, '62.52', '77.24', '80.25']
[5, '2024-10-18', 27, '79.52', '80.25', '64.91']
[6, '2024-10-19', 43, '45.81', '64.91', '64.25']
[7, '2024-10-20', 5, '13.11', '64.25', '75.91']
[8, '2024-10-21', 7, '22.30', '75.91', '84.02']
[9, '2024-10-22', 39, '48.96', '84.02', '78.99']
[10, '2024-10-23', 7, '20.05', '78.99', '76.37']
[11, '2024-10-24', 36, '68.50', '76.37', '88.73']
[12, '2024-10-25', 18, '40.38', '88.73', '105.04']
[13, '2024-10-26', 46, '87.79', '105.04', '113.67']
[14, '2024-10-27', 30, '98.46', '113.67', '120.33']
[15, '2024-10-28', 39, '105.53', '120.33', '114.69']
[16, '2024-10-29', 26, '107.34', '114.69', '135.76']
[17, '2024-10-30', 43, '127.44', '135.76', '137.08']
[18, '2024-10-31', 39, '129.14', '137.08', '143.85']
[19, '2024-11-01', 28, '141.94', '143.85', '127.53']
[20, '2024-11-02', 41, '101.88', '127.53', '123.89']
[21, '2024-11-03', 22, '96.50', '123.89', '132.95']
[22, '2024-11-04', 12, '44.97', '132.95', '137.24']
[23, '2024-11-05', 43, '106.32', '137.24', '140.51']
[24, '2024-11-06', 19, '70.47', '140.51', '153.43']
Updated Ledger (daily_ledger_scaled_weight4):
[1, '2024-10-11', 24, '65.15', '100.00', '90.36']
[2, '2024-10-15', 45, '76.20', '90.36', '89.96']
[3, '2024-10-16', 22, '75.71', '89.96', '81.03']
[4, '2024-10-17', 45, '66.30', '81.03', '83.91']
[5, '2024-10-18', 24, '75.03', '83.91', '69.38']
[6, '2024-10-19', 45, '51.69', '69.38', '66.83']
[7, '2024-10-20', 5, '10.79', '66.83', '76.41']
[8, '2024-10-21', 7, '17.71', '76.41', '82.24']
[9, '2024-10-22', 39, '48.56', '82.24', '77.40']
[10, '2024-10-23', 6, '14.84', '77.40', '74.57']
[11, '2024-10-24', 37, '67.13', '74.57', '87.20']
[12, '2024-10-25', 18, '41.94', '87.20', '103.86']
[13, '2024-10-26', 45, '85.29', '103.86', '114.54']
[14, '2024-10-27', 29, '100.07', '114.54', '120.01']
[15, '2024-10-28', 39, '105.47', '120.01', '158.36']
[16, '2024-10-29', 26, '153.62', '158.36', '187.34']
[17, '2024-10-30', 45, '179.64', '187.34', '187.38']
[18, '2024-10-31', 39, '176.51', '187.38', '196.00']
[19, '2024-11-01', 40, '189.12', '196.00', '178.00']
[20, '2024-11-02', 42, '142.14', '178.00', '167.39']
[21, '2024-11-03', 24, '141.43', '167.39', '198.95']
[22, '2024-11-04', 12, '68.63', '198.95', '205.42']
[23, '2024-11-05', 44, '159.41', '205.42', '208.79']
