/Users/alexmann/Library/Python/3.9/lib/python/site-packages/urllib3/__init__.py:35: NotOpenSSLWarning: urllib3 v2 only supports OpenSSL 1.1.1+, currently the 'ssl' module is compiled with 'LibreSSL 2.8.3'. See: https://github.com/urllib3/urllib3/issues/3020
  warnings.warn(
Processing Florida Panthers at Buffalo Sabres, ID: ed71b37f27daa755c7dd8623fbe5c54e
Processing Edmonton Oilers at Columbus Blue Jackets, ID: 0d1eb136acea923fb456fd274bb6e1f5
Processing Nashville Predators at Tampa Bay Lightning, ID: 9ecd006689ad309e8f76f2fde09bbff0
Processing Toronto Maple Leafs at Winnipeg Jets, ID: ec44b733ed316a8283b2ea7b1b297b23
Processing Chicago Blackhawks at Colorado Avalanche, ID: a35549327d647a86aaca34a442365508
Processing San Jose Sharks at Utah Hockey Club, ID: 9d9aa12d99aa96c3ad343bc6ec85d83a
Processing Calgary Flames at Vegas Golden Knights, ID: 54d44558b1fdcec80d6217f687bd4099
Processing Carolina Hurricanes at Vancouver Canucks, ID: a1b4bc31fd1eb11ba3757bf96c367baa
Player: Brock Boeser
  Bookmaker: BetRivers, Over/Under: Over, Price: 2.2, Points: 2.5, Home Team: Vancouver Canucks, Away Team: Carolina Hurricanes
  Bookmaker: BetRivers, Over/Under: Under, Price: 1.64, Points: 2.5, Home Team: Vancouver Canucks, Away Team: Carolina Hurricanes
  Bookmaker: FanDuel, Over/Under: Over, Price: 2.14, Points: 2.5, Home Team: Vancouver Canucks, Away Team: Carolina Hurricanes
  Bookmaker: FanDuel, Over/Under: Under, Price: 1.68, Points: 2.5, Home Team: Vancouver Canucks, Away Team: Carolina Hurricanes
  Bookmaker: BetOnline.ag, Over/Under: Under, Price: 1.62, Points: 2.5, Home Team: Vancouver Canucks, Away Team: Carolina Hurricanes
  Bookmaker: BetOnline.ag, Over/Under: Over, Price: 2.24, Points: 2.5, Home Team: Vancouver Canucks, Away Team: Carolina Hurricanes
  Bookmaker: DraftKings, Over/Under: Over, Price: 2.24, Points: 2.5, Home Team: Vancouver Canucks, Away Team: Carolina Hurricanes
  Bookmaker: DraftKings, Over/Under: Under, Price: 1.62, Points: 2.5, Home Team: Vancouver Canucks, Away Team: Carolina Hurricanes
  Bookmaker: BetMGM, Over/Under: Over, Price: 2.2, Points: 2.5, Home Team: Vancouver Canucks, Away Team: Carolina Hurricanes
  Bookmaker: BetMGM, Over/Under: Under, Price: 1.61, Points: 2.5, Home Team: Vancouver Canucks, Away Team: Carolina Hurricanes
Player: Jake DeBrusk
  Bookmaker: BetRivers, Over/Under: Over, Price: 2.5, Points: 2.5, Home Team: Vancouver Canucks, Away Team: Carolina Hurricanes
  Bookmaker: BetRivers, Over/Under: Under, Price: 1.5, Points: 2.5, Home Team: Vancouver Canucks, Away Team: Carolina Hurricanes
  Bookmaker: FanDuel, Over/Under: Over, Price: 1.51, Points: 1.5, Home Team: Vancouver Canucks, Away Team: Carolina Hurricanes
  Bookmaker: FanDuel, Over/Under: Under, Price: 2.5, Points: 1.5, Home Team: Vancouver Canucks, Away Team: Carolina Hurricanes
  Bookmaker: BetOnline.ag, Over/Under: Under, Price: 2.5, Points: 1.5, Home Team: Vancouver Canucks, Away Team: Carolina Hurricanes
  Bookmaker: BetOnline.ag, Over/Under: Over, Price: 1.51, Points: 1.5, Home Team: Vancouver Canucks, Away Team: Carolina Hurricanes
Player: Quinn Hughes
  Bookmaker: BetRivers, Over/Under: Over, Price: 2.05, Points: 2.5, Home Team: Vancouver Canucks, Away Team: Carolina Hurricanes
  Bookmaker: BetRivers, Over/Under: Under, Price: 1.74, Points: 2.5, Home Team: Vancouver Canucks, Away Team: Carolina Hurricanes
  Bookmaker: FanDuel, Over/Under: Over, Price: 2.12, Points: 2.5, Home Team: Vancouver Canucks, Away Team: Carolina Hurricanes
  Bookmaker: FanDuel, Over/Under: Under, Price: 1.68, Points: 2.5, Home Team: Vancouver Canucks, Away Team: Carolina Hurricanes
  Bookmaker: BetOnline.ag, Over/Under: Over, Price: 2.07, Points: 2.5, Home Team: Vancouver Canucks, Away Team: Carolina Hurricanes
  Bookmaker: BetOnline.ag, Over/Under: Under, Price: 1.72, Points: 2.5, Home Team: Vancouver Canucks, Away Team: Carolina Hurricanes
  Bookmaker: DraftKings, Over/Under: Over, Price: 2.05, Points: 2.5, Home Team: Vancouver Canucks, Away Team: Carolina Hurricanes
  Bookmaker: DraftKings, Over/Under: Under, Price: 1.74, Points: 2.5, Home Team: Vancouver Canucks, Away Team: Carolina Hurricanes
  Bookmaker: BetMGM, Over/Under: Over, Price: 2.0, Points: 2.5, Home Team: Vancouver Canucks, Away Team: Carolina Hurricanes
  Bookmaker: BetMGM, Over/Under: Under, Price: 1.74, Points: 2.5, Home Team: Vancouver Canucks, Away Team: Carolina Hurricanes
Player: J.T. Miller
  Bookmaker: BetRivers, Over/Under: Over, Price: 2.3, Points: 2.5, Home Team: Vancouver Canucks, Away Team: Carolina Hurricanes
  Bookmaker: BetRivers, Over/Under: Under, Price: 1.57, Points: 2.5, Home Team: Vancouver Canucks, Away Team: Carolina Hurricanes
  Bookmaker: FanDuel, Over/Under: Over, Price: 2.3, Points: 2.5, Home Team: Vancouver Canucks, Away Team: Carolina Hurricanes
  Bookmaker: FanDuel, Over/Under: Under, Price: 1.59, Points: 2.5, Home Team: Vancouver Canucks, Away Team: Carolina Hurricanes
  Bookmaker: BetOnline.ag, Over/Under: Over, Price: 2.28, Points: 2.5, Home Team: Vancouver Canucks, Away Team: Carolina Hurricanes
  Bookmaker: BetOnline.ag, Over/Under: Under, Price: 1.6, Points: 2.5, Home Team: Vancouver Canucks, Away Team: Carolina Hurricanes
  Bookmaker: DraftKings, Over/Under: Over, Price: 2.24, Points: 2.5, Home Team: Vancouver Canucks, Away Team: Carolina Hurricanes
  Bookmaker: DraftKings, Over/Under: Under, Price: 1.62, Points: 2.5, Home Team: Vancouver Canucks, Away Team: Carolina Hurricanes
  Bookmaker: BetMGM, Over/Under: Over, Price: 2.25, Points: 2.5, Home Team: Vancouver Canucks, Away Team: Carolina Hurricanes
  Bookmaker: BetMGM, Over/Under: Under, Price: 1.61, Points: 2.5, Home Team: Vancouver Canucks, Away Team: Carolina Hurricanes
Player: Elias Pettersson
  Bookmaker: BetRivers, Over/Under: Over, Price: 2.4, Points: 2.5, Home Team: Vancouver Canucks, Away Team: Carolina Hurricanes
  Bookmaker: BetRivers, Over/Under: Under, Price: 1.54, Points: 2.5, Home Team: Vancouver Canucks, Away Team: Carolina Hurricanes
  Bookmaker: FanDuel, Over/Under: Over, Price: 1.55, Points: 1.5, Home Team: Vancouver Canucks, Away Team: Carolina Hurricanes
  Bookmaker: FanDuel, Over/Under: Under, Price: 2.38, Points: 1.5, Home Team: Vancouver Canucks, Away Team: Carolina Hurricanes
  Bookmaker: BetOnline.ag, Over/Under: Over, Price: 1.53, Points: 1.5, Home Team: Vancouver Canucks, Away Team: Carolina Hurricanes
  Bookmaker: BetOnline.ag, Over/Under: Under, Price: 2.43, Points: 1.5, Home Team: Vancouver Canucks, Away Team: Carolina Hurricanes
  Bookmaker: DraftKings, Over/Under: Over, Price: 1.53, Points: 1.5, Home Team: Vancouver Canucks, Away Team: Carolina Hurricanes
  Bookmaker: DraftKings, Over/Under: Under, Price: 2.45, Points: 1.5, Home Team: Vancouver Canucks, Away Team: Carolina Hurricanes
  Bookmaker: BetMGM, Over/Under: Over, Price: 1.53, Points: 1.5, Home Team: Vancouver Canucks, Away Team: Carolina Hurricanes
  Bookmaker: BetMGM, Over/Under: Under, Price: 2.4, Points: 1.5, Home Team: Vancouver Canucks, Away Team: Carolina Hurricanes
Player: Sebastian Aho
  Bookmaker: BetRivers, Over/Under: Over, Price: 1.7, Points: 2.5, Home Team: Vancouver Canucks, Away Team: Carolina Hurricanes
  Bookmaker: BetRivers, Over/Under: Under, Price: 2.1, Points: 2.5, Home Team: Vancouver Canucks, Away Team: Carolina Hurricanes
  Bookmaker: FanDuel, Over/Under: Over, Price: 1.62, Points: 2.5, Home Team: Vancouver Canucks, Away Team: Carolina Hurricanes
  Bookmaker: FanDuel, Over/Under: Under, Price: 2.22, Points: 2.5, Home Team: Vancouver Canucks, Away Team: Carolina Hurricanes
  Bookmaker: BetOnline.ag, Over/Under: Under, Price: 2.27, Points: 2.5, Home Team: Vancouver Canucks, Away Team: Carolina Hurricanes
  Bookmaker: BetOnline.ag, Over/Under: Over, Price: 1.6, Points: 2.5, Home Team: Vancouver Canucks, Away Team: Carolina Hurricanes
  Bookmaker: DraftKings, Over/Under: Over, Price: 1.6, Points: 2.5, Home Team: Vancouver Canucks, Away Team: Carolina Hurricanes
  Bookmaker: DraftKings, Over/Under: Under, Price: 2.3, Points: 2.5, Home Team: Vancouver Canucks, Away Team: Carolina Hurricanes
  Bookmaker: BetMGM, Over/Under: Over, Price: 1.54, Points: 2.5, Home Team: Vancouver Canucks, Away Team: Carolina Hurricanes
  Bookmaker: BetMGM, Over/Under: Under, Price: 2.35, Points: 2.5, Home Team: Vancouver Canucks, Away Team: Carolina Hurricanes
Player: Seth Jarvis
  Bookmaker: BetRivers, Over/Under: Over, Price: 2.2, Points: 2.5, Home Team: Vancouver Canucks, Away Team: Carolina Hurricanes
  Bookmaker: BetRivers, Over/Under: Under, Price: 1.64, Points: 2.5, Home Team: Vancouver Canucks, Away Team: Carolina Hurricanes
  Bookmaker: FanDuel, Over/Under: Over, Price: 2.14, Points: 2.5, Home Team: Vancouver Canucks, Away Team: Carolina Hurricanes
  Bookmaker: FanDuel, Over/Under: Under, Price: 1.68, Points: 2.5, Home Team: Vancouver Canucks, Away Team: Carolina Hurricanes
  Bookmaker: BetOnline.ag, Over/Under: Over, Price: 2.06, Points: 2.5, Home Team: Vancouver Canucks, Away Team: Carolina Hurricanes
  Bookmaker: BetOnline.ag, Over/Under: Under, Price: 1.73, Points: 2.5, Home Team: Vancouver Canucks, Away Team: Carolina Hurricanes
  Bookmaker: DraftKings, Over/Under: Over, Price: 2.05, Points: 2.5, Home Team: Vancouver Canucks, Away Team: Carolina Hurricanes
  Bookmaker: DraftKings, Over/Under: Under, Price: 1.74, Points: 2.5, Home Team: Vancouver Canucks, Away Team: Carolina Hurricanes
  Bookmaker: BetMGM, Over/Under: Over, Price: 2.0, Points: 2.5, Home Team: Vancouver Canucks, Away Team: Carolina Hurricanes
  Bookmaker: BetMGM, Over/Under: Under, Price: 1.71, Points: 2.5, Home Team: Vancouver Canucks, Away Team: Carolina Hurricanes
Player: Martin Necas
  Bookmaker: BetRivers, Over/Under: Over, Price: 1.7, Points: 2.5, Home Team: Vancouver Canucks, Away Team: Carolina Hurricanes
  Bookmaker: BetRivers, Over/Under: Under, Price: 2.1, Points: 2.5, Home Team: Vancouver Canucks, Away Team: Carolina Hurricanes
  Bookmaker: FanDuel, Over/Under: Over, Price: 2.38, Points: 3.5, Home Team: Vancouver Canucks, Away Team: Carolina Hurricanes
  Bookmaker: FanDuel, Over/Under: Under, Price: 1.55, Points: 3.5, Home Team: Vancouver Canucks, Away Team: Carolina Hurricanes
  Bookmaker: BetOnline.ag, Over/Under: Under, Price: 2.29, Points: 2.5, Home Team: Vancouver Canucks, Away Team: Carolina Hurricanes
  Bookmaker: BetOnline.ag, Over/Under: Over, Price: 1.59, Points: 2.5, Home Team: Vancouver Canucks, Away Team: Carolina Hurricanes
  Bookmaker: DraftKings, Over/Under: Over, Price: 1.6, Points: 2.5, Home Team: Vancouver Canucks, Away Team: Carolina Hurricanes
  Bookmaker: DraftKings, Over/Under: Under, Price: 2.3, Points: 2.5, Home Team: Vancouver Canucks, Away Team: Carolina Hurricanes
  Bookmaker: BetMGM, Over/Under: Over, Price: 1.54, Points: 2.5, Home Team: Vancouver Canucks, Away Team: Carolina Hurricanes
  Bookmaker: BetMGM, Over/Under: Under, Price: 2.35, Points: 2.5, Home Team: Vancouver Canucks, Away Team: Carolina Hurricanes
Player: Andrei Svechnikov
  Bookmaker: BetRivers, Over/Under: Over, Price: 1.54, Points: 2.5, Home Team: Vancouver Canucks, Away Team: Carolina Hurricanes
  Bookmaker: BetRivers, Over/Under: Under, Price: 2.4, Points: 2.5, Home Team: Vancouver Canucks, Away Team: Carolina Hurricanes
  Bookmaker: FanDuel, Over/Under: Over, Price: 2.28, Points: 3.5, Home Team: Vancouver Canucks, Away Team: Carolina Hurricanes
  Bookmaker: FanDuel, Over/Under: Under, Price: 1.6, Points: 3.5, Home Team: Vancouver Canucks, Away Team: Carolina Hurricanes
  Bookmaker: BetOnline.ag, Over/Under: Over, Price: 2.2, Points: 3.5, Home Team: Vancouver Canucks, Away Team: Carolina Hurricanes
  Bookmaker: BetOnline.ag, Over/Under: Under, Price: 1.64, Points: 3.5, Home Team: Vancouver Canucks, Away Team: Carolina Hurricanes
  Bookmaker: DraftKings, Over/Under: Over, Price: 2.2, Points: 3.5, Home Team: Vancouver Canucks, Away Team: Carolina Hurricanes
  Bookmaker: DraftKings, Over/Under: Under, Price: 1.65, Points: 3.5, Home Team: Vancouver Canucks, Away Team: Carolina Hurricanes
  Bookmaker: BetMGM, Over/Under: Over, Price: 2.1, Points: 3.5, Home Team: Vancouver Canucks, Away Team: Carolina Hurricanes
  Bookmaker: BetMGM, Over/Under: Under, Price: 1.67, Points: 3.5, Home Team: Vancouver Canucks, Away Team: Carolina Hurricanes
Player: Brent Burns
  Bookmaker: BetRivers, Over/Under: Over, Price: 2.35, Points: 2.5, Home Team: Vancouver Canucks, Away Team: Carolina Hurricanes
  Bookmaker: BetRivers, Over/Under: Under, Price: 1.56, Points: 2.5, Home Team: Vancouver Canucks, Away Team: Carolina Hurricanes
  Bookmaker: FanDuel, Over/Under: Over, Price: 2.3, Points: 2.5, Home Team: Vancouver Canucks, Away Team: Carolina Hurricanes
  Bookmaker: FanDuel, Over/Under: Under, Price: 1.59, Points: 2.5, Home Team: Vancouver Canucks, Away Team: Carolina Hurricanes
  Bookmaker: BetOnline.ag, Over/Under: Under, Price: 1.58, Points: 2.5, Home Team: Vancouver Canucks, Away Team: Carolina Hurricanes
  Bookmaker: BetOnline.ag, Over/Under: Over, Price: 2.32, Points: 2.5, Home Team: Vancouver Canucks, Away Team: Carolina Hurricanes
  Bookmaker: DraftKings, Over/Under: Over, Price: 2.35, Points: 2.5, Home Team: Vancouver Canucks, Away Team: Carolina Hurricanes
  Bookmaker: DraftKings, Over/Under: Under, Price: 1.57, Points: 2.5, Home Team: Vancouver Canucks, Away Team: Carolina Hurricanes
  Bookmaker: BetMGM, Over/Under: Over, Price: 2.3, Points: 2.5, Home Team: Vancouver Canucks, Away Team: Carolina Hurricanes
  Bookmaker: BetMGM, Over/Under: Under, Price: 1.57, Points: 2.5, Home Team: Vancouver Canucks, Away Team: Carolina Hurricanes
Player: Conor Garland
  Bookmaker: FanDuel, Over/Under: Over, Price: 2.0, Points: 2.5, Home Team: Vancouver Canucks, Away Team: Carolina Hurricanes
  Bookmaker: FanDuel, Over/Under: Under, Price: 1.77, Points: 2.5, Home Team: Vancouver Canucks, Away Team: Carolina Hurricanes
  Bookmaker: BetOnline.ag, Over/Under: Under, Price: 1.79, Points: 2.5, Home Team: Vancouver Canucks, Away Team: Carolina Hurricanes
  Bookmaker: BetOnline.ag, Over/Under: Over, Price: 1.98, Points: 2.5, Home Team: Vancouver Canucks, Away Team: Carolina Hurricanes
  Bookmaker: DraftKings, Over/Under: Over, Price: 1.95, Points: 2.5, Home Team: Vancouver Canucks, Away Team: Carolina Hurricanes
  Bookmaker: DraftKings, Over/Under: Under, Price: 1.8, Points: 2.5, Home Team: Vancouver Canucks, Away Team: Carolina Hurricanes
  Bookmaker: BetMGM, Over/Under: Over, Price: 1.95, Points: 2.5, Home Team: Vancouver Canucks, Away Team: Carolina Hurricanes
  Bookmaker: BetMGM, Over/Under: Under, Price: 1.77, Points: 2.5, Home Team: Vancouver Canucks, Away Team: Carolina Hurricanes
Player: Shayne Gostisbehere
  Bookmaker: FanDuel, Over/Under: Over, Price: 1.53, Points: 1.5, Home Team: Vancouver Canucks, Away Team: Carolina Hurricanes
  Bookmaker: FanDuel, Over/Under: Under, Price: 2.42, Points: 1.5, Home Team: Vancouver Canucks, Away Team: Carolina Hurricanes
  Bookmaker: BetOnline.ag, Over/Under: Over, Price: 1.54, Points: 1.5, Home Team: Vancouver Canucks, Away Team: Carolina Hurricanes
  Bookmaker: BetOnline.ag, Over/Under: Under, Price: 2.4, Points: 1.5, Home Team: Vancouver Canucks, Away Team: Carolina Hurricanes
  Bookmaker: DraftKings, Over/Under: Over, Price: 1.56, Points: 1.5, Home Team: Vancouver Canucks, Away Team: Carolina Hurricanes
  Bookmaker: DraftKings, Over/Under: Under, Price: 2.4, Points: 1.5, Home Team: Vancouver Canucks, Away Team: Carolina Hurricanes
  Bookmaker: BetMGM, Over/Under: Over, Price: 1.5, Points: 1.5, Home Team: Vancouver Canucks, Away Team: Carolina Hurricanes
  Bookmaker: BetMGM, Over/Under: Under, Price: 2.45, Points: 1.5, Home Team: Vancouver Canucks, Away Team: Carolina Hurricanes
Player: Tyler Myers
  Bookmaker: FanDuel, Over/Under: Over, Price: 1.8, Points: 1.5, Home Team: Vancouver Canucks, Away Team: Carolina Hurricanes
  Bookmaker: FanDuel, Over/Under: Under, Price: 1.96, Points: 1.5, Home Team: Vancouver Canucks, Away Team: Carolina Hurricanes
  Bookmaker: BetOnline.ag, Over/Under: Under, Price: 1.98, Points: 1.5, Home Team: Vancouver Canucks, Away Team: Carolina Hurricanes
  Bookmaker: BetOnline.ag, Over/Under: Over, Price: 1.79, Points: 1.5, Home Team: Vancouver Canucks, Away Team: Carolina Hurricanes
Player: Jaccob Slavin
  Bookmaker: FanDuel, Over/Under: Over, Price: 1.74, Points: 1.5, Home Team: Vancouver Canucks, Away Team: Carolina Hurricanes
  Bookmaker: FanDuel, Over/Under: Under, Price: 2.04, Points: 1.5, Home Team: Vancouver Canucks, Away Team: Carolina Hurricanes
  Bookmaker: BetOnline.ag, Over/Under: Under, Price: 2.09, Points: 1.5, Home Team: Vancouver Canucks, Away Team: Carolina Hurricanes
  Bookmaker: BetOnline.ag, Over/Under: Over, Price: 1.71, Points: 1.5, Home Team: Vancouver Canucks, Away Team: Carolina Hurricanes
  Bookmaker: DraftKings, Over/Under: Over, Price: 1.71, Points: 1.5, Home Team: Vancouver Canucks, Away Team: Carolina Hurricanes
  Bookmaker: DraftKings, Over/Under: Under, Price: 2.1, Points: 1.5, Home Team: Vancouver Canucks, Away Team: Carolina Hurricanes
  Bookmaker: BetMGM, Over/Under: Over, Price: 1.69, Points: 1.5, Home Team: Vancouver Canucks, Away Team: Carolina Hurricanes
  Bookmaker: BetMGM, Over/Under: Under, Price: 2.05, Points: 1.5, Home Team: Vancouver Canucks, Away Team: Carolina Hurricanes
Player: Jordan Martinook
  Bookmaker: FanDuel, Over/Under: Over, Price: 1.68, Points: 1.5, Home Team: Vancouver Canucks, Away Team: Carolina Hurricanes
  Bookmaker: FanDuel, Over/Under: Under, Price: 2.12, Points: 1.5, Home Team: Vancouver Canucks, Away Team: Carolina Hurricanes
  Bookmaker: BetOnline.ag, Over/Under: Over, Price: 1.72, Points: 1.5, Home Team: Vancouver Canucks, Away Team: Carolina Hurricanes
  Bookmaker: BetOnline.ag, Over/Under: Under, Price: 2.07, Points: 1.5, Home Team: Vancouver Canucks, Away Team: Carolina Hurricanes
  Bookmaker: DraftKings, Over/Under: Over, Price: 1.74, Points: 1.5, Home Team: Vancouver Canucks, Away Team: Carolina Hurricanes
  Bookmaker: DraftKings, Over/Under: Under, Price: 2.05, Points: 1.5, Home Team: Vancouver Canucks, Away Team: Carolina Hurricanes
  Bookmaker: BetMGM, Over/Under: Over, Price: 1.71, Points: 1.5, Home Team: Vancouver Canucks, Away Team: Carolina Hurricanes
  Bookmaker: BetMGM, Over/Under: Under, Price: 2.0, Points: 1.5, Home Team: Vancouver Canucks, Away Team: Carolina Hurricanes
Used requests: 134
Remaining requests: 366
/Users/alexmann/Library/Python/3.9/lib/python/site-packages/urllib3/__init__.py:35: NotOpenSSLWarning: urllib3 v2 only supports OpenSSL 1.1.1+, currently the 'ssl' module is compiled with 'LibreSSL 2.8.3'. See: https://github.com/urllib3/urllib3/issues/3020
  warnings.warn(
Fetching and storing player data with weights: x_10 = 5, x_2024 = 3, x_2023 = 2, x_2022 = 1
No valid game log data available for player ID: 8484387 before date 2024-10-23 for season 20232024.
No valid game log data available for player ID: 8484387 before date 2024-10-23 for season 20222023.
Matvei Michkov has less than 60 GP.
No valid game log data available for player ID: 8484387 before date 2024-10-23 for season 20232024.
No valid game log data available for player ID: 8484387 before date 2024-10-23 for season 20222023.
Matvei Michkov has less than 60 GP.
No valid game log data available for player ID: 8482702 before date 2024-10-24 for season 20222023.
Logan Stankoven has less than 60 GP.
No valid game log data available for player ID: 8482702 before date 2024-10-24 for season 20222023.
Logan Stankoven has less than 60 GP.
No valid game log data available for player ID: 8484144 before date 2024-10-25 for season 20222023.
No valid game log data available for player ID: 8484144 before date 2024-10-25 for season 20222023.
No valid game log data available for player ID: 8483445 before date 2024-10-26 for season 20222023.
Cutter Gauthier has less than 60 GP.
No valid game log data available for player ID: 8483445 before date 2024-10-26 for season 20222023.
Cutter Gauthier has less than 60 GP.
Max Pacioretty has less than 60 GP.
Max Pacioretty has less than 60 GP.
No valid game log data available for player ID: 8482702 before date 2024-10-26 for season 20222023.
Logan Stankoven has less than 60 GP.
No valid game log data available for player ID: 8482702 before date 2024-10-26 for season 20222023.
Logan Stankoven has less than 60 GP.
No valid game log data available for player ID: 8484166 before date 2024-10-26 for season 20222023.
Adam Fantilli has less than 60 GP.
No valid game log data available for player ID: 8484166 before date 2024-10-26 for season 20222023.
Adam Fantilli has less than 60 GP.
No valid game log data available for player ID: 8483445 before date 2024-10-27 for season 20222023.
Cutter Gauthier has less than 60 GP.
No valid game log data available for player ID: 8483445 before date 2024-10-27 for season 20222023.
Cutter Gauthier has less than 60 GP.
No valid game log data available for player ID: 8484387 before date 2024-10-27 for season 20232024.
No valid game log data available for player ID: 8484387 before date 2024-10-27 for season 20222023.
Matvei Michkov has less than 60 GP.
No valid game log data available for player ID: 8484387 before date 2024-10-27 for season 20232024.
No valid game log data available for player ID: 8484387 before date 2024-10-27 for season 20222023.
Matvei Michkov has less than 60 GP.
Jamie Drysdale has less than 60 GP.
Jamie Drysdale has less than 60 GP.
Player: Dylan Cozens, date: 2024-10-28, Over 2.5, Price: 2.1, Kelly Bet: 0.54%
Player: JJ Peterka, date: 2024-10-28, Under 2.5, Price: 2.08, Kelly Bet: 2.90%
Player: Rasmus Dahlin, date: 2024-10-28, Over 2.5, Price: 1.97, Kelly Bet: 0.75%
Player: Alex Tuch, date: 2024-10-28, Under 2.5, Price: 2.0, Kelly Bet: 0.53%
Player: Sam Bennett, date: 2024-10-28, Under 2.5, Price: 2.04, Kelly Bet: 0.53%
Player: Anton Lundell, date: 2024-10-28, Under 2.5, Price: 1.69, Kelly Bet: 2.43%
Player: Sam Reinhart, date: 2024-10-28, Under 2.5, Price: 2.25, Kelly Bet: 1.04%
Player: Matthew Tkachuk, date: 2024-10-28, Over 3.5, Price: 2.12, Kelly Bet: 0.81%
Player: Evan Rodrigues, date: 2024-10-28, Over 1.5, Price: 1.56, Kelly Bet: 2.88%
No valid game log data available for player ID: 8483468 before date 2024-10-28 for season 20222023.
Jiri Kulich has less than 60 GP.
No valid game log data available for player ID: 8483468 before date 2024-10-28 for season 20222023.
Jiri Kulich has less than 60 GP.
Player: Yegor Chinakhov, date: 2024-10-28, Under 2.5, Price: 1.76, Kelly Bet: 4.74%
No valid game log data available for player ID: 8484166 before date 2024-10-28 for season 20222023.
Adam Fantilli has less than 60 GP.
No valid game log data available for player ID: 8484166 before date 2024-10-28 for season 20222023.
Adam Fantilli has less than 60 GP.
Player: Kirill Marchenko, date: 2024-10-28, Under 2.5, Price: 1.93, Kelly Bet: 1.99%
Player: Sean Monahan, date: 2024-10-28, Under 2.5, Price: 1.68, Kelly Bet: 2.39%
Player: Zach Werenski, date: 2024-10-28, Under 2.5, Price: 2.36, Kelly Bet: 0.36%
Player: Evan Bouchard, date: 2024-10-28, Under 2.5, Price: 2.35, Kelly Bet: 4.17%
Player: Leon Draisaitl, date: 2024-10-28, Under 2.5, Price: 2.18, Kelly Bet: 0.99%
Player: Connor McDavid, date: 2024-10-28, Under 3.5, Price: 1.93, Kelly Bet: 0.10%
Player: Cole Sillinger, date: 2024-10-28, Under 2.5, Price: 1.66, Kelly Bet: 4.46%
Player: Mattias Ekholm, date: 2024-10-28, Under 2.5, Price: 1.77, Kelly Bet: 2.87%
Player: Jake Guentzel, date: 2024-10-28, Over 2.5, Price: 1.62, Kelly Bet: 3.22%
Player: Victor Hedman, date: 2024-10-28, Under 2.5, Price: 1.87, Kelly Bet: 3.32%
Player: Filip Forsberg, date: 2024-10-28, Under 4.5, Price: 1.69, Kelly Bet: 0.05%
Player: Jonathan Marchessault, date: 2024-10-28, Over 2.5, Price: 1.67, Kelly Bet: 2.13%
Player: Ryan O'Reilly, date: 2024-10-28, Over 1.5, Price: 1.62, Kelly Bet: 0.51%
Player: Nicholas Paul, date: 2024-10-28, Under 1.5, Price: 2.25, Kelly Bet: 0.86%
Player: Luke Evangelista, date: 2024-10-28, Over 1.5, Price: 1.65, Kelly Bet: 1.30%
Player: Nikolaj Ehlers, date: 2024-10-28, Under 2.5, Price: 2.25, Kelly Bet: 0.72%
Player: Josh Morrissey, date: 2024-10-28, Under 2.5, Price: 1.77, Kelly Bet: 1.10%
Player: Auston Matthews, date: 2024-10-28, Under 4.5, Price: 1.95, Kelly Bet: 0.27%
Player: Mitch Marner, date: 2024-10-28, Under 2.5, Price: 1.77, Kelly Bet: 1.13%
Player: Morgan Rielly, date: 2024-10-28, Over 2.5, Price: 2.46, Kelly Bet: 0.19%
Player: William Nylander, date: 2024-10-28, Over 3.5, Price: 2.06, Kelly Bet: 1.44%
Player: John Tavares, date: 2024-10-28, Over 3.5, Price: 2.4, Kelly Bet: 1.79%
Player: Mark Scheifele, date: 2024-10-28, Under 2.5, Price: 1.71, Kelly Bet: 2.35%
Player: Matthew Knies, date: 2024-10-28, Under 1.5, Price: 2.22, Kelly Bet: 4.28%
Player: Oliver Ekman-Larsson, date: 2024-10-28, Under 1.5, Price: 2.26, Kelly Bet: 3.25%
Player: Neal Pionk, date: 2024-10-28, Under 1.5, Price: 2.4, Kelly Bet: 1.64%
Player: Nathan MacKinnon, date: 2024-10-28, Over 4.5, Price: 1.94, Kelly Bet: 1.02%
Player: Cale Makar, date: 2024-10-28, Under 3.5, Price: 1.69, Kelly Bet: 4.21%
Player: Ross Colton, date: 2024-10-28, Under 2.5, Price: 2.35, Kelly Bet: 11.00%
Player: Casey Mittelstadt, date: 2024-10-28, Under 1.5, Price: 2.5, Kelly Bet: 4.31%
No valid game log data available for player ID: 8484144 before date 2024-10-28 for season 20222023.
No valid game log data available for player ID: 8484144 before date 2024-10-28 for season 20222023.
Player: Taylor Hall, date: 2024-10-28, Over 1.5, Price: 1.56, Kelly Bet: 1.61%
Player: Seth Jones, date: 2024-10-28, Over 2.5, Price: 2.12, Kelly Bet: 0.14%
Player: Teuvo Teravainen, date: 2024-10-28, Under 1.5, Price: 2.48, Kelly Bet: 1.08%
Player: Josh Manson, date: 2024-10-28, Under 1.5, Price: 2.2, Kelly Bet: 3.01%
Player: Nick Foligno, date: 2024-10-28, Under 1.5, Price: 2.5, Kelly Bet: 1.00%
No valid game log data available for player ID: 8483431 before date 2024-10-28 for season 20222023.
Player: Logan Cooley, date: 2024-10-28, Under 1.5, Price: 2.3, Kelly Bet: 0.74%
No valid game log data available for player ID: 8483431 before date 2024-10-28 for season 20222023.
Player: Dylan Guenther, date: 2024-10-28, Under 2.5, Price: 2.2, Kelly Bet: 3.46%
Player: Clayton Keller, date: 2024-10-28, Under 2.5, Price: 2.4, Kelly Bet: 1.18%
Player: Nick Schmaltz, date: 2024-10-28, Under 2.5, Price: 1.74, Kelly Bet: 5.55%
Player: William Eklund, date: 2024-10-28, Under 1.5, Price: 2.4, Kelly Bet: 3.56%
Player: Jake Walman, date: 2024-10-28, Under 1.5, Price: 2.5, Kelly Bet: 1.48%
Player: Tyler Toffoli, date: 2024-10-28, Over 2.5, Price: 1.88, Kelly Bet: 1.45%
Player Alex Wennberg not found in either team Utah Hockey Club (UTA) or team San Jose Sharks (SJS) roster.
Player Alex Wennberg not found in either team Utah Hockey Club (UTA) or team San Jose Sharks (SJS) roster.
Player: Mikhail Sergachev, date: 2024-10-28, Under 2.5, Price: 1.61, Kelly Bet: 8.82%
Player: Barrett Hayton, date: 2024-10-28, Under 2.5, Price: 1.83, Kelly Bet: 5.10%
Player: Mikael Granlund, date: 2024-10-28, Under 2.5, Price: 1.69, Kelly Bet: 4.46%
Player: Jack Eichel, date: 2024-10-28, Over 3.5, Price: 1.91, Kelly Bet: 2.59%
Player: Alex Pietrangelo, date: 2024-10-28, Over 1.5, Price: 1.57, Kelly Bet: 0.24%
Player: Mikael Backlund, date: 2024-10-28, Over 2.5, Price: 2.18, Kelly Bet: 1.15%
Player: Blake Coleman, date: 2024-10-28, Under 2.5, Price: 1.87, Kelly Bet: 0.75%
Player: Nazem Kadri, date: 2024-10-28, Under 3.5, Price: 1.83, Kelly Bet: 0.62%
Player: Jonathan Huberdeau, date: 2024-10-28, Under 1.5, Price: 2.15, Kelly Bet: 1.08%
Player: MacKenzie Weegar, date: 2024-10-28, Under 2.5, Price: 1.83, Kelly Bet: 0.40%
Player: Andrei Kuzmenko, date: 2024-10-28, Under 1.5, Price: 2.32, Kelly Bet: 3.06%
Player: Ivan Barbashev, date: 2024-10-28, Under 1.5, Price: 2.1, Kelly Bet: 3.18%
Player: Yegor Sharangovich, date: 2024-10-28, Under 2.5, Price: 1.65, Kelly Bet: 2.86%
Player: Pavel Dorofeyev, date: 2024-10-28, Under 2.5, Price: 1.77, Kelly Bet: 3.83%
Player: William Karlsson, date: 2024-10-28, Over 1.5, Price: 1.56, Kelly Bet: 3.55%
No valid game log data available for player ID: 8482074 before date 2024-10-28 for season 20222023.
Player: Connor Zary, date: 2024-10-28, Under 1.5, Price: 2.21, Kelly Bet: 4.37%
No valid game log data available for player ID: 8482074 before date 2024-10-28 for season 20222023.
Player: Noah Hanifin, date: 2024-10-28, Over 1.5, Price: 1.71, Kelly Bet: 0.83%
Player: Brock Boeser, date: 2024-10-28, Over 2.5, Price: 2.24, Kelly Bet: 0.31%
Player: Jake DeBrusk, date: 2024-10-28, Over 1.5, Price: 1.51, Kelly Bet: 1.03%
Player: J.T. Miller, date: 2024-10-28, Over 2.5, Price: 2.3, Kelly Bet: 0.63%
Player: Elias Pettersson, date: 2024-10-28, Over 1.5, Price: 1.55, Kelly Bet: 5.39%
Player: Sebastian Aho, date: 2024-10-28, Under 2.5, Price: 2.35, Kelly Bet: 1.54%
Player: Seth Jarvis, date: 2024-10-28, Under 2.5, Price: 1.74, Kelly Bet: 2.57%
Player: Martin Necas, date: 2024-10-28, Under 2.5, Price: 2.35, Kelly Bet: 0.40%
Player: Andrei Svechnikov, date: 2024-10-28, Under 2.5, Price: 2.4, Kelly Bet: 3.01%
Player: Brent Burns, date: 2024-10-28, Over 2.5, Price: 2.35, Kelly Bet: 0.16%
Player: Conor Garland, date: 2024-10-28, Under 2.5, Price: 1.8, Kelly Bet: 1.07%
Player: Shayne Gostisbehere, date: 2024-10-28, Under 1.5, Price: 2.45, Kelly Bet: 1.76%
Player: Tyler Myers, date: 2024-10-28, Under 1.5, Price: 1.98, Kelly Bet: 7.52%
Python interpreter: /Users/alexmann/.pyenv/versions/3.9.16/bin/python3
Fetching and storing player data with weights: x_10 = 5, x_2024 = 3, x_2023 = 2, x_2022 = 1
No valid game log data available for player ID: 8484387 before date 2024-10-23 for season 20232024.
No valid game log data available for player ID: 8484387 before date 2024-10-23 for season 20222023.
Matvei Michkov has less than 60 GP.
No valid game log data available for player ID: 8484387 before date 2024-10-23 for season 20232024.
No valid game log data available for player ID: 8484387 before date 2024-10-23 for season 20222023.
Matvei Michkov has less than 60 GP.
No valid game log data available for player ID: 8482702 before date 2024-10-24 for season 20222023.
Logan Stankoven has less than 60 GP.
No valid game log data available for player ID: 8482702 before date 2024-10-24 for season 20222023.
Logan Stankoven has less than 60 GP.
No valid game log data available for player ID: 8484144 before date 2024-10-25 for season 20222023.
No valid game log data available for player ID: 8484144 before date 2024-10-25 for season 20222023.
No valid game log data available for player ID: 8483445 before date 2024-10-26 for season 20222023.
Cutter Gauthier has less than 60 GP.
No valid game log data available for player ID: 8483445 before date 2024-10-26 for season 20222023.
Cutter Gauthier has less than 60 GP.
Max Pacioretty has less than 60 GP.
Max Pacioretty has less than 60 GP.
No valid game log data available for player ID: 8482702 before date 2024-10-26 for season 20222023.
Logan Stankoven has less than 60 GP.
No valid game log data available for player ID: 8482702 before date 2024-10-26 for season 20222023.
Logan Stankoven has less than 60 GP.
No valid game log data available for player ID: 8484166 before date 2024-10-26 for season 20222023.
Adam Fantilli has less than 60 GP.
No valid game log data available for player ID: 8484166 before date 2024-10-26 for season 20222023.
Adam Fantilli has less than 60 GP.
No valid game log data available for player ID: 8483445 before date 2024-10-27 for season 20222023.
Cutter Gauthier has less than 60 GP.
No valid game log data available for player ID: 8483445 before date 2024-10-27 for season 20222023.
Cutter Gauthier has less than 60 GP.
No valid game log data available for player ID: 8484387 before date 2024-10-27 for season 20232024.
No valid game log data available for player ID: 8484387 before date 2024-10-27 for season 20222023.
Matvei Michkov has less than 60 GP.
No valid game log data available for player ID: 8484387 before date 2024-10-27 for season 20232024.
No valid game log data available for player ID: 8484387 before date 2024-10-27 for season 20222023.
Matvei Michkov has less than 60 GP.
Jamie Drysdale has less than 60 GP.
Jamie Drysdale has less than 60 GP.
No valid game log data available for player ID: 8483468 before date 2024-10-28 for season 20222023.
Jiri Kulich has less than 60 GP.
No valid game log data available for player ID: 8483468 before date 2024-10-28 for season 20222023.
Jiri Kulich has less than 60 GP.
No valid game log data available for player ID: 8484166 before date 2024-10-28 for season 20222023.
Adam Fantilli has less than 60 GP.
No valid game log data available for player ID: 8484166 before date 2024-10-28 for season 20222023.
Adam Fantilli has less than 60 GP.
No valid game log data available for player ID: 8484144 before date 2024-10-28 for season 20222023.
No valid game log data available for player ID: 8484144 before date 2024-10-28 for season 20222023.
Player Alex Wennberg not found in either team Utah Hockey Club (UTA) or team San Jose Sharks (SJS) roster.
Player Alex Wennberg not found in either team Utah Hockey Club (UTA) or team San Jose Sharks (SJS) roster.
CSV file modelled_likelihoods_2024-10-28.csv created at /Users/alexmann/Documents/Code_Learning/nhl_fromscratch/daily_odds/modelled_likelihoods_2024-10-28.csv.
Updated Ledger:
[1, '2024-10-11', 27, '91.06', '100.00', '89.48']
[2, '2024-10-15', 68, '242.18', '89.48', '96.90']
[3, '2024-10-16', 26, '111.52', '96.90', '83.72']
[4, '2024-10-17', 74, '228.27', '83.72', '103.72']
[5, '2024-10-18', 27, '125.96', '103.72', '77.92']
[6, '2024-10-19', 92, '255.06', '77.92', '70.78']
[7, '2024-10-20', 5, '14.44', '70.78', '83.63']
[8, '2024-10-21', 7, '24.56', '83.63', '92.56']
[9, '2024-10-22', 119, '457.40', '92.56', '76.09']
Updated Ledger:
[1, '2024-10-11', 27, '91.06', '100.00', '89.48']
[2, '2024-10-15', 46, '75.72', '89.48', '89.68']
[3, '2024-10-16', 24, '88.09', '89.68', '77.24']
[4, '2024-10-17', 45, '62.52', '77.24', '80.25']
[5, '2024-10-18', 27, '79.52', '80.25', '64.91']
[6, '2024-10-19', 43, '45.81', '64.91', '64.25']
[7, '2024-10-20', 5, '13.11', '64.25', '75.91']
[8, '2024-10-21', 7, '22.30', '75.91', '84.02']
[9, '2024-10-22', 39, '48.96', '84.02', '78.99']
[10, '2024-10-23', 7, '20.05', '78.99', '76.37']
[11, '2024-10-24', 36, '68.50', '76.37', '88.73']
[12, '2024-10-25', 18, '40.38', '88.73', '105.04']
[13, '2024-10-26', 46, '87.79', '105.04', '113.67']
[14, '2024-10-27', 30, '98.46', '113.67', '120.33']
