/Users/alexmann/Library/Python/3.9/lib/python/site-packages/urllib3/__init__.py:35: NotOpenSSLWarning: urllib3 v2 only supports OpenSSL 1.1.1+, currently the 'ssl' module is compiled with 'LibreSSL 2.8.3'. See: https://github.com/urllib3/urllib3/issues/3020
  warnings.warn(
Processing Anaheim Ducks at Pittsburgh Penguins, ID: fe044d4b2228d62f28f0a0be82684e3b
Processing Boston Bruins at Carolina Hurricanes, ID: fe1c2fa4903b8f99d355628443cff605
Processing Montréal Canadiens at Washington Capitals, ID: 926fb1a0d10021e66dec1585e280204d
Processing St Louis Blues at Philadelphia Flyers, ID: 143b34bca051f9ec2579b3d895f89ff1
Processing Seattle Kraken at Toronto Maple Leafs, ID: b609b2ea2fae8c239ee0668d3e321172
Processing Edmonton Oilers at Nashville Predators, ID: f4b9a944bd539daf2181b34c0bda8833
Processing Chicago Blackhawks at San Jose Sharks, ID: f3e84e2691457fe95f0bd61309438b8c
Processing Florida Panthers at Dallas Stars, ID: 614d0746f6c0429463aef1ffeb50063a
Used requests: 154
Remaining requests: 346
/Users/alexmann/Library/Python/3.9/lib/python/site-packages/urllib3/__init__.py:35: NotOpenSSLWarning: urllib3 v2 only supports OpenSSL 1.1.1+, currently the 'ssl' module is compiled with 'LibreSSL 2.8.3'. See: https://github.com/urllib3/urllib3/issues/3020
  warnings.warn(
Fetching and storing player data with weights: x_10 = 5, x_2024 = 3, x_2023 = 2, x_2022 = 1
Using ledger: daily_ledger_scaled, model table: modelled_likelihoods
Found 214 players to model.
No valid game log data available for player ID: 8484166 before date 2024-10-30 for season 20222023.
Adam Fantilli has less than 60 GP.
No valid game log data available for player ID: 8484166 before date 2024-10-30 for season 20222023.
Adam Fantilli has less than 60 GP.
No valid game log data available for player ID: 8484958 before date 2024-10-30 for season 20232024.
No valid game log data available for player ID: 8484958 before date 2024-10-30 for season 20222023.
Maxim Tsyplakov has less than 60 GP.
No valid game log data available for player ID: 8484958 before date 2024-10-30 for season 20232024.
No valid game log data available for player ID: 8484958 before date 2024-10-30 for season 20222023.
Maxim Tsyplakov has less than 60 GP.
No valid game log data available for player ID: 8482155 before date 2024-10-30 for season 20222023.
No valid game log data available for player ID: 8482155 before date 2024-10-30 for season 20222023.
Player: Anthony Beauvillier, date: 2024-10-31, Under 2.5, Price: 1.53, Kelly Bet: 0.75%
Player: Cody Glass, date: 2024-10-31, Under 1.5, Price: 2.32, Kelly Bet: 0.32%
No valid game log data available for player ID: 8483445 before date 2024-10-31 for season 20222023.
Cutter Gauthier has less than 60 GP.
No valid game log data available for player ID: 8483445 before date 2024-10-31 for season 20222023.
Cutter Gauthier has less than 60 GP.
Player: Drew O'Connor, date: 2024-10-31, Under 2.5, Price: 1.6, Kelly Bet: 6.04%
Player: Erik Karlsson, date: 2024-10-31, Under 2.5, Price: 2.1, Kelly Bet: 3.54%
Player: Evgeni Malkin, date: 2024-10-31, Under 2.5, Price: 1.91, Kelly Bet: 1.81%
Player: Frank Vatrano, date: 2024-10-31, Over 2.5, Price: 1.69, Kelly Bet: 1.83%
Player: Kris Letang, date: 2024-10-31, Under 2.5, Price: 1.74, Kelly Bet: 2.61%
Player: Lars Eller, date: 2024-10-31, Under 2.5, Price: 1.56, Kelly Bet: 5.11%
No valid game log data available for player ID: 8484153 before date 2024-10-31 for season 20222023.
Player: Leo Carlsson, date: 2024-10-31, Under 1.5, Price: 2.48, Kelly Bet: 0.36%
No valid game log data available for player ID: 8484153 before date 2024-10-31 for season 20222023.
Player: Michael Bunting, date: 2024-10-31, Under 2.5, Price: 1.62, Kelly Bet: 2.40%
Player: Rickard Rakell, date: 2024-10-31, Under 2.5, Price: 2.25, Kelly Bet: 3.70%
Player: Sidney Crosby, date: 2024-10-31, Under 3.5, Price: 1.83, Kelly Bet: 3.70%
Player: Troy Terry, date: 2024-10-31, Under 2.5, Price: 1.85, Kelly Bet: 2.67%
Player: Robby Fabbri, date: 2024-10-31, Under 1.5, Price: 2.42, Kelly Bet: 8.29%
Player: Andrei Svechnikov, date: 2024-10-31, Under 3.5, Price: 1.65, Kelly Bet: 6.69%
Player: Brad Marchand, date: 2024-10-31, Over 1.5, Price: 1.53, Kelly Bet: 4.69%
Player: Charlie McAvoy, date: 2024-10-31, Over 1.5, Price: 1.98, Kelly Bet: 0.79%
Player: David Pastrnak, date: 2024-10-31, Over 3.5, Price: 1.88, Kelly Bet: 8.14%
Player: Elias Lindholm, date: 2024-10-31, Over 1.5, Price: 1.69, Kelly Bet: 4.02%
Player: Jaccob Slavin, date: 2024-10-31, Under 1.5, Price: 2.16, Kelly Bet: 0.10%
Player: Martin Necas, date: 2024-10-31, Under 2.5, Price: 2.36, Kelly Bet: 0.59%
Player: Pavel Zacha, date: 2024-10-31, Over 1.5, Price: 1.97, Kelly Bet: 2.68%
Player: Sebastian Aho, date: 2024-10-31, Under 2.5, Price: 2.38, Kelly Bet: 1.77%
Player: Seth Jarvis, date: 2024-10-31, Under 2.5, Price: 1.82, Kelly Bet: 3.65%
Player: Shayne Gostisbehere, date: 2024-10-31, Under 2.5, Price: 1.56, Kelly Bet: 5.32%
Player: Alex Ovechkin, date: 2024-10-31, Under 3.5, Price: 1.91, Kelly Bet: 0.77%
Player: Cole Caufield, date: 2024-10-31, Over 3.5, Price: 2.32, Kelly Bet: 3.39%
Player: Connor McMichael, date: 2024-10-31, Under 2.5, Price: 1.61, Kelly Bet: 8.05%
Player: Dylan Strome, date: 2024-10-31, Under 2.5, Price: 1.71, Kelly Bet: 5.29%
Player: John Carlson, date: 2024-10-31, Under 2.5, Price: 2.08, Kelly Bet: 5.97%
Player: Juraj Slafkovsky, date: 2024-10-31, Under 1.5, Price: 2.3, Kelly Bet: 1.92%
Player: Mike Matheson, date: 2024-10-31, Over 1.5, Price: 1.71, Kelly Bet: 4.04%
Player: Pierre-Luc Dubois, date: 2024-10-31, Under 2.5, Price: 1.62, Kelly Bet: 5.02%
Player: Tom Wilson, date: 2024-10-31, Under 2.5, Price: 1.91, Kelly Bet: 3.81%
Player: Aliaksei Protas, date: 2024-10-31, Under 1.5, Price: 1.93, Kelly Bet: 2.06%
Player: Jake Neighbours, date: 2024-10-31, Under 1.5, Price: 2.33, Kelly Bet: 0.86%
Player: Jordan Kyrou, date: 2024-10-31, Over 2.5, Price: 1.69, Kelly Bet: 0.71%
Player: Justin Faulk, date: 2024-10-31, Over 1.5, Price: 1.74, Kelly Bet: 2.64%
No valid game log data available for player ID: 8484387 before date 2024-10-31 for season 20232024.
No valid game log data available for player ID: 8484387 before date 2024-10-31 for season 20222023.
Matvei Michkov has less than 60 GP.
No valid game log data available for player ID: 8484387 before date 2024-10-31 for season 20232024.
No valid game log data available for player ID: 8484387 before date 2024-10-31 for season 20222023.
Matvei Michkov has less than 60 GP.
Player: Pavel Buchnevich, date: 2024-10-31, Over 1.5, Price: 1.51, Kelly Bet: 2.69%
No valid game log data available for player ID: 8476461 before date 2024-10-31 for season 20222023.
No valid game log data available for player ID: 8476461 before date 2024-10-31 for season 20222023.
Player: Travis Konecny, date: 2024-10-31, Under 3.5, Price: 1.69, Kelly Bet: 1.00%
Player: Travis Sanheim, date: 2024-10-31, Under 2.5, Price: 1.56, Kelly Bet: 6.02%
Player: Auston Matthews, date: 2024-10-31, Under 4.5, Price: 1.98, Kelly Bet: 0.89%
Player: Bobby McMann, date: 2024-10-31, Over 1.5, Price: 1.69, Kelly Bet: 1.06%
Player: Jaden Schwartz, date: 2024-10-31, Over 1.5, Price: 1.77, Kelly Bet: 0.00%
Player: Jared McCann, date: 2024-10-31, Under 2.5, Price: 2.0, Kelly Bet: 0.58%
Player: John Tavares, date: 2024-10-31, Over 3.5, Price: 2.36, Kelly Bet: 1.83%
Player: Matthew Knies, date: 2024-10-31, Under 1.5, Price: 2.35, Kelly Bet: 4.98%
Player: Max Domi, date: 2024-10-31, Under 1.5, Price: 2.06, Kelly Bet: 0.01%
Max Pacioretty has less than 60 GP.
Max Pacioretty has less than 60 GP.
Player: Mitch Marner, date: 2024-10-31, Under 2.5, Price: 1.87, Kelly Bet: 2.29%
Player: Oliver Bjorkstrand, date: 2024-10-31, Over 1.5, Price: 1.69, Kelly Bet: 4.84%
Player: Oliver Ekman-Larsson, date: 2024-10-31, Under 1.5, Price: 2.07, Kelly Bet: 1.60%
Player: William Nylander, date: 2024-10-31, Over 3.5, Price: 2.04, Kelly Bet: 1.00%
Player: Evan Bouchard, date: 2024-10-31, Under 2.5, Price: 2.25, Kelly Bet: 3.33%
Player: Filip Forsberg, date: 2024-10-31, Over 3.5, Price: 1.69, Kelly Bet: 0.31%
Player: Jeff Skinner, date: 2024-10-31, Over 2.5, Price: 1.77, Kelly Bet: 0.16%
Player: Jonathan Marchessault, date: 2024-10-31, Over 2.5, Price: 1.71, Kelly Bet: 2.65%
Player: Leon Draisaitl, date: 2024-10-31, Under 2.5, Price: 2.11, Kelly Bet: 0.56%
Player: Mattias Ekholm, date: 2024-10-31, Under 2.5, Price: 1.65, Kelly Bet: 0.59%
No valid game log data available for player ID: 8484144 before date 2024-10-31 for season 20222023.
No valid game log data available for player ID: 8484144 before date 2024-10-31 for season 20222023.
Player: Fabian Zetterlund, date: 2024-10-31, Under 2.5, Price: 2.11, Kelly Bet: 5.72%
Player: Jake Walman, date: 2024-10-31, Under 2.5, Price: 1.74, Kelly Bet: 4.68%
Player: Mikael Granlund, date: 2024-10-31, Under 2.5, Price: 1.91, Kelly Bet: 6.41%
Player: Nick Foligno, date: 2024-10-31, Under 1.5, Price: 2.41, Kelly Bet: 0.58%
Player: Teuvo Teravainen, date: 2024-10-31, Under 2.5, Price: 1.53, Kelly Bet: 3.90%
Player: Tyler Bertuzzi, date: 2024-10-31, Under 2.5, Price: 1.69, Kelly Bet: 4.80%
Player: William Eklund, date: 2024-10-31, Under 2.5, Price: 1.65, Kelly Bet: 9.80%
Python interpreter: /Users/alexmann/.pyenv/versions/3.9.16/bin/python3
Fetching and storing player data with weights: x_10 = 5, x_2024 = 3, x_2023 = 2, x_2022 = 1
Using ledger: daily_ledger_scaled, model table: modelled_likelihoods
Found 20 players to model.
No valid game log data available for player ID: 8484166 before date 2024-10-30 for season 20222023.
Adam Fantilli has less than 60 GP.
No valid game log data available for player ID: 8484166 before date 2024-10-30 for season 20222023.
Adam Fantilli has less than 60 GP.
No valid game log data available for player ID: 8484958 before date 2024-10-30 for season 20232024.
No valid game log data available for player ID: 8484958 before date 2024-10-30 for season 20222023.
Maxim Tsyplakov has less than 60 GP.
No valid game log data available for player ID: 8484958 before date 2024-10-30 for season 20232024.
No valid game log data available for player ID: 8484958 before date 2024-10-30 for season 20222023.
Maxim Tsyplakov has less than 60 GP.
No valid game log data available for player ID: 8482155 before date 2024-10-30 for season 20222023.
No valid game log data available for player ID: 8482155 before date 2024-10-30 for season 20222023.
No valid game log data available for player ID: 8483445 before date 2024-10-31 for season 20222023.
Cutter Gauthier has less than 60 GP.
No valid game log data available for player ID: 8483445 before date 2024-10-31 for season 20222023.
Cutter Gauthier has less than 60 GP.
No valid game log data available for player ID: 8484387 before date 2024-10-31 for season 20232024.
No valid game log data available for player ID: 8484387 before date 2024-10-31 for season 20222023.
Matvei Michkov has less than 60 GP.
No valid game log data available for player ID: 8484387 before date 2024-10-31 for season 20232024.
No valid game log data available for player ID: 8484387 before date 2024-10-31 for season 20222023.
Matvei Michkov has less than 60 GP.
Max Pacioretty has less than 60 GP.
Max Pacioretty has less than 60 GP.
CSV file modelled_likelihoods_2024-10-31.csv created at /Users/alexmann/Documents/Code_Learning/nhl_fromscratch/daily_odds/modelled_likelihoods_2024-10-31.csv.
WARNING: Sum of suggested bets for date 2024-10-30 is greater than bankroll.
WARNING: Scaling all suggested bets for date 2024-10-30 by 0.63 to reduce bet volume below 100%.
No game found for player 8475765 on date 2024-10-30
Updated Ledger:
[1, '2024-10-11', 27, '91.06', '100.00', '89.48']
[2, '2024-10-15', 68, '242.18', '89.48', '96.90']
[3, '2024-10-16', 26, '111.52', '96.90', '83.72']
[4, '2024-10-17', 74, '228.27', '83.72', '103.72']
[5, '2024-10-18', 27, '125.96', '103.72', '77.92']
[6, '2024-10-19', 92, '255.06', '77.92', '70.78']
[7, '2024-10-20', 5, '14.44', '70.78', '83.63']
[8, '2024-10-21', 7, '24.56', '83.63', '92.56']
[9, '2024-10-22', 119, '457.40', '92.56', '76.09']
Updated Ledger:
[1, '2024-10-11', 27, '91.06', '100.00', '89.48']
[2, '2024-10-15', 46, '75.72', '89.48', '89.68']
[3, '2024-10-16', 24, '88.09', '89.68', '77.24']
[4, '2024-10-17', 45, '62.52', '77.24', '80.25']
[5, '2024-10-18', 27, '79.52', '80.25', '64.91']
[6, '2024-10-19', 43, '45.81', '64.91', '64.25']
[7, '2024-10-20', 5, '13.11', '64.25', '75.91']
[8, '2024-10-21', 7, '22.30', '75.91', '84.02']
[9, '2024-10-22', 39, '48.96', '84.02', '78.99']
[10, '2024-10-23', 7, '20.05', '78.99', '76.37']
[11, '2024-10-24', 36, '68.50', '76.37', '88.73']
[12, '2024-10-25', 18, '40.38', '88.73', '105.04']
[13, '2024-10-26', 46, '87.79', '105.04', '113.67']
[14, '2024-10-27', 30, '98.46', '113.67', '120.33']
[15, '2024-10-28', 39, '105.53', '120.33', '114.69']
[16, '2024-10-29', 26, '107.34', '114.69', '135.76']
[17, '2024-10-30', 43, '127.44', '135.76', '137.08']
