/Users/alexmann/Library/Python/3.9/lib/python/site-packages/urllib3/__init__.py:35: NotOpenSSLWarning: urllib3 v2 only supports OpenSSL 1.1.1+, currently the 'ssl' module is compiled with 'LibreSSL 2.8.3'. See: https://github.com/urllib3/urllib3/issues/3020
  warnings.warn(
Processing Boston Bruins at Toronto Maple Leafs, ID: 9ad82f60776bebc088bdf444444c1827
Processing Ottawa Senators at Buffalo Sabres, ID: d8bd0da1851ffcaf37cdf000f05c8c9c
Processing Calgary Flames at Montréal Canadiens, ID: 5582e3406d4f3faf0b99362c47ee39d8
Processing Philadelphia Flyers at Carolina Hurricanes, ID: c9a4220dcc8b92a45a4c99e63308f6ee
Processing Pittsburgh Penguins at New York Islanders, ID: 777e494f93aec8705a6510b78ff300fb
Processing Los Angeles Kings at Minnesota Wild, ID: 5593d33d8b0375e5284021c63ef7d504
Processing Tampa Bay Lightning at St Louis Blues, ID: 2b8a526f6728418f4af260a36ff3f716
Processing Utah Hockey Club at Winnipeg Jets, ID: 17dc54544c043a262702e02127b21e76
Processing Seattle Kraken at Colorado Avalanche, ID: bf94478e26c7827ea5b390db7d55e8d8
Processing Vancouver Canucks at Anaheim Ducks, ID: f290619ed1d0e26020e9e5059ff16804
Processing Columbus Blue Jackets at San Jose Sharks, ID: fbe12432bf0f366d1c35c962a0e6215f
Player: Adam Fantilli
  Bookmaker: DraftKings, Over/Under: Over, Price: 1.95, Points: 2.5, Home Team: San Jose Sharks, Away Team: Columbus Blue Jackets
  Bookmaker: DraftKings, Over/Under: Under, Price: 1.8, Points: 2.5, Home Team: San Jose Sharks, Away Team: Columbus Blue Jackets
  Bookmaker: BetOnline.ag, Over/Under: Under, Price: 1.79, Points: 2.5, Home Team: San Jose Sharks, Away Team: Columbus Blue Jackets
  Bookmaker: BetOnline.ag, Over/Under: Over, Price: 1.98, Points: 2.5, Home Team: San Jose Sharks, Away Team: Columbus Blue Jackets
  Bookmaker: BetMGM, Over/Under: Over, Price: 1.95, Points: 2.5, Home Team: San Jose Sharks, Away Team: Columbus Blue Jackets
  Bookmaker: BetMGM, Over/Under: Under, Price: 1.77, Points: 2.5, Home Team: San Jose Sharks, Away Team: Columbus Blue Jackets
Player: Cole Sillinger
  Bookmaker: DraftKings, Over/Under: Over, Price: 2.05, Points: 2.5, Home Team: San Jose Sharks, Away Team: Columbus Blue Jackets
  Bookmaker: DraftKings, Over/Under: Under, Price: 1.74, Points: 2.5, Home Team: San Jose Sharks, Away Team: Columbus Blue Jackets
  Bookmaker: BetOnline.ag, Over/Under: Under, Price: 1.73, Points: 2.5, Home Team: San Jose Sharks, Away Team: Columbus Blue Jackets
  Bookmaker: BetOnline.ag, Over/Under: Over, Price: 2.06, Points: 2.5, Home Team: San Jose Sharks, Away Team: Columbus Blue Jackets
  Bookmaker: BetMGM, Over/Under: Over, Price: 2.05, Points: 2.5, Home Team: San Jose Sharks, Away Team: Columbus Blue Jackets
  Bookmaker: BetMGM, Over/Under: Under, Price: 1.71, Points: 2.5, Home Team: San Jose Sharks, Away Team: Columbus Blue Jackets
Player: Dmitri Voronkov
  Bookmaker: DraftKings, Over/Under: Over, Price: 1.65, Points: 1.5, Home Team: San Jose Sharks, Away Team: Columbus Blue Jackets
  Bookmaker: DraftKings, Over/Under: Under, Price: 2.2, Points: 1.5, Home Team: San Jose Sharks, Away Team: Columbus Blue Jackets
  Bookmaker: BetOnline.ag, Over/Under: Over, Price: 1.61, Points: 1.5, Home Team: San Jose Sharks, Away Team: Columbus Blue Jackets
  Bookmaker: BetOnline.ag, Over/Under: Under, Price: 2.25, Points: 1.5, Home Team: San Jose Sharks, Away Team: Columbus Blue Jackets
  Bookmaker: BetMGM, Over/Under: Over, Price: 1.62, Points: 1.5, Home Team: San Jose Sharks, Away Team: Columbus Blue Jackets
  Bookmaker: BetMGM, Over/Under: Under, Price: 2.15, Points: 1.5, Home Team: San Jose Sharks, Away Team: Columbus Blue Jackets
Player: Fabian Zetterlund
  Bookmaker: DraftKings, Over/Under: Over, Price: 1.87, Points: 2.5, Home Team: San Jose Sharks, Away Team: Columbus Blue Jackets
  Bookmaker: DraftKings, Over/Under: Under, Price: 1.87, Points: 2.5, Home Team: San Jose Sharks, Away Team: Columbus Blue Jackets
  Bookmaker: BetOnline.ag, Over/Under: Over, Price: 1.9, Points: 2.5, Home Team: San Jose Sharks, Away Team: Columbus Blue Jackets
  Bookmaker: BetOnline.ag, Over/Under: Under, Price: 1.86, Points: 2.5, Home Team: San Jose Sharks, Away Team: Columbus Blue Jackets
  Bookmaker: BetMGM, Over/Under: Over, Price: 1.87, Points: 2.5, Home Team: San Jose Sharks, Away Team: Columbus Blue Jackets
  Bookmaker: BetMGM, Over/Under: Under, Price: 1.83, Points: 2.5, Home Team: San Jose Sharks, Away Team: Columbus Blue Jackets
Player: Jake Walman
  Bookmaker: DraftKings, Over/Under: Over, Price: 2.05, Points: 2.5, Home Team: San Jose Sharks, Away Team: Columbus Blue Jackets
  Bookmaker: DraftKings, Over/Under: Under, Price: 1.74, Points: 2.5, Home Team: San Jose Sharks, Away Team: Columbus Blue Jackets
  Bookmaker: BetOnline.ag, Over/Under: Under, Price: 1.73, Points: 2.5, Home Team: San Jose Sharks, Away Team: Columbus Blue Jackets
  Bookmaker: BetOnline.ag, Over/Under: Over, Price: 2.06, Points: 2.5, Home Team: San Jose Sharks, Away Team: Columbus Blue Jackets
  Bookmaker: BetMGM, Over/Under: Over, Price: 2.0, Points: 2.5, Home Team: San Jose Sharks, Away Team: Columbus Blue Jackets
  Bookmaker: BetMGM, Over/Under: Under, Price: 1.71, Points: 2.5, Home Team: San Jose Sharks, Away Team: Columbus Blue Jackets
Player: Kirill Marchenko
  Bookmaker: DraftKings, Over/Under: Over, Price: 1.95, Points: 2.5, Home Team: San Jose Sharks, Away Team: Columbus Blue Jackets
  Bookmaker: DraftKings, Over/Under: Under, Price: 1.8, Points: 2.5, Home Team: San Jose Sharks, Away Team: Columbus Blue Jackets
  Bookmaker: BetOnline.ag, Over/Under: Under, Price: 1.8, Points: 2.5, Home Team: San Jose Sharks, Away Team: Columbus Blue Jackets
  Bookmaker: BetOnline.ag, Over/Under: Over, Price: 1.97, Points: 2.5, Home Team: San Jose Sharks, Away Team: Columbus Blue Jackets
  Bookmaker: BetMGM, Over/Under: Over, Price: 1.95, Points: 2.5, Home Team: San Jose Sharks, Away Team: Columbus Blue Jackets
  Bookmaker: BetMGM, Over/Under: Under, Price: 1.77, Points: 2.5, Home Team: San Jose Sharks, Away Team: Columbus Blue Jackets
Player: Macklin Celebrini
  Bookmaker: DraftKings, Over/Under: Over, Price: 1.95, Points: 2.5, Home Team: San Jose Sharks, Away Team: Columbus Blue Jackets
  Bookmaker: DraftKings, Over/Under: Under, Price: 1.8, Points: 2.5, Home Team: San Jose Sharks, Away Team: Columbus Blue Jackets
  Bookmaker: BetMGM, Over/Under: Over, Price: 1.95, Points: 2.5, Home Team: San Jose Sharks, Away Team: Columbus Blue Jackets
  Bookmaker: BetMGM, Over/Under: Under, Price: 1.8, Points: 2.5, Home Team: San Jose Sharks, Away Team: Columbus Blue Jackets
Player: Mikael Granlund
  Bookmaker: DraftKings, Over/Under: Over, Price: 1.95, Points: 2.5, Home Team: San Jose Sharks, Away Team: Columbus Blue Jackets
  Bookmaker: DraftKings, Over/Under: Under, Price: 1.8, Points: 2.5, Home Team: San Jose Sharks, Away Team: Columbus Blue Jackets
  Bookmaker: BetOnline.ag, Over/Under: Over, Price: 1.95, Points: 2.5, Home Team: San Jose Sharks, Away Team: Columbus Blue Jackets
  Bookmaker: BetOnline.ag, Over/Under: Under, Price: 1.81, Points: 2.5, Home Team: San Jose Sharks, Away Team: Columbus Blue Jackets
  Bookmaker: BetMGM, Over/Under: Over, Price: 1.95, Points: 2.5, Home Team: San Jose Sharks, Away Team: Columbus Blue Jackets
  Bookmaker: BetMGM, Over/Under: Under, Price: 1.8, Points: 2.5, Home Team: San Jose Sharks, Away Team: Columbus Blue Jackets
Player: Sean Monahan
  Bookmaker: DraftKings, Over/Under: Over, Price: 1.95, Points: 2.5, Home Team: San Jose Sharks, Away Team: Columbus Blue Jackets
  Bookmaker: DraftKings, Over/Under: Under, Price: 1.8, Points: 2.5, Home Team: San Jose Sharks, Away Team: Columbus Blue Jackets
  Bookmaker: BetOnline.ag, Over/Under: Over, Price: 1.95, Points: 2.5, Home Team: San Jose Sharks, Away Team: Columbus Blue Jackets
  Bookmaker: BetOnline.ag, Over/Under: Under, Price: 1.81, Points: 2.5, Home Team: San Jose Sharks, Away Team: Columbus Blue Jackets
  Bookmaker: BetMGM, Over/Under: Over, Price: 1.95, Points: 2.5, Home Team: San Jose Sharks, Away Team: Columbus Blue Jackets
  Bookmaker: BetMGM, Over/Under: Under, Price: 1.8, Points: 2.5, Home Team: San Jose Sharks, Away Team: Columbus Blue Jackets
Player: Tyler Toffoli
  Bookmaker: DraftKings, Over/Under: Over, Price: 1.62, Points: 2.5, Home Team: San Jose Sharks, Away Team: Columbus Blue Jackets
  Bookmaker: DraftKings, Over/Under: Under, Price: 2.24, Points: 2.5, Home Team: San Jose Sharks, Away Team: Columbus Blue Jackets
  Bookmaker: BetOnline.ag, Over/Under: Over, Price: 1.61, Points: 2.5, Home Team: San Jose Sharks, Away Team: Columbus Blue Jackets
  Bookmaker: BetOnline.ag, Over/Under: Under, Price: 2.25, Points: 2.5, Home Team: San Jose Sharks, Away Team: Columbus Blue Jackets
  Bookmaker: BetMGM, Over/Under: Over, Price: 1.62, Points: 2.5, Home Team: San Jose Sharks, Away Team: Columbus Blue Jackets
  Bookmaker: BetMGM, Over/Under: Under, Price: 2.2, Points: 2.5, Home Team: San Jose Sharks, Away Team: Columbus Blue Jackets
Player: William Eklund
  Bookmaker: DraftKings, Over/Under: Over, Price: 2.4, Points: 2.5, Home Team: San Jose Sharks, Away Team: Columbus Blue Jackets
  Bookmaker: DraftKings, Over/Under: Under, Price: 1.56, Points: 2.5, Home Team: San Jose Sharks, Away Team: Columbus Blue Jackets
  Bookmaker: BetOnline.ag, Over/Under: Over, Price: 2.41, Points: 2.5, Home Team: San Jose Sharks, Away Team: Columbus Blue Jackets
  Bookmaker: BetOnline.ag, Over/Under: Under, Price: 1.54, Points: 2.5, Home Team: San Jose Sharks, Away Team: Columbus Blue Jackets
  Bookmaker: BetMGM, Over/Under: Over, Price: 2.35, Points: 2.5, Home Team: San Jose Sharks, Away Team: Columbus Blue Jackets
  Bookmaker: BetMGM, Over/Under: Under, Price: 1.53, Points: 2.5, Home Team: San Jose Sharks, Away Team: Columbus Blue Jackets
Player: Yegor Chinakhov
  Bookmaker: DraftKings, Over/Under: Over, Price: 2.1, Points: 2.5, Home Team: San Jose Sharks, Away Team: Columbus Blue Jackets
  Bookmaker: DraftKings, Over/Under: Under, Price: 1.71, Points: 2.5, Home Team: San Jose Sharks, Away Team: Columbus Blue Jackets
  Bookmaker: BetOnline.ag, Over/Under: Over, Price: 2.1, Points: 2.5, Home Team: San Jose Sharks, Away Team: Columbus Blue Jackets
  Bookmaker: BetOnline.ag, Over/Under: Under, Price: 1.7, Points: 2.5, Home Team: San Jose Sharks, Away Team: Columbus Blue Jackets
  Bookmaker: BetMGM, Over/Under: Over, Price: 2.1, Points: 2.5, Home Team: San Jose Sharks, Away Team: Columbus Blue Jackets
  Bookmaker: BetMGM, Over/Under: Under, Price: 1.67, Points: 2.5, Home Team: San Jose Sharks, Away Team: Columbus Blue Jackets
Player: Zach Werenski
  Bookmaker: DraftKings, Over/Under: Over, Price: 2.1, Points: 3.5, Home Team: San Jose Sharks, Away Team: Columbus Blue Jackets
  Bookmaker: DraftKings, Over/Under: Under, Price: 1.71, Points: 3.5, Home Team: San Jose Sharks, Away Team: Columbus Blue Jackets
  Bookmaker: BetOnline.ag, Over/Under: Under, Price: 1.71, Points: 3.5, Home Team: San Jose Sharks, Away Team: Columbus Blue Jackets
  Bookmaker: BetOnline.ag, Over/Under: Over, Price: 2.09, Points: 3.5, Home Team: San Jose Sharks, Away Team: Columbus Blue Jackets
  Bookmaker: BetMGM, Over/Under: Over, Price: 2.1, Points: 3.5, Home Team: San Jose Sharks, Away Team: Columbus Blue Jackets
  Bookmaker: BetMGM, Over/Under: Under, Price: 1.67, Points: 3.5, Home Team: San Jose Sharks, Away Team: Columbus Blue Jackets
Used requests: 37
Remaining requests: 463
/Users/alexmann/Library/Python/3.9/lib/python/site-packages/urllib3/__init__.py:35: NotOpenSSLWarning: urllib3 v2 only supports OpenSSL 1.1.1+, currently the 'ssl' module is compiled with 'LibreSSL 2.8.3'. See: https://github.com/urllib3/urllib3/issues/3020
  warnings.warn(
Fetching and storing player data with weights: x_10 = 5, x_2024 = 3, x_2023 = 2, x_2022 = 1
Using ledger: daily_ledger_scaled, model table: modelled_likelihoods
Found 312 players to model.
Brandt Clarke has less than 60 GP.
Brandt Clarke has less than 60 GP.
No valid game log data available for player ID: 8483468 before date 2024-11-05 for season 20222023.
Jiri Kulich has less than 60 GP.
No valid game log data available for player ID: 8483468 before date 2024-11-05 for season 20222023.
Jiri Kulich has less than 60 GP.
No valid game log data available for player ID: 8482074 before date 2024-11-05 for season 20222023.
No valid game log data available for player ID: 8482074 before date 2024-11-05 for season 20222023.
No valid game log data available for player ID: 8484387 before date 2024-11-05 for season 20232024.
No valid game log data available for player ID: 8484387 before date 2024-11-05 for season 20222023.
Matvei Michkov has less than 60 GP.
No valid game log data available for player ID: 8484387 before date 2024-11-05 for season 20232024.
No valid game log data available for player ID: 8484387 before date 2024-11-05 for season 20222023.
Matvei Michkov has less than 60 GP.
No valid game log data available for player ID: 8476461 before date 2024-11-05 for season 20222023.
No valid game log data available for player ID: 8476461 before date 2024-11-05 for season 20222023.
No valid game log data available for player ID: 8484958 before date 2024-11-05 for season 20232024.
No valid game log data available for player ID: 8484958 before date 2024-11-05 for season 20222023.
Maxim Tsyplakov has less than 60 GP.
No valid game log data available for player ID: 8484958 before date 2024-11-05 for season 20232024.
No valid game log data available for player ID: 8484958 before date 2024-11-05 for season 20222023.
Maxim Tsyplakov has less than 60 GP.
No valid game log data available for player ID: 8482155 before date 2024-11-05 for season 20222023.
No valid game log data available for player ID: 8482155 before date 2024-11-05 for season 20222023.
Brandt Clarke has less than 60 GP.
Brandt Clarke has less than 60 GP.
No valid game log data available for player ID: 8483431 before date 2024-11-05 for season 20222023.
No valid game log data available for player ID: 8483431 before date 2024-11-05 for season 20222023.
No valid game log data available for player ID: 8483445 before date 2024-11-05 for season 20222023.
Cutter Gauthier has less than 60 GP.
No valid game log data available for player ID: 8483445 before date 2024-11-05 for season 20222023.
Cutter Gauthier has less than 60 GP.
No valid game log data available for player ID: 8484153 before date 2024-11-05 for season 20222023.
No valid game log data available for player ID: 8484153 before date 2024-11-05 for season 20222023.
No valid game log data available for player ID: 8484166 before date 2024-11-05 for season 20222023.
No valid game log data available for player ID: 8484166 before date 2024-11-05 for season 20222023.
No valid game log data available for player ID: 8481716 before date 2024-11-05 for season 20222023.
No valid game log data available for player ID: 8481716 before date 2024-11-05 for season 20222023.
No valid game log data available for player ID: 8484801 before date 2024-11-05 for season 20232024.
No valid game log data available for player ID: 8484801 before date 2024-11-05 for season 20222023.
Macklin Celebrini has less than 60 GP.
No valid game log data available for player ID: 8484801 before date 2024-11-05 for season 20232024.
No valid game log data available for player ID: 8484801 before date 2024-11-05 for season 20222023.
Macklin Celebrini has less than 60 GP.
/Users/alexmann/Documents/Code_Learning/nhl_fromscratch/weight_test.py:4: DeprecationWarning: 
Pyarrow will become a required dependency of pandas in the next major release of pandas (pandas 3.0),
(to allow more performant data types, such as the Arrow string type, and better interoperability with other libraries)
but was not found to be installed on your system.
If this would cause problems for you,
please provide us feedback at https://github.com/pandas-dev/pandas/issues/54466
        
  import pandas as pd # type: ignore
/Users/alexmann/Library/Python/3.9/lib/python/site-packages/urllib3/__init__.py:35: NotOpenSSLWarning: urllib3 v2 only supports OpenSSL 1.1.1+, currently the 'ssl' module is compiled with 'LibreSSL 2.8.3'. See: https://github.com/urllib3/urllib3/issues/3020
  warnings.warn(
Python interpreter: /Library/Developer/CommandLineTools/usr/bin/python3
Created table daily_ledger_scaled_weight3
Created table modelled_likelihoods_weight3
Fetching and storing player data with weights: x_10 = 3, x_2024 = 3, x_2023 = 2, x_2022 = 1
Using ledger: daily_ledger_scaled_weight3, model table: modelled_likelihoods_weight3
Found 312 players to model.
Brandt Clarke has less than 60 GP.
Brandt Clarke has less than 60 GP.
No valid game log data available for player ID: 8483468 before date 2024-11-05 for season 20222023.
Jiri Kulich has less than 60 GP.
No valid game log data available for player ID: 8483468 before date 2024-11-05 for season 20222023.
Jiri Kulich has less than 60 GP.
No valid game log data available for player ID: 8482074 before date 2024-11-05 for season 20222023.
No valid game log data available for player ID: 8482074 before date 2024-11-05 for season 20222023.
No valid game log data available for player ID: 8484387 before date 2024-11-05 for season 20232024.
No valid game log data available for player ID: 8484387 before date 2024-11-05 for season 20222023.
Matvei Michkov has less than 60 GP.
No valid game log data available for player ID: 8484387 before date 2024-11-05 for season 20232024.
No valid game log data available for player ID: 8484387 before date 2024-11-05 for season 20222023.
Matvei Michkov has less than 60 GP.
No valid game log data available for player ID: 8476461 before date 2024-11-05 for season 20222023.
No valid game log data available for player ID: 8476461 before date 2024-11-05 for season 20222023.
No valid game log data available for player ID: 8484958 before date 2024-11-05 for season 20232024.
No valid game log data available for player ID: 8484958 before date 2024-11-05 for season 20222023.
Maxim Tsyplakov has less than 60 GP.
No valid game log data available for player ID: 8484958 before date 2024-11-05 for season 20232024.
No valid game log data available for player ID: 8484958 before date 2024-11-05 for season 20222023.
Maxim Tsyplakov has less than 60 GP.
No valid game log data available for player ID: 8482155 before date 2024-11-05 for season 20222023.
No valid game log data available for player ID: 8482155 before date 2024-11-05 for season 20222023.
Brandt Clarke has less than 60 GP.
Brandt Clarke has less than 60 GP.
No valid game log data available for player ID: 8483431 before date 2024-11-05 for season 20222023.
No valid game log data available for player ID: 8483431 before date 2024-11-05 for season 20222023.
No valid game log data available for player ID: 8483445 before date 2024-11-05 for season 20222023.
Cutter Gauthier has less than 60 GP.
No valid game log data available for player ID: 8483445 before date 2024-11-05 for season 20222023.
Cutter Gauthier has less than 60 GP.
No valid game log data available for player ID: 8484153 before date 2024-11-05 for season 20222023.
No valid game log data available for player ID: 8484153 before date 2024-11-05 for season 20222023.
No valid game log data available for player ID: 8484166 before date 2024-11-05 for season 20222023.
No valid game log data available for player ID: 8484166 before date 2024-11-05 for season 20222023.
No valid game log data available for player ID: 8481716 before date 2024-11-05 for season 20222023.
No valid game log data available for player ID: 8481716 before date 2024-11-05 for season 20222023.
No valid game log data available for player ID: 8484801 before date 2024-11-05 for season 20232024.
No valid game log data available for player ID: 8484801 before date 2024-11-05 for season 20222023.
Macklin Celebrini has less than 60 GP.
No valid game log data available for player ID: 8484801 before date 2024-11-05 for season 20232024.
No valid game log data available for player ID: 8484801 before date 2024-11-05 for season 20222023.
Macklin Celebrini has less than 60 GP.
Entire daily_ledger_scaled_weight3 table:
Empty DataFrame
Columns: [id, date, number_of_bets_suggested, dollar_value_of_bets_suggested, initial_dollar_value, final_dollar_value]
Index: []
Daily dollar amounts for daily_ledger_scaled_weight3:
Empty DataFrame
Columns: [final_dollar_value]
Index: []
Created table daily_ledger_scaled_weight4
Created table modelled_likelihoods_weight4
Fetching and storing player data with weights: x_10 = 4, x_2024 = 3, x_2023 = 2, x_2022 = 1
Using ledger: daily_ledger_scaled_weight4, model table: modelled_likelihoods_weight4
Found 312 players to model.
Brandt Clarke has less than 60 GP.
Brandt Clarke has less than 60 GP.
No valid game log data available for player ID: 8483468 before date 2024-11-05 for season 20222023.
Jiri Kulich has less than 60 GP.
No valid game log data available for player ID: 8483468 before date 2024-11-05 for season 20222023.
Jiri Kulich has less than 60 GP.
No valid game log data available for player ID: 8482074 before date 2024-11-05 for season 20222023.
No valid game log data available for player ID: 8482074 before date 2024-11-05 for season 20222023.
No valid game log data available for player ID: 8484387 before date 2024-11-05 for season 20232024.
No valid game log data available for player ID: 8484387 before date 2024-11-05 for season 20222023.
Matvei Michkov has less than 60 GP.
No valid game log data available for player ID: 8484387 before date 2024-11-05 for season 20232024.
No valid game log data available for player ID: 8484387 before date 2024-11-05 for season 20222023.
Matvei Michkov has less than 60 GP.
No valid game log data available for player ID: 8476461 before date 2024-11-05 for season 20222023.
No valid game log data available for player ID: 8476461 before date 2024-11-05 for season 20222023.
No valid game log data available for player ID: 8484958 before date 2024-11-05 for season 20232024.
No valid game log data available for player ID: 8484958 before date 2024-11-05 for season 20222023.
Maxim Tsyplakov has less than 60 GP.
No valid game log data available for player ID: 8484958 before date 2024-11-05 for season 20232024.
No valid game log data available for player ID: 8484958 before date 2024-11-05 for season 20222023.
Maxim Tsyplakov has less than 60 GP.
No valid game log data available for player ID: 8482155 before date 2024-11-05 for season 20222023.
No valid game log data available for player ID: 8482155 before date 2024-11-05 for season 20222023.
Brandt Clarke has less than 60 GP.
Brandt Clarke has less than 60 GP.
No valid game log data available for player ID: 8483431 before date 2024-11-05 for season 20222023.
No valid game log data available for player ID: 8483431 before date 2024-11-05 for season 20222023.
No valid game log data available for player ID: 8483445 before date 2024-11-05 for season 20222023.
Cutter Gauthier has less than 60 GP.
No valid game log data available for player ID: 8483445 before date 2024-11-05 for season 20222023.
Cutter Gauthier has less than 60 GP.
No valid game log data available for player ID: 8484153 before date 2024-11-05 for season 20222023.
No valid game log data available for player ID: 8484153 before date 2024-11-05 for season 20222023.
No valid game log data available for player ID: 8484166 before date 2024-11-05 for season 20222023.
No valid game log data available for player ID: 8484166 before date 2024-11-05 for season 20222023.
No valid game log data available for player ID: 8481716 before date 2024-11-05 for season 20222023.
No valid game log data available for player ID: 8481716 before date 2024-11-05 for season 20222023.
No valid game log data available for player ID: 8484801 before date 2024-11-05 for season 20232024.
No valid game log data available for player ID: 8484801 before date 2024-11-05 for season 20222023.
Macklin Celebrini has less than 60 GP.
No valid game log data available for player ID: 8484801 before date 2024-11-05 for season 20232024.
No valid game log data available for player ID: 8484801 before date 2024-11-05 for season 20222023.
Macklin Celebrini has less than 60 GP.
Entire daily_ledger_scaled_weight4 table:
Empty DataFrame
Columns: [id, date, number_of_bets_suggested, dollar_value_of_bets_suggested, initial_dollar_value, final_dollar_value]
Index: []
Daily dollar amounts for daily_ledger_scaled_weight4:
Empty DataFrame
Columns: [final_dollar_value]
Index: []
CSV file modelled_likelihoods_weight4_2024-11-05.csv created at /Users/alexmann/Documents/Code_Learning/nhl_fromscratch/daily_odds/modelled_likelihoods_weight4_2024-11-05.csv.
Created table daily_ledger_scaled
Created table modelled_likelihoods
Fetching and storing player data with weights: x_10 = 5, x_2024 = 3, x_2023 = 2, x_2022 = 1
Using ledger: daily_ledger_scaled, model table: modelled_likelihoods
Found 24 players to model.
No valid game log data available for player ID: 8483468 before date 2024-11-05 for season 20222023.
Jiri Kulich has less than 60 GP.
No valid game log data available for player ID: 8483468 before date 2024-11-05 for season 20222023.
Jiri Kulich has less than 60 GP.
No valid game log data available for player ID: 8484387 before date 2024-11-05 for season 20232024.
No valid game log data available for player ID: 8484387 before date 2024-11-05 for season 20222023.
Matvei Michkov has less than 60 GP.
No valid game log data available for player ID: 8484387 before date 2024-11-05 for season 20232024.
No valid game log data available for player ID: 8484387 before date 2024-11-05 for season 20222023.
Matvei Michkov has less than 60 GP.
No valid game log data available for player ID: 8484958 before date 2024-11-05 for season 20232024.
No valid game log data available for player ID: 8484958 before date 2024-11-05 for season 20222023.
Maxim Tsyplakov has less than 60 GP.
No valid game log data available for player ID: 8484958 before date 2024-11-05 for season 20232024.
No valid game log data available for player ID: 8484958 before date 2024-11-05 for season 20222023.
Maxim Tsyplakov has less than 60 GP.
Brandt Clarke has less than 60 GP.
Brandt Clarke has less than 60 GP.
No valid game log data available for player ID: 8483445 before date 2024-11-05 for season 20222023.
Cutter Gauthier has less than 60 GP.
No valid game log data available for player ID: 8483445 before date 2024-11-05 for season 20222023.
Cutter Gauthier has less than 60 GP.
No valid game log data available for player ID: 8484801 before date 2024-11-05 for season 20232024.
No valid game log data available for player ID: 8484801 before date 2024-11-05 for season 20222023.
Macklin Celebrini has less than 60 GP.
No valid game log data available for player ID: 8484801 before date 2024-11-05 for season 20232024.
No valid game log data available for player ID: 8484801 before date 2024-11-05 for season 20222023.
Macklin Celebrini has less than 60 GP.
Entire daily_ledger_scaled table:
Empty DataFrame
Columns: [id, date, number_of_bets_suggested, dollar_value_of_bets_suggested, initial_dollar_value, final_dollar_value]
Index: []
Daily dollar amounts for daily_ledger_scaled:
Empty DataFrame
Columns: [final_dollar_value]
Index: []
Created table daily_ledger_scaled_weight6
Created table modelled_likelihoods_weight6
Fetching and storing player data with weights: x_10 = 6, x_2024 = 3, x_2023 = 2, x_2022 = 1
Using ledger: daily_ledger_scaled_weight6, model table: modelled_likelihoods_weight6
Found 312 players to model.
Brandt Clarke has less than 60 GP.
Brandt Clarke has less than 60 GP.
No valid game log data available for player ID: 8483468 before date 2024-11-05 for season 20222023.
Jiri Kulich has less than 60 GP.
No valid game log data available for player ID: 8483468 before date 2024-11-05 for season 20222023.
Jiri Kulich has less than 60 GP.
No valid game log data available for player ID: 8482074 before date 2024-11-05 for season 20222023.
No valid game log data available for player ID: 8482074 before date 2024-11-05 for season 20222023.
No valid game log data available for player ID: 8484387 before date 2024-11-05 for season 20232024.
No valid game log data available for player ID: 8484387 before date 2024-11-05 for season 20222023.
Matvei Michkov has less than 60 GP.
No valid game log data available for player ID: 8484387 before date 2024-11-05 for season 20232024.
No valid game log data available for player ID: 8484387 before date 2024-11-05 for season 20222023.
Matvei Michkov has less than 60 GP.
No valid game log data available for player ID: 8476461 before date 2024-11-05 for season 20222023.
No valid game log data available for player ID: 8476461 before date 2024-11-05 for season 20222023.
No valid game log data available for player ID: 8484958 before date 2024-11-05 for season 20232024.
No valid game log data available for player ID: 8484958 before date 2024-11-05 for season 20222023.
Maxim Tsyplakov has less than 60 GP.
No valid game log data available for player ID: 8484958 before date 2024-11-05 for season 20232024.
No valid game log data available for player ID: 8484958 before date 2024-11-05 for season 20222023.
Maxim Tsyplakov has less than 60 GP.
No valid game log data available for player ID: 8482155 before date 2024-11-05 for season 20222023.
No valid game log data available for player ID: 8482155 before date 2024-11-05 for season 20222023.
Brandt Clarke has less than 60 GP.
Brandt Clarke has less than 60 GP.
No valid game log data available for player ID: 8483431 before date 2024-11-05 for season 20222023.
No valid game log data available for player ID: 8483431 before date 2024-11-05 for season 20222023.
No valid game log data available for player ID: 8483445 before date 2024-11-05 for season 20222023.
Cutter Gauthier has less than 60 GP.
No valid game log data available for player ID: 8483445 before date 2024-11-05 for season 20222023.
Cutter Gauthier has less than 60 GP.
No valid game log data available for player ID: 8484153 before date 2024-11-05 for season 20222023.
No valid game log data available for player ID: 8484153 before date 2024-11-05 for season 20222023.
No valid game log data available for player ID: 8484166 before date 2024-11-05 for season 20222023.
No valid game log data available for player ID: 8484166 before date 2024-11-05 for season 20222023.
No valid game log data available for player ID: 8481716 before date 2024-11-05 for season 20222023.
No valid game log data available for player ID: 8481716 before date 2024-11-05 for season 20222023.
No valid game log data available for player ID: 8484801 before date 2024-11-05 for season 20232024.
No valid game log data available for player ID: 8484801 before date 2024-11-05 for season 20222023.
Macklin Celebrini has less than 60 GP.
No valid game log data available for player ID: 8484801 before date 2024-11-05 for season 20232024.
No valid game log data available for player ID: 8484801 before date 2024-11-05 for season 20222023.
Macklin Celebrini has less than 60 GP.
Entire daily_ledger_scaled_weight6 table:
Empty DataFrame
Columns: [id, date, number_of_bets_suggested, dollar_value_of_bets_suggested, initial_dollar_value, final_dollar_value]
Index: []
Daily dollar amounts for daily_ledger_scaled_weight6:
Empty DataFrame
Columns: [final_dollar_value]
Index: []
/Users/alexmann/Documents/Code_Learning/nhl_fromscratch/opposition_test.py:4: DeprecationWarning: 
Pyarrow will become a required dependency of pandas in the next major release of pandas (pandas 3.0),
(to allow more performant data types, such as the Arrow string type, and better interoperability with other libraries)
but was not found to be installed on your system.
If this would cause problems for you,
please provide us feedback at https://github.com/pandas-dev/pandas/issues/54466
        
  import pandas as pd # type: ignore
/Users/alexmann/Library/Python/3.9/lib/python/site-packages/urllib3/__init__.py:35: NotOpenSSLWarning: urllib3 v2 only supports OpenSSL 1.1.1+, currently the 'ssl' module is compiled with 'LibreSSL 2.8.3'. See: https://github.com/urllib3/urllib3/issues/3020
  warnings.warn(
Python interpreter: /Library/Developer/CommandLineTools/usr/bin/python3
Created table daily_ledger_scaled_weight4_tenthOppositionFactor
Created table modelled_likelihoods_weight4_tenthOppositionFactor
Fetching and storing player data with weights: x_10 = 4, x_2024 = 3, x_2023 = 2, x_2022 = 1
Using ledger: daily_ledger_scaled_weight4_wQuarterOppositionFactor, model table: modelled_likelihoods_weight4_wQuarterOppositionFactor
Found 312 players to model.
Brandt Clarke has less than 60 GP.
Brandt Clarke has less than 60 GP.
No valid game log data available for player ID: 8483468 before date 2024-11-05 for season 20222023.
Jiri Kulich has less than 60 GP.
No valid game log data available for player ID: 8483468 before date 2024-11-05 for season 20222023.
Jiri Kulich has less than 60 GP.
No valid game log data available for player ID: 8482074 before date 2024-11-05 for season 20222023.
No valid game log data available for player ID: 8482074 before date 2024-11-05 for season 20222023.
No valid game log data available for player ID: 8484387 before date 2024-11-05 for season 20232024.
No valid game log data available for player ID: 8484387 before date 2024-11-05 for season 20222023.
Matvei Michkov has less than 60 GP.
No valid game log data available for player ID: 8484387 before date 2024-11-05 for season 20232024.
No valid game log data available for player ID: 8484387 before date 2024-11-05 for season 20222023.
Matvei Michkov has less than 60 GP.
No valid game log data available for player ID: 8476461 before date 2024-11-05 for season 20222023.
No valid game log data available for player ID: 8476461 before date 2024-11-05 for season 20222023.
No valid game log data available for player ID: 8484958 before date 2024-11-05 for season 20232024.
No valid game log data available for player ID: 8484958 before date 2024-11-05 for season 20222023.
Maxim Tsyplakov has less than 60 GP.
No valid game log data available for player ID: 8484958 before date 2024-11-05 for season 20232024.
No valid game log data available for player ID: 8484958 before date 2024-11-05 for season 20222023.
Maxim Tsyplakov has less than 60 GP.
No valid game log data available for player ID: 8482155 before date 2024-11-05 for season 20222023.
No valid game log data available for player ID: 8482155 before date 2024-11-05 for season 20222023.
Brandt Clarke has less than 60 GP.
Brandt Clarke has less than 60 GP.
No valid game log data available for player ID: 8483431 before date 2024-11-05 for season 20222023.
No valid game log data available for player ID: 8483431 before date 2024-11-05 for season 20222023.
No valid game log data available for player ID: 8483445 before date 2024-11-05 for season 20222023.
Cutter Gauthier has less than 60 GP.
No valid game log data available for player ID: 8483445 before date 2024-11-05 for season 20222023.
Cutter Gauthier has less than 60 GP.
No valid game log data available for player ID: 8484153 before date 2024-11-05 for season 20222023.
No valid game log data available for player ID: 8484153 before date 2024-11-05 for season 20222023.
No valid game log data available for player ID: 8484166 before date 2024-11-05 for season 20222023.
No valid game log data available for player ID: 8484166 before date 2024-11-05 for season 20222023.
No valid game log data available for player ID: 8481716 before date 2024-11-05 for season 20222023.
No valid game log data available for player ID: 8481716 before date 2024-11-05 for season 20222023.
No valid game log data available for player ID: 8484801 before date 2024-11-05 for season 20232024.
No valid game log data available for player ID: 8484801 before date 2024-11-05 for season 20222023.
Macklin Celebrini has less than 60 GP.
No valid game log data available for player ID: 8484801 before date 2024-11-05 for season 20232024.
No valid game log data available for player ID: 8484801 before date 2024-11-05 for season 20222023.
Macklin Celebrini has less than 60 GP.
Fetching and storing player data with weights: x_10 = 4, x_2024 = 3, x_2023 = 2, x_2022 = 1
Using ledger: daily_ledger_scaled_weight4_wHalfOppositionFactor, model table: modelled_likelihoods_weight4_wHalfOppositionFactor
Found 312 players to model.
Brandt Clarke has less than 60 GP.
Brandt Clarke has less than 60 GP.
No valid game log data available for player ID: 8483468 before date 2024-11-05 for season 20222023.
Jiri Kulich has less than 60 GP.
No valid game log data available for player ID: 8483468 before date 2024-11-05 for season 20222023.
Jiri Kulich has less than 60 GP.
No valid game log data available for player ID: 8482074 before date 2024-11-05 for season 20222023.
No valid game log data available for player ID: 8482074 before date 2024-11-05 for season 20222023.
No valid game log data available for player ID: 8484387 before date 2024-11-05 for season 20232024.
No valid game log data available for player ID: 8484387 before date 2024-11-05 for season 20222023.
Matvei Michkov has less than 60 GP.
No valid game log data available for player ID: 8484387 before date 2024-11-05 for season 20232024.
No valid game log data available for player ID: 8484387 before date 2024-11-05 for season 20222023.
Matvei Michkov has less than 60 GP.
No valid game log data available for player ID: 8476461 before date 2024-11-05 for season 20222023.
No valid game log data available for player ID: 8476461 before date 2024-11-05 for season 20222023.
No valid game log data available for player ID: 8484958 before date 2024-11-05 for season 20232024.
No valid game log data available for player ID: 8484958 before date 2024-11-05 for season 20222023.
Maxim Tsyplakov has less than 60 GP.
No valid game log data available for player ID: 8484958 before date 2024-11-05 for season 20232024.
No valid game log data available for player ID: 8484958 before date 2024-11-05 for season 20222023.
Maxim Tsyplakov has less than 60 GP.
No valid game log data available for player ID: 8482155 before date 2024-11-05 for season 20222023.
No valid game log data available for player ID: 8482155 before date 2024-11-05 for season 20222023.
Brandt Clarke has less than 60 GP.
Brandt Clarke has less than 60 GP.
No valid game log data available for player ID: 8483431 before date 2024-11-05 for season 20222023.
No valid game log data available for player ID: 8483431 before date 2024-11-05 for season 20222023.
No valid game log data available for player ID: 8483445 before date 2024-11-05 for season 20222023.
Cutter Gauthier has less than 60 GP.
No valid game log data available for player ID: 8483445 before date 2024-11-05 for season 20222023.
Cutter Gauthier has less than 60 GP.
No valid game log data available for player ID: 8484153 before date 2024-11-05 for season 20222023.
No valid game log data available for player ID: 8484153 before date 2024-11-05 for season 20222023.
No valid game log data available for player ID: 8484166 before date 2024-11-05 for season 20222023.
No valid game log data available for player ID: 8484166 before date 2024-11-05 for season 20222023.
No valid game log data available for player ID: 8481716 before date 2024-11-05 for season 20222023.
No valid game log data available for player ID: 8481716 before date 2024-11-05 for season 20222023.
No valid game log data available for player ID: 8484801 before date 2024-11-05 for season 20232024.
No valid game log data available for player ID: 8484801 before date 2024-11-05 for season 20222023.
Macklin Celebrini has less than 60 GP.
No valid game log data available for player ID: 8484801 before date 2024-11-05 for season 20232024.
No valid game log data available for player ID: 8484801 before date 2024-11-05 for season 20222023.
Macklin Celebrini has less than 60 GP.
Fetching and storing player data with weights: x_10 = 4, x_2024 = 3, x_2023 = 2, x_2022 = 1
Using ledger: daily_ledger_scaled_weight4_wOppositionFactor, model table: modelled_likelihoods_weight4_wOppositionFactor
Found 312 players to model.
Brandt Clarke has less than 60 GP.
Brandt Clarke has less than 60 GP.
No valid game log data available for player ID: 8483468 before date 2024-11-05 for season 20222023.
Jiri Kulich has less than 60 GP.
No valid game log data available for player ID: 8483468 before date 2024-11-05 for season 20222023.
Jiri Kulich has less than 60 GP.
No valid game log data available for player ID: 8482074 before date 2024-11-05 for season 20222023.
No valid game log data available for player ID: 8482074 before date 2024-11-05 for season 20222023.
No valid game log data available for player ID: 8484387 before date 2024-11-05 for season 20232024.
No valid game log data available for player ID: 8484387 before date 2024-11-05 for season 20222023.
Matvei Michkov has less than 60 GP.
No valid game log data available for player ID: 8484387 before date 2024-11-05 for season 20232024.
No valid game log data available for player ID: 8484387 before date 2024-11-05 for season 20222023.
Matvei Michkov has less than 60 GP.
No valid game log data available for player ID: 8476461 before date 2024-11-05 for season 20222023.
No valid game log data available for player ID: 8476461 before date 2024-11-05 for season 20222023.
No valid game log data available for player ID: 8484958 before date 2024-11-05 for season 20232024.
No valid game log data available for player ID: 8484958 before date 2024-11-05 for season 20222023.
Maxim Tsyplakov has less than 60 GP.
No valid game log data available for player ID: 8484958 before date 2024-11-05 for season 20232024.
No valid game log data available for player ID: 8484958 before date 2024-11-05 for season 20222023.
Maxim Tsyplakov has less than 60 GP.
No valid game log data available for player ID: 8482155 before date 2024-11-05 for season 20222023.
No valid game log data available for player ID: 8482155 before date 2024-11-05 for season 20222023.
Brandt Clarke has less than 60 GP.
Brandt Clarke has less than 60 GP.
No valid game log data available for player ID: 8483431 before date 2024-11-05 for season 20222023.
No valid game log data available for player ID: 8483431 before date 2024-11-05 for season 20222023.
No valid game log data available for player ID: 8483445 before date 2024-11-05 for season 20222023.
Cutter Gauthier has less than 60 GP.
No valid game log data available for player ID: 8483445 before date 2024-11-05 for season 20222023.
Cutter Gauthier has less than 60 GP.
No valid game log data available for player ID: 8484153 before date 2024-11-05 for season 20222023.
No valid game log data available for player ID: 8484153 before date 2024-11-05 for season 20222023.
No valid game log data available for player ID: 8484166 before date 2024-11-05 for season 20222023.
No valid game log data available for player ID: 8484166 before date 2024-11-05 for season 20222023.
No valid game log data available for player ID: 8481716 before date 2024-11-05 for season 20222023.
No valid game log data available for player ID: 8481716 before date 2024-11-05 for season 20222023.
No valid game log data available for player ID: 8484801 before date 2024-11-05 for season 20232024.
No valid game log data available for player ID: 8484801 before date 2024-11-05 for season 20222023.
Macklin Celebrini has less than 60 GP.
No valid game log data available for player ID: 8484801 before date 2024-11-05 for season 20232024.
No valid game log data available for player ID: 8484801 before date 2024-11-05 for season 20222023.
Macklin Celebrini has less than 60 GP.
Fetching and storing player data with weights: x_10 = 4, x_2024 = 3, x_2023 = 2, x_2022 = 1
Using ledger: daily_ledger_scaled_weight4_tenthOppositionFactor, model table: modelled_likelihoods_weight4_tenthOppositionFactor
Found 312 players to model.
Brandt Clarke has less than 60 GP.
Brandt Clarke has less than 60 GP.
No valid game log data available for player ID: 8483468 before date 2024-11-05 for season 20222023.
Jiri Kulich has less than 60 GP.
No valid game log data available for player ID: 8483468 before date 2024-11-05 for season 20222023.
Jiri Kulich has less than 60 GP.
No valid game log data available for player ID: 8482074 before date 2024-11-05 for season 20222023.
No valid game log data available for player ID: 8482074 before date 2024-11-05 for season 20222023.
No valid game log data available for player ID: 8484387 before date 2024-11-05 for season 20232024.
No valid game log data available for player ID: 8484387 before date 2024-11-05 for season 20222023.
Matvei Michkov has less than 60 GP.
No valid game log data available for player ID: 8484387 before date 2024-11-05 for season 20232024.
No valid game log data available for player ID: 8484387 before date 2024-11-05 for season 20222023.
Matvei Michkov has less than 60 GP.
No valid game log data available for player ID: 8476461 before date 2024-11-05 for season 20222023.
No valid game log data available for player ID: 8476461 before date 2024-11-05 for season 20222023.
No valid game log data available for player ID: 8484958 before date 2024-11-05 for season 20232024.
No valid game log data available for player ID: 8484958 before date 2024-11-05 for season 20222023.
Maxim Tsyplakov has less than 60 GP.
No valid game log data available for player ID: 8484958 before date 2024-11-05 for season 20232024.
No valid game log data available for player ID: 8484958 before date 2024-11-05 for season 20222023.
Maxim Tsyplakov has less than 60 GP.
No valid game log data available for player ID: 8482155 before date 2024-11-05 for season 20222023.
No valid game log data available for player ID: 8482155 before date 2024-11-05 for season 20222023.
Brandt Clarke has less than 60 GP.
Brandt Clarke has less than 60 GP.
No valid game log data available for player ID: 8483431 before date 2024-11-05 for season 20222023.
No valid game log data available for player ID: 8483431 before date 2024-11-05 for season 20222023.
No valid game log data available for player ID: 8483445 before date 2024-11-05 for season 20222023.
Cutter Gauthier has less than 60 GP.
No valid game log data available for player ID: 8483445 before date 2024-11-05 for season 20222023.
Cutter Gauthier has less than 60 GP.
No valid game log data available for player ID: 8484153 before date 2024-11-05 for season 20222023.
No valid game log data available for player ID: 8484153 before date 2024-11-05 for season 20222023.
No valid game log data available for player ID: 8484166 before date 2024-11-05 for season 20222023.
No valid game log data available for player ID: 8484166 before date 2024-11-05 for season 20222023.
No valid game log data available for player ID: 8481716 before date 2024-11-05 for season 20222023.
No valid game log data available for player ID: 8481716 before date 2024-11-05 for season 20222023.
No valid game log data available for player ID: 8484801 before date 2024-11-05 for season 20232024.
No valid game log data available for player ID: 8484801 before date 2024-11-05 for season 20222023.
Macklin Celebrini has less than 60 GP.
No valid game log data available for player ID: 8484801 before date 2024-11-05 for season 20232024.
No valid game log data available for player ID: 8484801 before date 2024-11-05 for season 20222023.
Macklin Celebrini has less than 60 GP.
Python interpreter: /Users/alexmann/.pyenv/versions/3.9.16/bin/python3
Fetching and storing player data with weights: x_10 = 5, x_2024 = 3, x_2023 = 2, x_2022 = 1
Using ledger: daily_ledger_scaled, model table: modelled_likelihoods
Found 36 players to model.
Brandt Clarke has less than 60 GP.
Brandt Clarke has less than 60 GP.
No valid game log data available for player ID: 8483468 before date 2024-11-05 for season 20222023.
Jiri Kulich has less than 60 GP.
No valid game log data available for player ID: 8483468 before date 2024-11-05 for season 20222023.
Jiri Kulich has less than 60 GP.
No valid game log data available for player ID: 8484387 before date 2024-11-05 for season 20232024.
No valid game log data available for player ID: 8484387 before date 2024-11-05 for season 20222023.
Matvei Michkov has less than 60 GP.
No valid game log data available for player ID: 8484387 before date 2024-11-05 for season 20232024.
No valid game log data available for player ID: 8484387 before date 2024-11-05 for season 20222023.
Matvei Michkov has less than 60 GP.
No valid game log data available for player ID: 8484958 before date 2024-11-05 for season 20232024.
No valid game log data available for player ID: 8484958 before date 2024-11-05 for season 20222023.
Maxim Tsyplakov has less than 60 GP.
No valid game log data available for player ID: 8484958 before date 2024-11-05 for season 20232024.
No valid game log data available for player ID: 8484958 before date 2024-11-05 for season 20222023.
Maxim Tsyplakov has less than 60 GP.
Brandt Clarke has less than 60 GP.
Brandt Clarke has less than 60 GP.
No valid game log data available for player ID: 8483445 before date 2024-11-05 for season 20222023.
Cutter Gauthier has less than 60 GP.
No valid game log data available for player ID: 8483445 before date 2024-11-05 for season 20222023.
Cutter Gauthier has less than 60 GP.
No valid game log data available for player ID: 8484801 before date 2024-11-05 for season 20232024.
No valid game log data available for player ID: 8484801 before date 2024-11-05 for season 20222023.
Macklin Celebrini has less than 60 GP.
No valid game log data available for player ID: 8484801 before date 2024-11-05 for season 20232024.
No valid game log data available for player ID: 8484801 before date 2024-11-05 for season 20222023.
Macklin Celebrini has less than 60 GP.
CSV file modelled_likelihoods_2024-11-05.csv created at /Users/alexmann/Documents/Code_Learning/nhl_fromscratch/daily_odds/modelled_likelihoods_2024-11-05.csv.
Updated Ledger:
[1, '2024-10-11', 27, '91.06', '100.00', '89.48']
[2, '2024-10-15', 46, '75.72', '89.48', '89.68']
[3, '2024-10-16', 24, '88.09', '89.68', '77.24']
[4, '2024-10-17', 45, '62.52', '77.24', '80.25']
[5, '2024-10-18', 27, '79.52', '80.25', '64.91']
[6, '2024-10-19', 43, '45.81', '64.91', '64.25']
[7, '2024-10-20', 5, '13.11', '64.25', '75.91']
[8, '2024-10-21', 7, '22.30', '75.91', '84.02']
[9, '2024-10-22', 39, '48.96', '84.02', '78.99']
[10, '2024-10-23', 7, '20.05', '78.99', '76.37']
[11, '2024-10-24', 36, '68.50', '76.37', '88.73']
[12, '2024-10-25', 18, '40.38', '88.73', '105.04']
[13, '2024-10-26', 46, '87.79', '105.04', '113.67']
[14, '2024-10-27', 30, '98.46', '113.67', '120.33']
[15, '2024-10-28', 39, '105.53', '120.33', '114.69']
[16, '2024-10-29', 26, '107.34', '114.69', '135.76']
[17, '2024-10-30', 43, '127.44', '135.76', '137.08']
[18, '2024-10-31', 39, '129.14', '137.08', '143.85']
[19, '2024-11-01', 28, '141.94', '143.85', '127.53']
[20, '2024-11-02', 41, '101.88', '127.53', '123.89']
[21, '2024-11-03', 22, '96.50', '123.89', '132.95']
[22, '2024-11-04', 12, '44.97', '132.95', '137.24']
Updated Ledger:
[1, '2024-10-11', 24, '65.15', '100.00', '90.36']
[2, '2024-10-15', 45, '76.20', '90.36', '89.96']
[3, '2024-10-16', 22, '75.71', '89.96', '81.03']
[4, '2024-10-17', 45, '66.30', '81.03', '83.91']
[5, '2024-10-18', 24, '75.03', '83.91', '69.38']
[6, '2024-10-19', 45, '51.69', '69.38', '66.83']
[7, '2024-10-20', 5, '10.79', '66.83', '76.41']
[8, '2024-10-21', 7, '17.71', '76.41', '82.24']
[9, '2024-10-22', 39, '48.56', '82.24', '77.40']
[10, '2024-10-23', 6, '14.84', '77.40', '74.57']
[11, '2024-10-24', 37, '67.13', '74.57', '87.20']
[12, '2024-10-25', 18, '41.94', '87.20', '103.86']
[13, '2024-10-26', 45, '85.29', '103.86', '114.54']
[14, '2024-10-27', 29, '100.07', '114.54', '120.01']
[15, '2024-10-28', 39, '105.47', '120.01', '158.36']
[16, '2024-10-29', 26, '153.62', '158.36', '187.34']
[17, '2024-10-30', 45, '179.64', '187.34', '187.38']
[18, '2024-10-31', 39, '176.51', '187.38', '196.00']
[19, '2024-11-01', 40, '189.12', '196.00', '178.00']
[20, '2024-11-02', 42, '142.14', '178.00', '167.39']
[21, '2024-11-03', 24, '141.43', '167.39', '198.95']
[22, '2024-11-04', 12, '68.63', '198.95', '205.42']
