/Users/alexmann/Library/Python/3.9/lib/python/site-packages/urllib3/__init__.py:35: NotOpenSSLWarning: urllib3 v2 only supports OpenSSL 1.1.1+, currently the 'ssl' module is compiled with 'LibreSSL 2.8.3'. See: https://github.com/urllib3/urllib3/issues/3020
  warnings.warn(
Processing Florida Panthers at Dallas Stars, ID: 614d0746f6c0429463aef1ffeb50063a
Processing New York Islanders at Buffalo Sabres, ID: e2fd578a70b9d63d84eac284c70ac8a1
Processing Winnipeg Jets at Columbus Blue Jackets, ID: d2e04b2771dc0196eaf4ca53300d4960
Processing Ottawa Senators at New York Rangers, ID: 2a25c1a7df63aee84fa85fa408146382
Processing Tampa Bay Lightning at Minnesota Wild, ID: 9f36be82c26eb0e56ef46b4c30152438
Processing New Jersey Devils at Calgary Flames, ID: 6c291d555c0c1bfa9c5d1677a14b7043
Player: Jack Hughes
  Bookmaker: FanDuel, Over/Under: Over, Price: 1.76, Points: 3.5, Home Team: Calgary Flames, Away Team: New Jersey Devils
  Bookmaker: FanDuel, Over/Under: Under, Price: 2.02, Points: 3.5, Home Team: Calgary Flames, Away Team: New Jersey Devils
  Bookmaker: DraftKings, Over/Under: Over, Price: 1.87, Points: 3.5, Home Team: Calgary Flames, Away Team: New Jersey Devils
  Bookmaker: DraftKings, Over/Under: Under, Price: 1.87, Points: 3.5, Home Team: Calgary Flames, Away Team: New Jersey Devils
  Bookmaker: BetOnline.ag, Over/Under: Over, Price: 1.85, Points: 3.5, Home Team: Calgary Flames, Away Team: New Jersey Devils
  Bookmaker: BetOnline.ag, Over/Under: Under, Price: 1.91, Points: 3.5, Home Team: Calgary Flames, Away Team: New Jersey Devils
  Bookmaker: BetMGM, Over/Under: Over, Price: 1.91, Points: 3.5, Home Team: Calgary Flames, Away Team: New Jersey Devils
  Bookmaker: BetMGM, Over/Under: Under, Price: 1.83, Points: 3.5, Home Team: Calgary Flames, Away Team: New Jersey Devils
Player: Timo Meier
  Bookmaker: FanDuel, Over/Under: Over, Price: 1.61, Points: 2.5, Home Team: Calgary Flames, Away Team: New Jersey Devils
  Bookmaker: FanDuel, Over/Under: Under, Price: 2.26, Points: 2.5, Home Team: Calgary Flames, Away Team: New Jersey Devils
  Bookmaker: DraftKings, Over/Under: Over, Price: 1.65, Points: 2.5, Home Team: Calgary Flames, Away Team: New Jersey Devils
  Bookmaker: DraftKings, Over/Under: Under, Price: 2.2, Points: 2.5, Home Team: Calgary Flames, Away Team: New Jersey Devils
  Bookmaker: BetOnline.ag, Over/Under: Under, Price: 2.22, Points: 2.5, Home Team: Calgary Flames, Away Team: New Jersey Devils
  Bookmaker: BetOnline.ag, Over/Under: Over, Price: 1.63, Points: 2.5, Home Team: Calgary Flames, Away Team: New Jersey Devils
  Bookmaker: BetMGM, Over/Under: Over, Price: 1.65, Points: 2.5, Home Team: Calgary Flames, Away Team: New Jersey Devils
  Bookmaker: BetMGM, Over/Under: Under, Price: 2.15, Points: 2.5, Home Team: Calgary Flames, Away Team: New Jersey Devils
Player: Nico Hischier
  Bookmaker: FanDuel, Over/Under: Over, Price: 1.74, Points: 2.5, Home Team: Calgary Flames, Away Team: New Jersey Devils
  Bookmaker: FanDuel, Over/Under: Under, Price: 2.04, Points: 2.5, Home Team: Calgary Flames, Away Team: New Jersey Devils
  Bookmaker: DraftKings, Over/Under: Over, Price: 1.77, Points: 2.5, Home Team: Calgary Flames, Away Team: New Jersey Devils
  Bookmaker: DraftKings, Over/Under: Under, Price: 2.0, Points: 2.5, Home Team: Calgary Flames, Away Team: New Jersey Devils
  Bookmaker: BetOnline.ag, Over/Under: Over, Price: 1.76, Points: 2.5, Home Team: Calgary Flames, Away Team: New Jersey Devils
  Bookmaker: BetOnline.ag, Over/Under: Under, Price: 2.02, Points: 2.5, Home Team: Calgary Flames, Away Team: New Jersey Devils
  Bookmaker: BetMGM, Over/Under: Over, Price: 1.74, Points: 2.5, Home Team: Calgary Flames, Away Team: New Jersey Devils
  Bookmaker: BetMGM, Over/Under: Under, Price: 2.0, Points: 2.5, Home Team: Calgary Flames, Away Team: New Jersey Devils
Player: Dougie Hamilton
  Bookmaker: FanDuel, Over/Under: Over, Price: 1.59, Points: 2.5, Home Team: Calgary Flames, Away Team: New Jersey Devils
  Bookmaker: FanDuel, Over/Under: Under, Price: 2.3, Points: 2.5, Home Team: Calgary Flames, Away Team: New Jersey Devils
  Bookmaker: DraftKings, Over/Under: Over, Price: 1.62, Points: 2.5, Home Team: Calgary Flames, Away Team: New Jersey Devils
  Bookmaker: DraftKings, Over/Under: Under, Price: 2.24, Points: 2.5, Home Team: Calgary Flames, Away Team: New Jersey Devils
  Bookmaker: BetOnline.ag, Over/Under: Under, Price: 2.27, Points: 2.5, Home Team: Calgary Flames, Away Team: New Jersey Devils
  Bookmaker: BetOnline.ag, Over/Under: Over, Price: 1.6, Points: 2.5, Home Team: Calgary Flames, Away Team: New Jersey Devils
  Bookmaker: BetMGM, Over/Under: Over, Price: 1.62, Points: 2.5, Home Team: Calgary Flames, Away Team: New Jersey Devils
  Bookmaker: BetMGM, Over/Under: Under, Price: 2.2, Points: 2.5, Home Team: Calgary Flames, Away Team: New Jersey Devils
Player: Nazem Kadri
  Bookmaker: FanDuel, Over/Under: Over, Price: 2.14, Points: 3.5, Home Team: Calgary Flames, Away Team: New Jersey Devils
  Bookmaker: FanDuel, Over/Under: Under, Price: 1.68, Points: 3.5, Home Team: Calgary Flames, Away Team: New Jersey Devils
  Bookmaker: DraftKings, Over/Under: Over, Price: 2.05, Points: 3.5, Home Team: Calgary Flames, Away Team: New Jersey Devils
  Bookmaker: DraftKings, Over/Under: Under, Price: 1.74, Points: 3.5, Home Team: Calgary Flames, Away Team: New Jersey Devils
  Bookmaker: BetOnline.ag, Over/Under: Over, Price: 2.07, Points: 3.5, Home Team: Calgary Flames, Away Team: New Jersey Devils
  Bookmaker: BetOnline.ag, Over/Under: Under, Price: 1.72, Points: 3.5, Home Team: Calgary Flames, Away Team: New Jersey Devils
  Bookmaker: BetMGM, Over/Under: Over, Price: 2.0, Points: 3.5, Home Team: Calgary Flames, Away Team: New Jersey Devils
  Bookmaker: BetMGM, Over/Under: Under, Price: 1.71, Points: 3.5, Home Team: Calgary Flames, Away Team: New Jersey Devils
Player: Jesper Bratt
  Bookmaker: FanDuel, Over/Under: Over, Price: 1.85, Points: 2.5, Home Team: Calgary Flames, Away Team: New Jersey Devils
  Bookmaker: FanDuel, Over/Under: Under, Price: 1.91, Points: 2.5, Home Team: Calgary Flames, Away Team: New Jersey Devils
  Bookmaker: DraftKings, Over/Under: Over, Price: 1.83, Points: 2.5, Home Team: Calgary Flames, Away Team: New Jersey Devils
  Bookmaker: DraftKings, Over/Under: Under, Price: 1.91, Points: 2.5, Home Team: Calgary Flames, Away Team: New Jersey Devils
  Bookmaker: BetOnline.ag, Over/Under: Over, Price: 1.85, Points: 2.5, Home Team: Calgary Flames, Away Team: New Jersey Devils
  Bookmaker: BetOnline.ag, Over/Under: Under, Price: 1.91, Points: 2.5, Home Team: Calgary Flames, Away Team: New Jersey Devils
  Bookmaker: BetMGM, Over/Under: Over, Price: 1.87, Points: 2.5, Home Team: Calgary Flames, Away Team: New Jersey Devils
  Bookmaker: BetMGM, Over/Under: Under, Price: 1.87, Points: 2.5, Home Team: Calgary Flames, Away Team: New Jersey Devils
Player: Rasmus Andersson
  Bookmaker: FanDuel, Over/Under: Over, Price: 1.57, Points: 1.5, Home Team: Calgary Flames, Away Team: New Jersey Devils
  Bookmaker: FanDuel, Over/Under: Under, Price: 2.32, Points: 1.5, Home Team: Calgary Flames, Away Team: New Jersey Devils
  Bookmaker: DraftKings, Over/Under: Over, Price: 1.62, Points: 1.5, Home Team: Calgary Flames, Away Team: New Jersey Devils
  Bookmaker: DraftKings, Over/Under: Under, Price: 2.24, Points: 1.5, Home Team: Calgary Flames, Away Team: New Jersey Devils
  Bookmaker: BetOnline.ag, Over/Under: Over, Price: 1.6, Points: 1.5, Home Team: Calgary Flames, Away Team: New Jersey Devils
  Bookmaker: BetOnline.ag, Over/Under: Under, Price: 2.27, Points: 1.5, Home Team: Calgary Flames, Away Team: New Jersey Devils
  Bookmaker: BetMGM, Over/Under: Over, Price: 1.62, Points: 1.5, Home Team: Calgary Flames, Away Team: New Jersey Devils
  Bookmaker: BetMGM, Over/Under: Under, Price: 2.2, Points: 1.5, Home Team: Calgary Flames, Away Team: New Jersey Devils
Player: Blake Coleman
  Bookmaker: FanDuel, Over/Under: Over, Price: 2.08, Points: 2.5, Home Team: Calgary Flames, Away Team: New Jersey Devils
  Bookmaker: FanDuel, Over/Under: Under, Price: 1.71, Points: 2.5, Home Team: Calgary Flames, Away Team: New Jersey Devils
  Bookmaker: DraftKings, Over/Under: Over, Price: 2.2, Points: 2.5, Home Team: Calgary Flames, Away Team: New Jersey Devils
  Bookmaker: DraftKings, Over/Under: Under, Price: 1.65, Points: 2.5, Home Team: Calgary Flames, Away Team: New Jersey Devils
  Bookmaker: BetOnline.ag, Over/Under: Under, Price: 1.66, Points: 2.5, Home Team: Calgary Flames, Away Team: New Jersey Devils
  Bookmaker: BetOnline.ag, Over/Under: Over, Price: 2.17, Points: 2.5, Home Team: Calgary Flames, Away Team: New Jersey Devils
  Bookmaker: BetMGM, Over/Under: Over, Price: 2.15, Points: 2.5, Home Team: Calgary Flames, Away Team: New Jersey Devils
  Bookmaker: BetMGM, Over/Under: Under, Price: 1.65, Points: 2.5, Home Team: Calgary Flames, Away Team: New Jersey Devils
Player: MacKenzie Weegar
  Bookmaker: FanDuel, Over/Under: Over, Price: 2.08, Points: 2.5, Home Team: Calgary Flames, Away Team: New Jersey Devils
  Bookmaker: FanDuel, Over/Under: Under, Price: 1.71, Points: 2.5, Home Team: Calgary Flames, Away Team: New Jersey Devils
  Bookmaker: DraftKings, Over/Under: Over, Price: 2.1, Points: 2.5, Home Team: Calgary Flames, Away Team: New Jersey Devils
  Bookmaker: DraftKings, Over/Under: Under, Price: 1.71, Points: 2.5, Home Team: Calgary Flames, Away Team: New Jersey Devils
  Bookmaker: BetOnline.ag, Over/Under: Under, Price: 1.69, Points: 2.5, Home Team: Calgary Flames, Away Team: New Jersey Devils
  Bookmaker: BetOnline.ag, Over/Under: Over, Price: 2.12, Points: 2.5, Home Team: Calgary Flames, Away Team: New Jersey Devils
  Bookmaker: BetMGM, Over/Under: Over, Price: 2.1, Points: 2.5, Home Team: Calgary Flames, Away Team: New Jersey Devils
  Bookmaker: BetMGM, Over/Under: Under, Price: 1.67, Points: 2.5, Home Team: Calgary Flames, Away Team: New Jersey Devils
Player: Mikael Backlund
  Bookmaker: FanDuel, Over/Under: Over, Price: 2.12, Points: 2.5, Home Team: Calgary Flames, Away Team: New Jersey Devils
  Bookmaker: FanDuel, Over/Under: Under, Price: 1.68, Points: 2.5, Home Team: Calgary Flames, Away Team: New Jersey Devils
  Bookmaker: DraftKings, Over/Under: Over, Price: 2.35, Points: 2.5, Home Team: Calgary Flames, Away Team: New Jersey Devils
  Bookmaker: DraftKings, Over/Under: Under, Price: 1.57, Points: 2.5, Home Team: Calgary Flames, Away Team: New Jersey Devils
  Bookmaker: BetOnline.ag, Over/Under: Under, Price: 1.59, Points: 2.5, Home Team: Calgary Flames, Away Team: New Jersey Devils
  Bookmaker: BetOnline.ag, Over/Under: Over, Price: 2.3, Points: 2.5, Home Team: Calgary Flames, Away Team: New Jersey Devils
  Bookmaker: BetMGM, Over/Under: Over, Price: 2.4, Points: 2.5, Home Team: Calgary Flames, Away Team: New Jersey Devils
  Bookmaker: BetMGM, Over/Under: Under, Price: 1.53, Points: 2.5, Home Team: Calgary Flames, Away Team: New Jersey Devils
Player: Andrei Kuzmenko
  Bookmaker: DraftKings, Over/Under: Over, Price: 1.74, Points: 1.5, Home Team: Calgary Flames, Away Team: New Jersey Devils
  Bookmaker: DraftKings, Over/Under: Under, Price: 2.05, Points: 1.5, Home Team: Calgary Flames, Away Team: New Jersey Devils
  Bookmaker: BetOnline.ag, Over/Under: Over, Price: 1.74, Points: 1.5, Home Team: Calgary Flames, Away Team: New Jersey Devils
  Bookmaker: BetOnline.ag, Over/Under: Under, Price: 2.04, Points: 1.5, Home Team: Calgary Flames, Away Team: New Jersey Devils
  Bookmaker: BetMGM, Over/Under: Over, Price: 1.71, Points: 1.5, Home Team: Calgary Flames, Away Team: New Jersey Devils
  Bookmaker: BetMGM, Over/Under: Under, Price: 2.0, Points: 1.5, Home Team: Calgary Flames, Away Team: New Jersey Devils
Player: Connor Zary
  Bookmaker: DraftKings, Over/Under: Over, Price: 1.65, Points: 1.5, Home Team: Calgary Flames, Away Team: New Jersey Devils
  Bookmaker: DraftKings, Over/Under: Under, Price: 2.2, Points: 1.5, Home Team: Calgary Flames, Away Team: New Jersey Devils
  Bookmaker: BetOnline.ag, Over/Under: Under, Price: 2.23, Points: 1.5, Home Team: Calgary Flames, Away Team: New Jersey Devils
  Bookmaker: BetOnline.ag, Over/Under: Over, Price: 1.62, Points: 1.5, Home Team: Calgary Flames, Away Team: New Jersey Devils
  Bookmaker: BetMGM, Over/Under: Over, Price: 1.62, Points: 1.5, Home Team: Calgary Flames, Away Team: New Jersey Devils
  Bookmaker: BetMGM, Over/Under: Under, Price: 2.2, Points: 1.5, Home Team: Calgary Flames, Away Team: New Jersey Devils
Player: Erik Haula
  Bookmaker: DraftKings, Over/Under: Over, Price: 1.74, Points: 1.5, Home Team: Calgary Flames, Away Team: New Jersey Devils
  Bookmaker: DraftKings, Over/Under: Under, Price: 2.05, Points: 1.5, Home Team: Calgary Flames, Away Team: New Jersey Devils
  Bookmaker: BetOnline.ag, Over/Under: Over, Price: 1.72, Points: 1.5, Home Team: Calgary Flames, Away Team: New Jersey Devils
  Bookmaker: BetOnline.ag, Over/Under: Under, Price: 2.07, Points: 1.5, Home Team: Calgary Flames, Away Team: New Jersey Devils
  Bookmaker: BetMGM, Over/Under: Over, Price: 1.71, Points: 1.5, Home Team: Calgary Flames, Away Team: New Jersey Devils
  Bookmaker: BetMGM, Over/Under: Under, Price: 2.05, Points: 1.5, Home Team: Calgary Flames, Away Team: New Jersey Devils
Player: Jonathan Huberdeau
  Bookmaker: DraftKings, Over/Under: Over, Price: 1.74, Points: 1.5, Home Team: Calgary Flames, Away Team: New Jersey Devils
  Bookmaker: DraftKings, Over/Under: Under, Price: 2.05, Points: 1.5, Home Team: Calgary Flames, Away Team: New Jersey Devils
  Bookmaker: BetOnline.ag, Over/Under: Under, Price: 2.07, Points: 1.5, Home Team: Calgary Flames, Away Team: New Jersey Devils
  Bookmaker: BetOnline.ag, Over/Under: Over, Price: 1.72, Points: 1.5, Home Team: Calgary Flames, Away Team: New Jersey Devils
  Bookmaker: BetMGM, Over/Under: Over, Price: 1.69, Points: 1.5, Home Team: Calgary Flames, Away Team: New Jersey Devils
  Bookmaker: BetMGM, Over/Under: Under, Price: 2.05, Points: 1.5, Home Team: Calgary Flames, Away Team: New Jersey Devils
Player: Yegor Sharangovich
  Bookmaker: DraftKings, Over/Under: Over, Price: 2.4, Points: 2.5, Home Team: Calgary Flames, Away Team: New Jersey Devils
  Bookmaker: DraftKings, Over/Under: Under, Price: 1.56, Points: 2.5, Home Team: Calgary Flames, Away Team: New Jersey Devils
  Bookmaker: BetOnline.ag, Over/Under: Under, Price: 1.53, Points: 2.5, Home Team: Calgary Flames, Away Team: New Jersey Devils
  Bookmaker: BetOnline.ag, Over/Under: Over, Price: 2.44, Points: 2.5, Home Team: Calgary Flames, Away Team: New Jersey Devils
  Bookmaker: BetMGM, Over/Under: Over, Price: 2.4, Points: 2.5, Home Team: Calgary Flames, Away Team: New Jersey Devils
  Bookmaker: BetMGM, Over/Under: Under, Price: 1.53, Points: 2.5, Home Team: Calgary Flames, Away Team: New Jersey Devils
Used requests: 6
Remaining requests: 494
/Users/alexmann/Library/Python/3.9/lib/python/site-packages/urllib3/__init__.py:35: NotOpenSSLWarning: urllib3 v2 only supports OpenSSL 1.1.1+, currently the 'ssl' module is compiled with 'LibreSSL 2.8.3'. See: https://github.com/urllib3/urllib3/issues/3020
  warnings.warn(
Fetching and storing player data with weights: x_10 = 5, x_2024 = 3, x_2023 = 2, x_2022 = 1
Using ledger: daily_ledger_scaled, model table: modelled_likelihoods
Found 182 players to model.
No valid game log data available for player ID: 8483445 before date 2024-10-31 for season 20222023.
Cutter Gauthier has less than 60 GP.
No valid game log data available for player ID: 8483445 before date 2024-10-31 for season 20222023.
Cutter Gauthier has less than 60 GP.
No valid game log data available for player ID: 8484387 before date 2024-10-31 for season 20232024.
No valid game log data available for player ID: 8484387 before date 2024-10-31 for season 20222023.
Matvei Michkov has less than 60 GP.
No valid game log data available for player ID: 8484387 before date 2024-10-31 for season 20232024.
No valid game log data available for player ID: 8484387 before date 2024-10-31 for season 20222023.
Matvei Michkov has less than 60 GP.
Max Pacioretty has less than 60 GP.
Max Pacioretty has less than 60 GP.
Player: Aleksander Barkov, date: 2024-11-01, Over 2.5, Price: 2.2, Kelly Bet: 1.83%
Player: Carter Verhaeghe, date: 2024-11-01, Over 2.5, Price: 1.62, Kelly Bet: 3.31%
Player: Evan Rodrigues, date: 2024-11-01, Over 1.5, Price: 1.69, Kelly Bet: 5.65%
Player: Gustav Forsling, date: 2024-11-01, Over 1.5, Price: 1.71, Kelly Bet: 2.13%
Player: Jamie Benn, date: 2024-11-01, Over 1.5, Price: 1.81, Kelly Bet: 1.90%
Player: Jason Robertson, date: 2024-11-01, Over 2.5, Price: 1.96, Kelly Bet: 2.95%
No valid game log data available for player ID: 8482702 before date 2024-11-01 for season 20222023.
Logan Stankoven has less than 60 GP.
No valid game log data available for player ID: 8482702 before date 2024-11-01 for season 20222023.
Logan Stankoven has less than 60 GP.
Player: Mason Marchment, date: 2024-11-01, Under 1.5, Price: 2.34, Kelly Bet: 0.09%
Player: Matt Duchene, date: 2024-11-01, Over 1.5, Price: 1.74, Kelly Bet: 3.30%
Player: Matthew Tkachuk, date: 2024-11-01, Over 2.5, Price: 1.57, Kelly Bet: 4.12%
Player: Miro Heiskanen, date: 2024-11-01, Over 2.5, Price: 2.44, Kelly Bet: 0.23%
Player: Roope Hintz, date: 2024-11-01, Over 1.5, Price: 1.56, Kelly Bet: 2.02%
Player: Sam Bennett, date: 2024-11-01, Over 2.5, Price: 1.98, Kelly Bet: 1.56%
Player: Wyatt Johnston, date: 2024-11-01, Under 2.5, Price: 1.91, Kelly Bet: 1.03%
Player: Alex Tuch, date: 2024-11-01, Under 2.5, Price: 1.98, Kelly Bet: 0.53%
Player: Kyle Palmieri, date: 2024-11-01, Under 2.5, Price: 2.08, Kelly Bet: 1.63%
Player: Noah Dobson, date: 2024-11-01, Under 2.5, Price: 1.77, Kelly Bet: 0.83%
Player: JJ Peterka, date: 2024-11-01, Under 2.5, Price: 2.2, Kelly Bet: 3.84%
Player: Brock Nelson, date: 2024-11-01, Over 2.5, Price: 1.77, Kelly Bet: 1.29%
Player: Anders Lee, date: 2024-11-01, Under 2.5, Price: 1.91, Kelly Bet: 0.90%
Player: Jason Zucker, date: 2024-11-01, Under 2.5, Price: 1.56, Kelly Bet: 0.06%
Player: Cole Sillinger, date: 2024-11-01, Under 2.5, Price: 1.65, Kelly Bet: 4.83%
Player: Nino Niederreiter, date: 2024-11-01, Under 2.5, Price: 1.69, Kelly Bet: 1.02%
Player: Zach Werenski, date: 2024-11-01, Under 2.5, Price: 2.37, Kelly Bet: 0.36%
Player: Josh Morrissey, date: 2024-11-01, Under 2.5, Price: 1.77, Kelly Bet: 1.18%
Player: Gabriel Vilardi, date: 2024-11-01, Under 2.5, Price: 1.83, Kelly Bet: 3.51%
Player: Cole Perfetti, date: 2024-11-01, Under 2.5, Price: 1.52, Kelly Bet: 1.68%
Player: Kyle Connor, date: 2024-11-01, Under 3.5, Price: 2.0, Kelly Bet: 2.34%
No valid game log data available for player ID: 8484166 before date 2024-11-01 for season 20222023.
Adam Fantilli has less than 60 GP.
No valid game log data available for player ID: 8484166 before date 2024-11-01 for season 20222023.
Adam Fantilli has less than 60 GP.
Player: Yegor Chinakhov, date: 2024-11-01, Under 2.5, Price: 1.78, Kelly Bet: 5.11%
Player: Kirill Marchenko, date: 2024-11-01, Under 2.5, Price: 1.91, Kelly Bet: 2.16%
Player: Mark Scheifele, date: 2024-11-01, Under 2.5, Price: 1.74, Kelly Bet: 2.86%
Player: Sean Monahan, date: 2024-11-01, Under 2.5, Price: 1.74, Kelly Bet: 2.90%
Player: Nikolaj Ehlers, date: 2024-11-01, Under 3.5, Price: 1.56, Kelly Bet: 3.45%
Player: Neal Pionk, date: 2024-11-01, Under 2.5, Price: 1.53, Kelly Bet: 4.79%
Player: Brady Tkachuk, date: 2024-11-01, Over 3.5, Price: 1.6, Kelly Bet: 0.43%
Player: Adam Fox, date: 2024-11-01, Under 1.5, Price: 2.42, Kelly Bet: 1.53%
Player: Filip Chytil, date: 2024-11-01, Under 2.5, Price: 1.76, Kelly Bet: 0.04%
Player: Tim Stützle, date: 2024-11-01, Over 2.5, Price: 2.3, Kelly Bet: 1.44%
Player: Artemi Panarin, date: 2024-11-01, Under 3.5, Price: 2.1, Kelly Bet: 2.86%
Player: Mika Zibanejad, date: 2024-11-01, Over 2.5, Price: 1.98, Kelly Bet: 0.19%
Player: Drake Batherson, date: 2024-11-01, Under 2.5, Price: 1.85, Kelly Bet: 0.63%
Player: Vincent Trocheck, date: 2024-11-01, Under 2.5, Price: 2.16, Kelly Bet: 2.24%
Player: Alexis Lafrenière, date: 2024-11-01, Under 2.5, Price: 1.95, Kelly Bet: 2.08%
Player: Jake Guentzel, date: 2024-11-01, Over 2.5, Price: 1.69, Kelly Bet: 4.70%
Player: Matt Boldy, date: 2024-11-01, Under 3.5, Price: 1.69, Kelly Bet: 1.85%
Player: Nikita Kucherov, date: 2024-11-01, Over 3.5, Price: 2.12, Kelly Bet: 1.42%
Player: Joel Eriksson Ek, date: 2024-11-01, Over 2.5, Price: 1.71, Kelly Bet: 3.97%
No valid game log data available for player ID: 8474715 before date 2024-11-01 for season 20222023.
Player: Cam Atkinson, date: 2024-11-01, Over 1.5, Price: 1.98, Kelly Bet: 8.95%
No valid game log data available for player ID: 8474715 before date 2024-11-01 for season 20222023.
Player: Kirill Kaprizov, date: 2024-11-01, Under 3.5, Price: 2.1, Kelly Bet: 0.99%
Player: Brayden Point, date: 2024-11-01, Over 2.5, Price: 2.0, Kelly Bet: 0.32%
Player: Victor Hedman, date: 2024-11-01, Under 2.5, Price: 1.74, Kelly Bet: 1.61%
Player: Jack Hughes, date: 2024-11-01, Over 3.5, Price: 1.91, Kelly Bet: 3.42%
Player: Timo Meier, date: 2024-11-01, Over 2.5, Price: 1.65, Kelly Bet: 2.35%
Player: Dougie Hamilton, date: 2024-11-01, Over 2.5, Price: 1.62, Kelly Bet: 1.35%
Player: Mikael Backlund, date: 2024-11-01, Over 2.5, Price: 2.4, Kelly Bet: 2.70%
Player: Andrei Kuzmenko, date: 2024-11-01, Under 1.5, Price: 2.05, Kelly Bet: 0.94%
No valid game log data available for player ID: 8482074 before date 2024-11-01 for season 20222023.
Player: Connor Zary, date: 2024-11-01, Under 1.5, Price: 2.23, Kelly Bet: 4.03%
No valid game log data available for player ID: 8482074 before date 2024-11-01 for season 20222023.
Player: Erik Haula, date: 2024-11-01, Over 1.5, Price: 1.74, Kelly Bet: 2.10%
Player: Jonathan Huberdeau, date: 2024-11-01, Under 1.5, Price: 2.07, Kelly Bet: 0.26%
Player: Yegor Sharangovich, date: 2024-11-01, Under 2.5, Price: 1.56, Kelly Bet: 0.47%
Python interpreter: /Users/alexmann/.pyenv/versions/3.9.16/bin/python3
Fetching and storing player data with weights: x_10 = 5, x_2024 = 3, x_2023 = 2, x_2022 = 1
Using ledger: daily_ledger_scaled, model table: modelled_likelihoods
Found 18 players to model.
No valid game log data available for player ID: 8483445 before date 2024-10-31 for season 20222023.
Cutter Gauthier has less than 60 GP.
No valid game log data available for player ID: 8483445 before date 2024-10-31 for season 20222023.
Cutter Gauthier has less than 60 GP.
No valid game log data available for player ID: 8484387 before date 2024-10-31 for season 20232024.
No valid game log data available for player ID: 8484387 before date 2024-10-31 for season 20222023.
Matvei Michkov has less than 60 GP.
No valid game log data available for player ID: 8484387 before date 2024-10-31 for season 20232024.
No valid game log data available for player ID: 8484387 before date 2024-10-31 for season 20222023.
Matvei Michkov has less than 60 GP.
Max Pacioretty has less than 60 GP.
Max Pacioretty has less than 60 GP.
No valid game log data available for player ID: 8482702 before date 2024-11-01 for season 20222023.
Logan Stankoven has less than 60 GP.
No valid game log data available for player ID: 8482702 before date 2024-11-01 for season 20222023.
Logan Stankoven has less than 60 GP.
No valid game log data available for player ID: 8484166 before date 2024-11-01 for season 20222023.
Adam Fantilli has less than 60 GP.
No valid game log data available for player ID: 8484166 before date 2024-11-01 for season 20222023.
Adam Fantilli has less than 60 GP.
CSV file modelled_likelihoods_2024-11-01.csv created at /Users/alexmann/Documents/Code_Learning/nhl_fromscratch/daily_odds/modelled_likelihoods_2024-11-01.csv.
WARNING: Sum of suggested bets for date 2024-10-31 is greater than bankroll.
WARNING: Scaling all suggested bets for date 2024-10-31 by 0.53 to reduce bet volume below 100%.
Updated Ledger:
[1, '2024-10-11', 27, '91.06', '100.00', '89.48']
[2, '2024-10-15', 68, '242.18', '89.48', '96.90']
[3, '2024-10-16', 26, '111.52', '96.90', '83.72']
[4, '2024-10-17', 74, '228.27', '83.72', '103.72']
[5, '2024-10-18', 27, '125.96', '103.72', '77.92']
[6, '2024-10-19', 92, '255.06', '77.92', '70.78']
[7, '2024-10-20', 5, '14.44', '70.78', '83.63']
[8, '2024-10-21', 7, '24.56', '83.63', '92.56']
[9, '2024-10-22', 119, '457.40', '92.56', '76.09']
Updated Ledger:
[1, '2024-10-11', 27, '91.06', '100.00', '89.48']
[2, '2024-10-15', 46, '75.72', '89.48', '89.68']
[3, '2024-10-16', 24, '88.09', '89.68', '77.24']
[4, '2024-10-17', 45, '62.52', '77.24', '80.25']
[5, '2024-10-18', 27, '79.52', '80.25', '64.91']
[6, '2024-10-19', 43, '45.81', '64.91', '64.25']
[7, '2024-10-20', 5, '13.11', '64.25', '75.91']
[8, '2024-10-21', 7, '22.30', '75.91', '84.02']
[9, '2024-10-22', 39, '48.96', '84.02', '78.99']
[10, '2024-10-23', 7, '20.05', '78.99', '76.37']
[11, '2024-10-24', 36, '68.50', '76.37', '88.73']
[12, '2024-10-25', 18, '40.38', '88.73', '105.04']
[13, '2024-10-26', 46, '87.79', '105.04', '113.67']
[14, '2024-10-27', 30, '98.46', '113.67', '120.33']
[15, '2024-10-28', 39, '105.53', '120.33', '114.69']
[16, '2024-10-29', 26, '107.34', '114.69', '135.76']
[17, '2024-10-30', 43, '127.44', '135.76', '137.08']
[18, '2024-10-31', 39, '129.14', '137.08', '143.85']
